04:41:08 DEBUG : Logs will be stored at 'C:/385/lab67redo/workaholbits/IDE.log'.
04:41:13 INFO  : Launching XSCT server: xsct.bat -n  -interactive C:\385\lab67redo\workaholbits\temp_xsdb_launch_script.tcl
04:41:13 INFO  : Platform repository initialization has completed.
04:41:13 INFO  : Registering command handlers for Vitis TCF services
04:41:18 INFO  : XSCT server has started successfully.
04:41:18 INFO  : plnx-install-location is set to ''
04:41:18 INFO  : Successfully done setting XSCT server connection channel  
04:41:18 INFO  : Successfully done query RDI_DATADIR 
04:41:18 INFO  : Successfully done setting workspace for the tool. 
04:42:41 ERROR : (XSDB Server)ERROR: [Hsi 55-1562] Source directory C:/385/lab67redo/workaholbits/bitstreamworkaholic/hw/drivers\hdmi_text_controller_v1_0/src does not exist or is not a directory.

04:42:43 INFO  : Result from executing command 'getProjects': bitstreamworkaholic
04:42:43 INFO  : Result from executing command 'getPlatforms': 
04:42:43 WARN  : An unexpected exception occurred in the module 'platform project logging'
04:42:43 INFO  : Platform 'bitstreamworkaholic' is added to custom repositories.
04:42:47 INFO  : Platform 'bitstreamworkaholic' is added to custom repositories.
04:46:15 INFO  : Result from executing command 'removePlatformRepo': 
04:46:27 INFO  : Result from executing command 'getProjects': bitstreamworkaholic
04:46:27 INFO  : Result from executing command 'getPlatforms': 
04:46:28 INFO  : Checking for BSP changes to sync application flags for project 'mbblockworkies'...
04:46:57 INFO  : Connected to target on host '127.0.0.1' and port '3121'.
04:46:57 INFO  : Jtag cable 'RealDigital Boo 8874292302F4A' is selected.
04:46:57 INFO  : 'jtag frequency' command is executed.
04:46:57 INFO  : 'targets -set -filter {jtag_cable_name =~ "RealDigital Boo 8874292302F4A" && level==0 && jtag_device_ctx=="jsn1-0362f093-0"}' command is executed.
04:46:59 INFO  : Device configured successfully with "C:/385/lab67redo/workaholbits/mbblockworkies/_ide/bitstream/bitstreamworkaholic.bit"
04:46:59 INFO  : Context for processor 'microblaze_0' is selected.
04:46:59 INFO  : Hardware design and registers information is loaded from 'C:/385/lab67redo/workaholbits/bitstreamworkaholic/export/bitstreamworkaholic/hw/bitstreamworkaholic.xsa'.
04:46:59 INFO  : 'configparams mdm-detect-bscan-mask 2' command is executed.
04:46:59 INFO  : Context for processor 'microblaze_0' is selected.
04:46:59 INFO  : System reset is completed.
04:47:02 INFO  : 'after 3000' command is executed.
04:47:02 INFO  : Context for processor 'microblaze_0' is selected.
04:47:02 INFO  : The application 'C:/385/lab67redo/workaholbits/mbblockworkies/Debug/mbblockworkies.elf' is downloaded to processor 'microblaze_0'.
04:47:02 INFO  : ----------------XSDB Script----------------
connect -url tcp:127.0.0.1:3121
targets -set -filter {jtag_cable_name =~ "RealDigital Boo 8874292302F4A" && level==0 && jtag_device_ctx=="jsn1-0362f093-0"}
fpga -file C:/385/lab67redo/workaholbits/mbblockworkies/_ide/bitstream/bitstreamworkaholic.bit
targets -set -nocase -filter {name =~ "*microblaze*#0" && bscan=="USER2" }
loadhw -hw C:/385/lab67redo/workaholbits/bitstreamworkaholic/export/bitstreamworkaholic/hw/bitstreamworkaholic.xsa -regs
configparams mdm-detect-bscan-mask 2
targets -set -nocase -filter {name =~ "*microblaze*#0" && bscan=="USER2" }
rst -system
after 3000
targets -set -nocase -filter {name =~ "*microblaze*#0" && bscan=="USER2" }
dow C:/385/lab67redo/workaholbits/mbblockworkies/Debug/mbblockworkies.elf
----------------End of Script----------------

04:47:03 INFO  : Context for processor 'microblaze_0' is selected.
04:47:03 INFO  : 'con' command is executed.
04:47:03 INFO  : ----------------XSDB Script (After Launch)----------------
targets -set -nocase -filter {name =~ "*microblaze*#0" && bscan=="USER2" }
con
----------------End of Script----------------

04:47:03 INFO  : Disconnected from the channel tcfchan#3.
05:03:22 INFO  : Connected to target on host '127.0.0.1' and port '3121'.
05:03:22 INFO  : Jtag cable 'RealDigital Boo 8874292302F4A' is selected.
05:03:22 INFO  : 'jtag frequency' command is executed.
05:03:22 INFO  : 'targets -set -filter {jtag_cable_name =~ "RealDigital Boo 8874292302F4A" && level==0 && jtag_device_ctx=="jsn1-0362f093-0"}' command is executed.
05:03:24 INFO  : Device configured successfully with "C:/385/lab67redo/workaholbits/mbblockworkies/_ide/bitstream/bitstreamworkaholic.bit"
05:03:24 INFO  : Context for processor 'microblaze_0' is selected.
05:03:24 INFO  : Hardware design and registers information is loaded from 'C:/385/lab67redo/workaholbits/bitstreamworkaholic/export/bitstreamworkaholic/hw/bitstreamworkaholic.xsa'.
05:03:24 INFO  : 'configparams mdm-detect-bscan-mask 2' command is executed.
05:03:24 INFO  : Context for processor 'microblaze_0' is selected.
05:03:24 INFO  : System reset is completed.
05:03:27 INFO  : 'after 3000' command is executed.
05:03:27 INFO  : Context for processor 'microblaze_0' is selected.
05:03:27 INFO  : The application 'C:/385/lab67redo/workaholbits/mbblockworkies/Debug/mbblockworkies.elf' is downloaded to processor 'microblaze_0'.
05:03:27 INFO  : ----------------XSDB Script----------------
connect -url tcp:127.0.0.1:3121
targets -set -filter {jtag_cable_name =~ "RealDigital Boo 8874292302F4A" && level==0 && jtag_device_ctx=="jsn1-0362f093-0"}
fpga -file C:/385/lab67redo/workaholbits/mbblockworkies/_ide/bitstream/bitstreamworkaholic.bit
targets -set -nocase -filter {name =~ "*microblaze*#0" && bscan=="USER2" }
loadhw -hw C:/385/lab67redo/workaholbits/bitstreamworkaholic/export/bitstreamworkaholic/hw/bitstreamworkaholic.xsa -regs
configparams mdm-detect-bscan-mask 2
targets -set -nocase -filter {name =~ "*microblaze*#0" && bscan=="USER2" }
rst -system
after 3000
targets -set -nocase -filter {name =~ "*microblaze*#0" && bscan=="USER2" }
dow C:/385/lab67redo/workaholbits/mbblockworkies/Debug/mbblockworkies.elf
----------------End of Script----------------

05:03:28 INFO  : Context for processor 'microblaze_0' is selected.
05:03:28 INFO  : 'con' command is executed.
05:03:28 INFO  : ----------------XSDB Script (After Launch)----------------
targets -set -nocase -filter {name =~ "*microblaze*#0" && bscan=="USER2" }
con
----------------End of Script----------------

05:03:28 INFO  : Disconnected from the channel tcfchan#4.
05:04:47 INFO  : Connected to target on host '127.0.0.1' and port '3121'.
05:05:06 INFO  : ----------------XSDB Script----------------
connect -url tcp:127.0.0.1:3121
----------------End of Script----------------

05:05:06 ERROR : Could not find FPGA device on the board for connection 'Local'.


Troubleshooting hints:
1. Check whether board is connected to system properly.
2. In case of zynq board, check whether Digilent/Xilinx cable switch settings are correct.
3. If you are using Xilinx Platform Cable USB, ensure that status LED is green.
