17:24:33 DEBUG : Logs will be stored at 'C:/385/project_6final/workspace6thursday/IDE.log'.
17:24:36 INFO  : Launching XSCT server: xsct.bat -n  -interactive C:\385\project_6final\workspace6thursday\temp_xsdb_launch_script.tcl
17:24:36 INFO  : Platform repository initialization has completed.
17:24:36 INFO  : Registering command handlers for Vitis TCF services
17:24:40 INFO  : XSCT server has started successfully.
17:24:40 INFO  : plnx-install-location is set to ''
17:24:46 INFO  : Successfully done setting XSCT server connection channel  
17:24:46 INFO  : Successfully done query RDI_DATADIR 
17:24:46 INFO  : Successfully done setting workspace for the tool. 
17:25:40 INFO  : Result from executing command 'getProjects': mb_usb_hdmi_topbitstream
17:25:40 INFO  : Result from executing command 'getPlatforms': 
17:25:40 WARN  : An unexpected exception occurred in the module 'platform project logging'
17:25:40 INFO  : Platform 'mb_usb_hdmi_topbitstream' is added to custom repositories.
17:25:43 INFO  : Platform 'mb_usb_hdmi_topbitstream' is added to custom repositories.
17:28:10 INFO  : Result from executing command 'removePlatformRepo': 
17:28:18 INFO  : Result from executing command 'getProjects': mb_usb_hdmi_topbitstream
17:28:18 INFO  : Result from executing command 'getPlatforms': 
17:28:19 INFO  : Checking for BSP changes to sync application flags for project 'mbthursdayattempt1'...
17:29:04 INFO  : Connected to target on host '127.0.0.1' and port '3121'.
17:29:05 INFO  : Jtag cable 'RealDigital Boo 88742923028BA' is selected.
17:29:05 INFO  : 'jtag frequency' command is executed.
17:29:05 INFO  : 'targets -set -filter {jtag_cable_name =~ "RealDigital Boo 88742923028BA" && level==0 && jtag_device_ctx=="jsn1-0362f093-0"}' command is executed.
17:29:06 INFO  : Device configured successfully with "C:/385/project_6final/workspace6thursday/mbthursdayattempt1/_ide/bitstream/mb_usb_hdmi_topbitstream.bit"
17:29:06 INFO  : Context for processor 'microblaze_0' is selected.
17:29:06 INFO  : Hardware design and registers information is loaded from 'C:/385/project_6final/workspace6thursday/mb_usb_hdmi_topbitstream/export/mb_usb_hdmi_topbitstream/hw/mb_usb_hdmi_topbitstream.xsa'.
17:29:06 INFO  : 'configparams mdm-detect-bscan-mask 2' command is executed.
17:29:06 INFO  : Context for processor 'microblaze_0' is selected.
17:29:06 INFO  : System reset is completed.
17:29:09 INFO  : 'after 3000' command is executed.
17:29:09 INFO  : Context for processor 'microblaze_0' is selected.
17:29:10 INFO  : The application 'C:/385/project_6final/workspace6thursday/mbthursdayattempt1/Debug/mbthursdayattempt1.elf' is downloaded to processor 'microblaze_0'.
17:29:10 INFO  : ----------------XSDB Script----------------
connect -url tcp:127.0.0.1:3121
targets -set -filter {jtag_cable_name =~ "RealDigital Boo 88742923028BA" && level==0 && jtag_device_ctx=="jsn1-0362f093-0"}
fpga -file C:/385/project_6final/workspace6thursday/mbthursdayattempt1/_ide/bitstream/mb_usb_hdmi_topbitstream.bit
targets -set -nocase -filter {name =~ "*microblaze*#0" && bscan=="USER2" }
loadhw -hw C:/385/project_6final/workspace6thursday/mb_usb_hdmi_topbitstream/export/mb_usb_hdmi_topbitstream/hw/mb_usb_hdmi_topbitstream.xsa -regs
configparams mdm-detect-bscan-mask 2
targets -set -nocase -filter {name =~ "*microblaze*#0" && bscan=="USER2" }
rst -system
after 3000
targets -set -nocase -filter {name =~ "*microblaze*#0" && bscan=="USER2" }
dow C:/385/project_6final/workspace6thursday/mbthursdayattempt1/Debug/mbthursdayattempt1.elf
----------------End of Script----------------

17:29:10 INFO  : Context for processor 'microblaze_0' is selected.
17:29:10 INFO  : 'con' command is executed.
17:29:10 INFO  : ----------------XSDB Script (After Launch)----------------
targets -set -nocase -filter {name =~ "*microblaze*#0" && bscan=="USER2" }
con
----------------End of Script----------------

17:29:10 INFO  : Disconnected from the channel tcfchan#3.
17:36:08 INFO  : Result from executing command 'removePlatformRepo': 
17:36:55 INFO  : Result from executing command 'getProjects': mb_usb_hdmi_topbitstream
17:36:55 INFO  : Result from executing command 'getPlatforms': 
17:36:55 INFO  : Checking for BSP changes to sync application flags for project 'mbthursdayattempt1'...
17:37:57 DEBUG : Logs will be stored at 'C:/385/project_6final/workspace6thursday/IDE.log'.
17:37:58 INFO  : Launching XSCT server: xsct.bat -n  -interactive C:\385\project_6final\workspace6thursday\temp_xsdb_launch_script.tcl
17:38:03 INFO  : XSCT server has started successfully.
17:38:03 INFO  : plnx-install-location is set to ''
17:38:03 INFO  : Successfully done setting XSCT server connection channel  
17:38:03 INFO  : Successfully done setting workspace for the tool. 
17:38:05 INFO  : Platform repository initialization has completed.
17:38:05 INFO  : Registering command handlers for Vitis TCF services
17:38:05 INFO  : Successfully done query RDI_DATADIR 
17:38:28 INFO  : Result from executing command 'removePlatformRepo': 
17:38:42 INFO  : Result from executing command 'getProjects': mb_usb_hdmi_topbitstream
17:38:42 INFO  : Result from executing command 'getPlatforms': 
17:38:42 INFO  : Checking for BSP changes to sync application flags for project 'mbthursdayattempt1'...
17:39:03 INFO  : Connected to target on host '127.0.0.1' and port '3121'.
17:39:03 INFO  : Jtag cable 'RealDigital Boo 88742923028BA' is selected.
17:39:03 INFO  : 'jtag frequency' command is executed.
17:39:04 INFO  : 'targets -set -filter {jtag_cable_name =~ "RealDigital Boo 88742923028BA" && level==0 && jtag_device_ctx=="jsn1-0362f093-0"}' command is executed.
17:39:05 INFO  : Device configured successfully with "C:/385/project_6final/workspace6thursday/mbthursdayattempt1/_ide/bitstream/mb_usb_hdmi_topbitstream.bit"
17:39:05 INFO  : Context for processor 'microblaze_0' is selected.
17:39:05 INFO  : Hardware design and registers information is loaded from 'C:/385/project_6final/workspace6thursday/mb_usb_hdmi_topbitstream/export/mb_usb_hdmi_topbitstream/hw/mb_usb_hdmi_topbitstream.xsa'.
17:39:05 INFO  : 'configparams mdm-detect-bscan-mask 2' command is executed.
17:39:05 INFO  : Context for processor 'microblaze_0' is selected.
17:39:05 INFO  : System reset is completed.
17:39:08 INFO  : 'after 3000' command is executed.
17:39:08 INFO  : Context for processor 'microblaze_0' is selected.
17:39:08 INFO  : The application 'C:/385/project_6final/workspace6thursday/mbthursdayattempt1/Debug/mbthursdayattempt1.elf' is downloaded to processor 'microblaze_0'.
17:39:08 INFO  : ----------------XSDB Script----------------
connect -url tcp:127.0.0.1:3121
targets -set -filter {jtag_cable_name =~ "RealDigital Boo 88742923028BA" && level==0 && jtag_device_ctx=="jsn1-0362f093-0"}
fpga -file C:/385/project_6final/workspace6thursday/mbthursdayattempt1/_ide/bitstream/mb_usb_hdmi_topbitstream.bit
targets -set -nocase -filter {name =~ "*microblaze*#0" && bscan=="USER2" }
loadhw -hw C:/385/project_6final/workspace6thursday/mb_usb_hdmi_topbitstream/export/mb_usb_hdmi_topbitstream/hw/mb_usb_hdmi_topbitstream.xsa -regs
configparams mdm-detect-bscan-mask 2
targets -set -nocase -filter {name =~ "*microblaze*#0" && bscan=="USER2" }
rst -system
after 3000
targets -set -nocase -filter {name =~ "*microblaze*#0" && bscan=="USER2" }
dow C:/385/project_6final/workspace6thursday/mbthursdayattempt1/Debug/mbthursdayattempt1.elf
----------------End of Script----------------

17:39:09 INFO  : Context for processor 'microblaze_0' is selected.
17:39:09 INFO  : 'con' command is executed.
17:39:09 INFO  : ----------------XSDB Script (After Launch)----------------
targets -set -nocase -filter {name =~ "*microblaze*#0" && bscan=="USER2" }
con
----------------End of Script----------------

17:39:09 INFO  : Disconnected from the channel tcfchan#3.
17:44:40 ERROR : Failed to connect to hardware server on host '127.0.0.1' and port '3121'.
Reason: 'connect -url tcp:127.0.0.1:3121' is cancelled.
17:44:40 INFO  : ----------------XSDB Script----------------
connect -url tcp:127.0.0.1:3121
----------------End of Script----------------

17:45:07 DEBUG : Logs will be stored at 'C:/385/project_6final/workspace6thursday/IDE.log'.
17:45:08 INFO  : Launching XSCT server: xsct.bat -n  -interactive C:\385\project_6final\workspace6thursday\temp_xsdb_launch_script.tcl
17:45:14 INFO  : XSCT server has started successfully.
17:45:14 INFO  : plnx-install-location is set to ''
17:45:14 INFO  : Successfully done setting XSCT server connection channel  
17:45:14 INFO  : Successfully done setting workspace for the tool. 
17:45:14 INFO  : Platform repository initialization has completed.
17:45:14 INFO  : Successfully done query RDI_DATADIR 
17:45:15 INFO  : Registering command handlers for Vitis TCF services
17:45:28 INFO  : Result from executing command 'removePlatformRepo': 
17:45:43 INFO  : Result from executing command 'getProjects': mb_usb_hdmi_topbitstream
17:45:43 INFO  : Result from executing command 'getPlatforms': 
17:45:43 INFO  : Checking for BSP changes to sync application flags for project 'mbthursdayattempt1'...
17:46:15 INFO  : Connected to target on host '127.0.0.1' and port '3121'.
17:46:16 INFO  : Jtag cable 'RealDigital Boo 88742923028BA' is selected.
17:46:16 INFO  : 'jtag frequency' command is executed.
17:46:16 INFO  : 'targets -set -filter {jtag_cable_name =~ "RealDigital Boo 88742923028BA" && level==0 && jtag_device_ctx=="jsn1-0362f093-0"}' command is executed.
17:46:17 INFO  : Device configured successfully with "C:/385/project_6final/workspace6thursday/mbthursdayattempt1/_ide/bitstream/mb_usb_hdmi_topbitstream.bit"
17:46:17 INFO  : Context for processor 'microblaze_0' is selected.
17:46:17 INFO  : Hardware design and registers information is loaded from 'C:/385/project_6final/workspace6thursday/mb_usb_hdmi_topbitstream/export/mb_usb_hdmi_topbitstream/hw/mb_usb_hdmi_topbitstream.xsa'.
17:46:17 INFO  : 'configparams mdm-detect-bscan-mask 2' command is executed.
17:46:18 INFO  : Context for processor 'microblaze_0' is selected.
17:46:18 INFO  : System reset is completed.
17:46:21 INFO  : 'after 3000' command is executed.
17:46:21 INFO  : Context for processor 'microblaze_0' is selected.
17:46:21 INFO  : The application 'C:/385/project_6final/workspace6thursday/mbthursdayattempt1/Debug/mbthursdayattempt1.elf' is downloaded to processor 'microblaze_0'.
17:46:21 INFO  : ----------------XSDB Script----------------
connect -url tcp:127.0.0.1:3121
targets -set -filter {jtag_cable_name =~ "RealDigital Boo 88742923028BA" && level==0 && jtag_device_ctx=="jsn1-0362f093-0"}
fpga -file C:/385/project_6final/workspace6thursday/mbthursdayattempt1/_ide/bitstream/mb_usb_hdmi_topbitstream.bit
targets -set -nocase -filter {name =~ "*microblaze*#0" && bscan=="USER2" }
loadhw -hw C:/385/project_6final/workspace6thursday/mb_usb_hdmi_topbitstream/export/mb_usb_hdmi_topbitstream/hw/mb_usb_hdmi_topbitstream.xsa -regs
configparams mdm-detect-bscan-mask 2
targets -set -nocase -filter {name =~ "*microblaze*#0" && bscan=="USER2" }
rst -system
after 3000
targets -set -nocase -filter {name =~ "*microblaze*#0" && bscan=="USER2" }
dow C:/385/project_6final/workspace6thursday/mbthursdayattempt1/Debug/mbthursdayattempt1.elf
----------------End of Script----------------

17:46:21 INFO  : Context for processor 'microblaze_0' is selected.
17:46:21 INFO  : 'con' command is executed.
17:46:21 INFO  : ----------------XSDB Script (After Launch)----------------
targets -set -nocase -filter {name =~ "*microblaze*#0" && bscan=="USER2" }
con
----------------End of Script----------------

17:46:21 INFO  : Disconnected from the channel tcfchan#3.
