12:20:09 DEBUG : Logs will be stored at 'C:/385/lab67redo/pleeeeeeeeaseeeeedoooo/IDE.log'.
12:20:12 INFO  : Platform repository initialization has completed.
12:20:12 INFO  : Registering command handlers for Vitis TCF services
12:20:12 INFO  : Launching XSCT server: xsct.bat -n  -interactive C:\385\lab67redo\pleeeeeeeeaseeeeedoooo\temp_xsdb_launch_script.tcl
12:20:17 INFO  : XSCT server has started successfully.
12:20:24 INFO  : plnx-install-location is set to ''
12:20:24 INFO  : Successfully done setting XSCT server connection channel  
12:20:24 INFO  : Successfully done query RDI_DATADIR 
12:20:24 INFO  : Successfully done setting workspace for the tool. 
12:20:50 ERROR : (XSDB Server)ERROR: [Hsi 55-1562] Source directory C:/385/lab67redo/pleeeeeeeeaseeeeedoooo/pleaseeeeeebitstreeaammmm/hw/drivers\hdmi_text_controller_v1_0/src does not exist or is not a directory.

12:20:52 INFO  : Result from executing command 'getProjects': pleaseeeeeebitstreeaammmm
12:20:52 INFO  : Result from executing command 'getPlatforms': 
12:20:52 WARN  : An unexpected exception occurred in the module 'platform project logging'
12:20:52 INFO  : Platform 'pleaseeeeeebitstreeaammmm' is added to custom repositories.
12:20:54 INFO  : Platform 'pleaseeeeeebitstreeaammmm' is added to custom repositories.
12:22:48 INFO  : Result from executing command 'removePlatformRepo': 
12:22:54 INFO  : Result from executing command 'getProjects': pleaseeeeeebitstreeaammmm
12:22:54 INFO  : Result from executing command 'getPlatforms': 
12:22:55 INFO  : Checking for BSP changes to sync application flags for project 'blockdiag'...
12:23:47 INFO  : Connected to target on host '127.0.0.1' and port '3121'.
12:23:47 INFO  : Jtag cable 'RealDigital Boo 88742923028BA' is selected.
12:23:47 INFO  : 'jtag frequency' command is executed.
12:23:47 INFO  : 'targets -set -filter {jtag_cable_name =~ "RealDigital Boo 88742923028BA" && level==0 && jtag_device_ctx=="jsn1-0362f093-0"}' command is executed.
12:23:49 INFO  : Device configured successfully with "C:/385/lab67redo/pleeeeeeeeaseeeeedoooo/blockdiag/_ide/bitstream/pleaseeeeeebitstreeaammmm.bit"
12:23:49 INFO  : Context for processor 'microblaze_0' is selected.
12:23:49 INFO  : Hardware design and registers information is loaded from 'C:/385/lab67redo/pleeeeeeeeaseeeeedoooo/pleaseeeeeebitstreeaammmm/export/pleaseeeeeebitstreeaammmm/hw/pleaseeeeeebitstreeaammmm.xsa'.
12:23:49 INFO  : 'configparams mdm-detect-bscan-mask 2' command is executed.
12:23:49 INFO  : Context for processor 'microblaze_0' is selected.
12:23:49 INFO  : System reset is completed.
12:23:52 INFO  : 'after 3000' command is executed.
12:23:52 INFO  : Context for processor 'microblaze_0' is selected.
12:23:52 INFO  : The application 'C:/385/lab67redo/pleeeeeeeeaseeeeedoooo/blockdiag/Debug/blockdiag.elf' is downloaded to processor 'microblaze_0'.
12:23:52 INFO  : ----------------XSDB Script----------------
connect -url tcp:127.0.0.1:3121
targets -set -filter {jtag_cable_name =~ "RealDigital Boo 88742923028BA" && level==0 && jtag_device_ctx=="jsn1-0362f093-0"}
fpga -file C:/385/lab67redo/pleeeeeeeeaseeeeedoooo/blockdiag/_ide/bitstream/pleaseeeeeebitstreeaammmm.bit
targets -set -nocase -filter {name =~ "*microblaze*#0" && bscan=="USER2" }
loadhw -hw C:/385/lab67redo/pleeeeeeeeaseeeeedoooo/pleaseeeeeebitstreeaammmm/export/pleaseeeeeebitstreeaammmm/hw/pleaseeeeeebitstreeaammmm.xsa -regs
configparams mdm-detect-bscan-mask 2
targets -set -nocase -filter {name =~ "*microblaze*#0" && bscan=="USER2" }
rst -system
after 3000
targets -set -nocase -filter {name =~ "*microblaze*#0" && bscan=="USER2" }
dow C:/385/lab67redo/pleeeeeeeeaseeeeedoooo/blockdiag/Debug/blockdiag.elf
----------------End of Script----------------

12:23:52 INFO  : Context for processor 'microblaze_0' is selected.
12:23:52 INFO  : 'con' command is executed.
12:23:52 INFO  : ----------------XSDB Script (After Launch)----------------
targets -set -nocase -filter {name =~ "*microblaze*#0" && bscan=="USER2" }
con
----------------End of Script----------------

12:23:52 INFO  : Disconnected from the channel tcfchan#3.
