16:20:06 DEBUG : Logs will be stored at 'C:/385/lab67redo/justvals2/IDE.log'.
16:20:12 INFO  : Launching XSCT server: xsct.bat -n  -interactive C:\385\lab67redo\justvals2\temp_xsdb_launch_script.tcl
16:20:12 INFO  : Platform repository initialization has completed.
16:20:12 INFO  : Registering command handlers for Vitis TCF services
16:20:17 INFO  : XSCT server has started successfully.
16:20:17 INFO  : plnx-install-location is set to ''
16:20:17 INFO  : Successfully done setting XSCT server connection channel  
16:20:17 INFO  : Successfully done query RDI_DATADIR 
16:20:17 INFO  : Successfully done setting workspace for the tool. 
16:29:04 ERROR : (XSDB Server)ERROR: [Hsi 55-1562] Source directory C:/385/lab67redo/justvals2/nonsensestreeeeeemmmmmm/hw/drivers\hdmi_text_controller_v1_0/src does not exist or is not a directory.

16:29:06 INFO  : Result from executing command 'getProjects': nonsensestreeeeeemmmmmm
16:29:06 INFO  : Result from executing command 'getPlatforms': 
16:29:06 WARN  : An unexpected exception occurred in the module 'platform project logging'
16:29:07 INFO  : Platform 'nonsensestreeeeeemmmmmm' is added to custom repositories.
16:29:10 INFO  : Platform 'nonsensestreeeeeemmmmmm' is added to custom repositories.
16:31:41 INFO  : Result from executing command 'removePlatformRepo': 
16:32:12 INFO  : Result from executing command 'getProjects': nonsensestreeeeeemmmmmm
16:32:12 INFO  : Result from executing command 'getPlatforms': 
16:32:13 INFO  : Checking for BSP changes to sync application flags for project 'gallagher'...
16:32:59 INFO  : Connected to target on host '127.0.0.1' and port '3121'.
16:32:59 INFO  : Jtag cable 'RealDigital Boo 8874292301EDA' is selected.
16:32:59 INFO  : 'jtag frequency' command is executed.
16:33:00 INFO  : 'targets -set -filter {jtag_cable_name =~ "RealDigital Boo 8874292301EDA" && level==0 && jtag_device_ctx=="jsn1-0362f093-0"}' command is executed.
16:33:01 INFO  : Device configured successfully with "C:/385/lab67redo/justvals2/gallagher/_ide/bitstream/nonsensestreeeeeemmmmmm.bit"
16:33:01 INFO  : Context for processor 'microblaze_0' is selected.
16:33:01 INFO  : Hardware design and registers information is loaded from 'C:/385/lab67redo/justvals2/nonsensestreeeeeemmmmmm/export/nonsensestreeeeeemmmmmm/hw/nonsensestreeeeeemmmmmm.xsa'.
16:33:01 INFO  : 'configparams mdm-detect-bscan-mask 2' command is executed.
16:33:01 INFO  : Context for processor 'microblaze_0' is selected.
16:33:01 INFO  : System reset is completed.
16:33:04 INFO  : 'after 3000' command is executed.
16:33:05 INFO  : Context for processor 'microblaze_0' is selected.
16:33:05 INFO  : The application 'C:/385/lab67redo/justvals2/gallagher/Debug/gallagher.elf' is downloaded to processor 'microblaze_0'.
16:33:05 INFO  : ----------------XSDB Script----------------
connect -url tcp:127.0.0.1:3121
targets -set -filter {jtag_cable_name =~ "RealDigital Boo 8874292301EDA" && level==0 && jtag_device_ctx=="jsn1-0362f093-0"}
fpga -file C:/385/lab67redo/justvals2/gallagher/_ide/bitstream/nonsensestreeeeeemmmmmm.bit
targets -set -nocase -filter {name =~ "*microblaze*#0" && bscan=="USER2" }
loadhw -hw C:/385/lab67redo/justvals2/nonsensestreeeeeemmmmmm/export/nonsensestreeeeeemmmmmm/hw/nonsensestreeeeeemmmmmm.xsa -regs
configparams mdm-detect-bscan-mask 2
targets -set -nocase -filter {name =~ "*microblaze*#0" && bscan=="USER2" }
rst -system
after 3000
targets -set -nocase -filter {name =~ "*microblaze*#0" && bscan=="USER2" }
dow C:/385/lab67redo/justvals2/gallagher/Debug/gallagher.elf
----------------End of Script----------------

16:33:05 INFO  : Context for processor 'microblaze_0' is selected.
16:33:05 INFO  : 'con' command is executed.
16:33:05 INFO  : ----------------XSDB Script (After Launch)----------------
targets -set -nocase -filter {name =~ "*microblaze*#0" && bscan=="USER2" }
con
----------------End of Script----------------

16:33:05 INFO  : Disconnected from the channel tcfchan#3.
16:34:04 INFO  : Result from executing command 'removePlatformRepo': 
16:34:17 INFO  : Result from executing command 'getProjects': nonsensestreeeeeemmmmmm
16:34:17 INFO  : Result from executing command 'getPlatforms': 
16:34:17 INFO  : Checking for BSP changes to sync application flags for project 'gallagher'...
16:34:27 INFO  : Connected to target on host '127.0.0.1' and port '3121'.
16:34:27 INFO  : Jtag cable 'RealDigital Boo 8874292301EDA' is selected.
16:34:27 INFO  : 'jtag frequency' command is executed.
16:34:27 INFO  : 'targets -set -filter {jtag_cable_name =~ "RealDigital Boo 8874292301EDA" && level==0 && jtag_device_ctx=="jsn1-0362f093-0"}' command is executed.
16:34:29 INFO  : Device configured successfully with "C:/385/lab67redo/justvals2/gallagher/_ide/bitstream/nonsensestreeeeeemmmmmm.bit"
16:34:29 INFO  : Context for processor 'microblaze_0' is selected.
16:34:29 INFO  : Hardware design and registers information is loaded from 'C:/385/lab67redo/justvals2/nonsensestreeeeeemmmmmm/export/nonsensestreeeeeemmmmmm/hw/nonsensestreeeeeemmmmmm.xsa'.
16:34:29 INFO  : 'configparams mdm-detect-bscan-mask 2' command is executed.
16:34:29 INFO  : Context for processor 'microblaze_0' is selected.
16:34:29 INFO  : System reset is completed.
16:34:32 INFO  : 'after 3000' command is executed.
16:34:32 INFO  : Context for processor 'microblaze_0' is selected.
16:34:32 INFO  : The application 'C:/385/lab67redo/justvals2/gallagher/Debug/gallagher.elf' is downloaded to processor 'microblaze_0'.
16:34:32 INFO  : ----------------XSDB Script----------------
connect -url tcp:127.0.0.1:3121
targets -set -filter {jtag_cable_name =~ "RealDigital Boo 8874292301EDA" && level==0 && jtag_device_ctx=="jsn1-0362f093-0"}
fpga -file C:/385/lab67redo/justvals2/gallagher/_ide/bitstream/nonsensestreeeeeemmmmmm.bit
targets -set -nocase -filter {name =~ "*microblaze*#0" && bscan=="USER2" }
loadhw -hw C:/385/lab67redo/justvals2/nonsensestreeeeeemmmmmm/export/nonsensestreeeeeemmmmmm/hw/nonsensestreeeeeemmmmmm.xsa -regs
configparams mdm-detect-bscan-mask 2
targets -set -nocase -filter {name =~ "*microblaze*#0" && bscan=="USER2" }
rst -system
after 3000
targets -set -nocase -filter {name =~ "*microblaze*#0" && bscan=="USER2" }
dow C:/385/lab67redo/justvals2/gallagher/Debug/gallagher.elf
----------------End of Script----------------

16:34:32 INFO  : Context for processor 'microblaze_0' is selected.
16:34:32 INFO  : 'con' command is executed.
16:34:32 INFO  : ----------------XSDB Script (After Launch)----------------
targets -set -nocase -filter {name =~ "*microblaze*#0" && bscan=="USER2" }
con
----------------End of Script----------------

16:34:32 INFO  : Disconnected from the channel tcfchan#6.
16:35:51 INFO  : Checking for BSP changes to sync application flags for project 'gallagher'...
16:35:58 INFO  : Connected to target on host '127.0.0.1' and port '3121'.
16:35:59 INFO  : Jtag cable 'RealDigital Boo 8874292301EDA' is selected.
16:35:59 INFO  : 'jtag frequency' command is executed.
16:35:59 INFO  : 'targets -set -filter {jtag_cable_name =~ "RealDigital Boo 8874292301EDA" && level==0 && jtag_device_ctx=="jsn1-0362f093-0"}' command is executed.
16:36:00 INFO  : Device configured successfully with "C:/385/lab67redo/justvals2/gallagher/_ide/bitstream/nonsensestreeeeeemmmmmm.bit"
16:36:00 INFO  : Context for processor 'microblaze_0' is selected.
16:36:00 INFO  : Hardware design and registers information is loaded from 'C:/385/lab67redo/justvals2/nonsensestreeeeeemmmmmm/export/nonsensestreeeeeemmmmmm/hw/nonsensestreeeeeemmmmmm.xsa'.
16:36:00 INFO  : 'configparams mdm-detect-bscan-mask 2' command is executed.
16:36:00 INFO  : Context for processor 'microblaze_0' is selected.
16:36:00 INFO  : System reset is completed.
16:36:03 INFO  : 'after 3000' command is executed.
16:36:03 INFO  : Context for processor 'microblaze_0' is selected.
16:36:04 INFO  : The application 'C:/385/lab67redo/justvals2/gallagher/Debug/gallagher.elf' is downloaded to processor 'microblaze_0'.
16:36:04 INFO  : ----------------XSDB Script----------------
connect -url tcp:127.0.0.1:3121
targets -set -filter {jtag_cable_name =~ "RealDigital Boo 8874292301EDA" && level==0 && jtag_device_ctx=="jsn1-0362f093-0"}
fpga -file C:/385/lab67redo/justvals2/gallagher/_ide/bitstream/nonsensestreeeeeemmmmmm.bit
targets -set -nocase -filter {name =~ "*microblaze*#0" && bscan=="USER2" }
loadhw -hw C:/385/lab67redo/justvals2/nonsensestreeeeeemmmmmm/export/nonsensestreeeeeemmmmmm/hw/nonsensestreeeeeemmmmmm.xsa -regs
configparams mdm-detect-bscan-mask 2
targets -set -nocase -filter {name =~ "*microblaze*#0" && bscan=="USER2" }
rst -system
after 3000
targets -set -nocase -filter {name =~ "*microblaze*#0" && bscan=="USER2" }
dow C:/385/lab67redo/justvals2/gallagher/Debug/gallagher.elf
----------------End of Script----------------

16:36:04 INFO  : Context for processor 'microblaze_0' is selected.
16:36:04 INFO  : 'con' command is executed.
16:36:04 INFO  : ----------------XSDB Script (After Launch)----------------
targets -set -nocase -filter {name =~ "*microblaze*#0" && bscan=="USER2" }
con
----------------End of Script----------------

16:36:04 INFO  : Disconnected from the channel tcfchan#7.
