18:23:27 DEBUG : Logs will be stored at 'C:/385/project_6final/workspace6thursdayballeballe/IDE.log'.
18:23:31 INFO  : Launching XSCT server: xsct.bat -n  -interactive C:\385\project_6final\workspace6thursdayballeballe\temp_xsdb_launch_script.tcl
18:23:31 INFO  : Platform repository initialization has completed.
18:23:31 INFO  : Registering command handlers for Vitis TCF services
18:23:36 INFO  : XSCT server has started successfully.
18:23:36 INFO  : Successfully done setting XSCT server connection channel  
18:23:37 INFO  : plnx-install-location is set to ''
18:23:37 INFO  : Successfully done setting workspace for the tool. 
18:23:37 INFO  : Successfully done query RDI_DATADIR 
18:24:20 INFO  : Result from executing command 'getProjects': mb_usb_hdmi_topfinalpls
18:24:20 INFO  : Result from executing command 'getPlatforms': 
18:24:20 WARN  : An unexpected exception occurred in the module 'platform project logging'
18:24:21 INFO  : Platform 'mb_usb_hdmi_topfinalpls' is added to custom repositories.
18:24:24 INFO  : Platform 'mb_usb_hdmi_topfinalpls' is added to custom repositories.
18:26:19 INFO  : Result from executing command 'removePlatformRepo': 
18:26:32 INFO  : Result from executing command 'getProjects': mb_usb_hdmi_topfinalpls
18:26:32 INFO  : Result from executing command 'getPlatforms': 
18:26:32 INFO  : Checking for BSP changes to sync application flags for project 'balleballeshababa'...
18:29:50 INFO  : Connected to target on host '127.0.0.1' and port '3121'.
18:29:50 INFO  : Jtag cable 'RealDigital Boo 88742923028BA' is selected.
18:29:50 INFO  : 'jtag frequency' command is executed.
18:29:51 INFO  : 'targets -set -filter {jtag_cable_name =~ "RealDigital Boo 88742923028BA" && level==0 && jtag_device_ctx=="jsn1-0362f093-0"}' command is executed.
18:29:52 INFO  : Device configured successfully with "C:/385/project_6final/workspace6thursdayballeballe/balleballeshababa/_ide/bitstream/mb_usb_hdmi_topfinalpls.bit"
18:29:52 INFO  : Context for processor 'microblaze_0' is selected.
18:29:52 INFO  : Hardware design and registers information is loaded from 'C:/385/project_6final/workspace6thursdayballeballe/mb_usb_hdmi_topfinalpls/export/mb_usb_hdmi_topfinalpls/hw/mb_usb_hdmi_topfinalpls.xsa'.
18:29:52 INFO  : 'configparams mdm-detect-bscan-mask 2' command is executed.
18:29:52 INFO  : Context for processor 'microblaze_0' is selected.
18:29:52 INFO  : System reset is completed.
18:29:55 INFO  : 'after 3000' command is executed.
18:29:55 INFO  : Context for processor 'microblaze_0' is selected.
18:29:55 INFO  : The application 'C:/385/project_6final/workspace6thursdayballeballe/balleballeshababa/Debug/balleballeshababa.elf' is downloaded to processor 'microblaze_0'.
18:29:55 INFO  : ----------------XSDB Script----------------
connect -url tcp:127.0.0.1:3121
targets -set -filter {jtag_cable_name =~ "RealDigital Boo 88742923028BA" && level==0 && jtag_device_ctx=="jsn1-0362f093-0"}
fpga -file C:/385/project_6final/workspace6thursdayballeballe/balleballeshababa/_ide/bitstream/mb_usb_hdmi_topfinalpls.bit
targets -set -nocase -filter {name =~ "*microblaze*#0" && bscan=="USER2" }
loadhw -hw C:/385/project_6final/workspace6thursdayballeballe/mb_usb_hdmi_topfinalpls/export/mb_usb_hdmi_topfinalpls/hw/mb_usb_hdmi_topfinalpls.xsa -regs
configparams mdm-detect-bscan-mask 2
targets -set -nocase -filter {name =~ "*microblaze*#0" && bscan=="USER2" }
rst -system
after 3000
targets -set -nocase -filter {name =~ "*microblaze*#0" && bscan=="USER2" }
dow C:/385/project_6final/workspace6thursdayballeballe/balleballeshababa/Debug/balleballeshababa.elf
----------------End of Script----------------

18:29:56 INFO  : Context for processor 'microblaze_0' is selected.
18:29:56 INFO  : 'con' command is executed.
18:29:56 INFO  : ----------------XSDB Script (After Launch)----------------
targets -set -nocase -filter {name =~ "*microblaze*#0" && bscan=="USER2" }
con
----------------End of Script----------------

18:29:56 INFO  : Disconnected from the channel tcfchan#3.
18:30:44 INFO  : Connected to target on host '127.0.0.1' and port '3121'.
18:30:44 INFO  : Jtag cable 'RealDigital Boo 88742923028BA' is selected.
18:30:44 INFO  : 'jtag frequency' command is executed.
18:30:45 INFO  : 'targets -set -filter {jtag_cable_name =~ "RealDigital Boo 88742923028BA" && level==0 && jtag_device_ctx=="jsn1-0362f093-0"}' command is executed.
18:30:46 INFO  : Device configured successfully with "C:/385/project_6final/workspace6thursdayballeballe/balleballeshababa/_ide/bitstream/mb_usb_hdmi_topfinalpls.bit"
18:30:46 INFO  : Context for processor 'microblaze_0' is selected.
18:30:46 INFO  : Hardware design and registers information is loaded from 'C:/385/project_6final/workspace6thursdayballeballe/mb_usb_hdmi_topfinalpls/export/mb_usb_hdmi_topfinalpls/hw/mb_usb_hdmi_topfinalpls.xsa'.
18:30:46 INFO  : 'configparams mdm-detect-bscan-mask 2' command is executed.
18:30:46 INFO  : Context for processor 'microblaze_0' is selected.
18:30:46 INFO  : System reset is completed.
18:30:49 INFO  : 'after 3000' command is executed.
18:30:49 INFO  : Context for processor 'microblaze_0' is selected.
18:30:49 INFO  : The application 'C:/385/project_6final/workspace6thursdayballeballe/balleballeshababa/Debug/balleballeshababa.elf' is downloaded to processor 'microblaze_0'.
18:30:49 INFO  : ----------------XSDB Script----------------
connect -url tcp:127.0.0.1:3121
targets -set -filter {jtag_cable_name =~ "RealDigital Boo 88742923028BA" && level==0 && jtag_device_ctx=="jsn1-0362f093-0"}
fpga -file C:/385/project_6final/workspace6thursdayballeballe/balleballeshababa/_ide/bitstream/mb_usb_hdmi_topfinalpls.bit
targets -set -nocase -filter {name =~ "*microblaze*#0" && bscan=="USER2" }
loadhw -hw C:/385/project_6final/workspace6thursdayballeballe/mb_usb_hdmi_topfinalpls/export/mb_usb_hdmi_topfinalpls/hw/mb_usb_hdmi_topfinalpls.xsa -regs
configparams mdm-detect-bscan-mask 2
targets -set -nocase -filter {name =~ "*microblaze*#0" && bscan=="USER2" }
rst -system
after 3000
targets -set -nocase -filter {name =~ "*microblaze*#0" && bscan=="USER2" }
dow C:/385/project_6final/workspace6thursdayballeballe/balleballeshababa/Debug/balleballeshababa.elf
----------------End of Script----------------

18:30:49 INFO  : Context for processor 'microblaze_0' is selected.
18:30:49 INFO  : 'con' command is executed.
18:30:49 INFO  : ----------------XSDB Script (After Launch)----------------
targets -set -nocase -filter {name =~ "*microblaze*#0" && bscan=="USER2" }
con
----------------End of Script----------------

18:30:49 INFO  : Disconnected from the channel tcfchan#4.
18:35:18 INFO  : Connected to target on host '127.0.0.1' and port '3121'.
18:35:19 INFO  : Jtag cable 'RealDigital Boo 88742923028BA' is selected.
18:35:19 INFO  : 'jtag frequency' command is executed.
18:35:19 INFO  : 'targets -set -filter {jtag_cable_name =~ "RealDigital Boo 88742923028BA" && level==0 && jtag_device_ctx=="jsn1-0362f093-0"}' command is executed.
18:35:21 INFO  : Device configured successfully with "C:/385/project_6final/workspace6thursdayballeballe/balleballeshababa/_ide/bitstream/mb_usb_hdmi_topfinalpls.bit"
18:35:21 INFO  : Context for processor 'microblaze_0' is selected.
18:35:21 INFO  : Hardware design and registers information is loaded from 'C:/385/project_6final/workspace6thursdayballeballe/mb_usb_hdmi_topfinalpls/export/mb_usb_hdmi_topfinalpls/hw/mb_usb_hdmi_topfinalpls.xsa'.
18:35:21 INFO  : 'configparams mdm-detect-bscan-mask 2' command is executed.
18:35:21 INFO  : Context for processor 'microblaze_0' is selected.
18:35:21 INFO  : System reset is completed.
18:35:24 INFO  : 'after 3000' command is executed.
18:35:24 INFO  : Context for processor 'microblaze_0' is selected.
18:35:24 INFO  : The application 'C:/385/project_6final/workspace6thursdayballeballe/balleballeshababa/Debug/balleballeshababa.elf' is downloaded to processor 'microblaze_0'.
18:35:24 INFO  : ----------------XSDB Script----------------
connect -url tcp:127.0.0.1:3121
targets -set -filter {jtag_cable_name =~ "RealDigital Boo 88742923028BA" && level==0 && jtag_device_ctx=="jsn1-0362f093-0"}
fpga -file C:/385/project_6final/workspace6thursdayballeballe/balleballeshababa/_ide/bitstream/mb_usb_hdmi_topfinalpls.bit
targets -set -nocase -filter {name =~ "*microblaze*#0" && bscan=="USER2" }
loadhw -hw C:/385/project_6final/workspace6thursdayballeballe/mb_usb_hdmi_topfinalpls/export/mb_usb_hdmi_topfinalpls/hw/mb_usb_hdmi_topfinalpls.xsa -regs
configparams mdm-detect-bscan-mask 2
targets -set -nocase -filter {name =~ "*microblaze*#0" && bscan=="USER2" }
rst -system
after 3000
targets -set -nocase -filter {name =~ "*microblaze*#0" && bscan=="USER2" }
dow C:/385/project_6final/workspace6thursdayballeballe/balleballeshababa/Debug/balleballeshababa.elf
----------------End of Script----------------

18:35:24 INFO  : Context for processor 'microblaze_0' is selected.
18:35:24 INFO  : 'con' command is executed.
18:35:24 INFO  : ----------------XSDB Script (After Launch)----------------
targets -set -nocase -filter {name =~ "*microblaze*#0" && bscan=="USER2" }
con
----------------End of Script----------------

18:35:24 INFO  : Disconnected from the channel tcfchan#5.
