15:49:23 DEBUG : Logs will be stored at 'C:/385/lab67redo/newregen/IDE.log'.
15:49:28 INFO  : Launching XSCT server: xsct.bat -n  -interactive C:\385\lab67redo\newregen\temp_xsdb_launch_script.tcl
15:49:28 INFO  : Platform repository initialization has completed.
15:49:28 INFO  : Registering command handlers for Vitis TCF services
15:49:35 INFO  : XSCT server has started successfully.
15:49:35 INFO  : Successfully done setting XSCT server connection channel  
15:49:35 INFO  : plnx-install-location is set to ''
15:49:42 INFO  : Successfully done setting workspace for the tool. 
15:49:42 INFO  : Successfully done query RDI_DATADIR 
15:50:03 ERROR : (XSDB Server)ERROR: [Hsi 55-1562] Source directory C:/385/lab67redo/newregen/bitstreamregen/hw/drivers\hdmi_text_controller_v1_0/src does not exist or is not a directory.

15:50:06 INFO  : Result from executing command 'getProjects': bitstreamregen
15:50:06 INFO  : Result from executing command 'getPlatforms': 
15:50:06 WARN  : An unexpected exception occurred in the module 'platform project logging'
15:50:07 INFO  : Platform 'bitstreamregen' is added to custom repositories.
15:50:10 INFO  : Platform 'bitstreamregen' is added to custom repositories.
15:53:17 INFO  : Result from executing command 'removePlatformRepo': 
15:53:27 INFO  : Result from executing command 'getProjects': bitstreamregen
15:53:27 INFO  : Result from executing command 'getPlatforms': 
15:53:28 INFO  : Checking for BSP changes to sync application flags for project 'regenattempt'...
15:54:23 INFO  : Connected to target on host '127.0.0.1' and port '3121'.
15:54:24 INFO  : Jtag cable 'RealDigital Boo 88742923028BA' is selected.
15:54:24 INFO  : 'jtag frequency' command is executed.
15:54:24 INFO  : 'targets -set -filter {jtag_cable_name =~ "RealDigital Boo 88742923028BA" && level==0 && jtag_device_ctx=="jsn1-0362f093-0"}' command is executed.
15:54:25 INFO  : Device configured successfully with "C:/385/lab67redo/newregen/regenattempt/_ide/bitstream/bitstreamregen.bit"
15:54:25 INFO  : Context for processor 'microblaze_0' is selected.
15:54:25 INFO  : Hardware design and registers information is loaded from 'C:/385/lab67redo/newregen/bitstreamregen/export/bitstreamregen/hw/bitstreamregen.xsa'.
15:54:25 INFO  : 'configparams mdm-detect-bscan-mask 2' command is executed.
15:54:25 INFO  : Context for processor 'microblaze_0' is selected.
15:54:25 INFO  : System reset is completed.
15:54:28 INFO  : 'after 3000' command is executed.
15:54:29 INFO  : Context for processor 'microblaze_0' is selected.
15:54:29 INFO  : The application 'C:/385/lab67redo/newregen/regenattempt/Debug/regenattempt.elf' is downloaded to processor 'microblaze_0'.
15:54:29 INFO  : ----------------XSDB Script----------------
connect -url tcp:127.0.0.1:3121
targets -set -filter {jtag_cable_name =~ "RealDigital Boo 88742923028BA" && level==0 && jtag_device_ctx=="jsn1-0362f093-0"}
fpga -file C:/385/lab67redo/newregen/regenattempt/_ide/bitstream/bitstreamregen.bit
targets -set -nocase -filter {name =~ "*microblaze*#0" && bscan=="USER2" }
loadhw -hw C:/385/lab67redo/newregen/bitstreamregen/export/bitstreamregen/hw/bitstreamregen.xsa -regs
configparams mdm-detect-bscan-mask 2
targets -set -nocase -filter {name =~ "*microblaze*#0" && bscan=="USER2" }
rst -system
after 3000
targets -set -nocase -filter {name =~ "*microblaze*#0" && bscan=="USER2" }
dow C:/385/lab67redo/newregen/regenattempt/Debug/regenattempt.elf
----------------End of Script----------------

15:54:29 INFO  : Context for processor 'microblaze_0' is selected.
15:54:29 INFO  : 'con' command is executed.
15:54:29 INFO  : ----------------XSDB Script (After Launch)----------------
targets -set -nocase -filter {name =~ "*microblaze*#0" && bscan=="USER2" }
con
----------------End of Script----------------

15:54:29 INFO  : Disconnected from the channel tcfchan#3.
15:57:33 INFO  : Result from executing command 'removePlatformRepo': 
15:57:43 INFO  : Result from executing command 'getProjects': bitstreamregen
15:57:43 INFO  : Result from executing command 'getPlatforms': 
15:57:44 INFO  : Checking for BSP changes to sync application flags for project 'regenattempt'...
15:57:55 INFO  : Connected to target on host '127.0.0.1' and port '3121'.
15:57:55 INFO  : Jtag cable 'RealDigital Boo 88742923028BA' is selected.
15:57:55 INFO  : 'jtag frequency' command is executed.
15:57:55 INFO  : 'targets -set -filter {jtag_cable_name =~ "RealDigital Boo 88742923028BA" && level==0 && jtag_device_ctx=="jsn1-0362f093-0"}' command is executed.
15:57:57 INFO  : Device configured successfully with "C:/385/lab67redo/newregen/regenattempt/_ide/bitstream/bitstreamregen.bit"
15:57:57 INFO  : Context for processor 'microblaze_0' is selected.
15:57:57 INFO  : Hardware design and registers information is loaded from 'C:/385/lab67redo/newregen/bitstreamregen/export/bitstreamregen/hw/bitstreamregen.xsa'.
15:57:57 INFO  : 'configparams mdm-detect-bscan-mask 2' command is executed.
15:57:57 INFO  : Context for processor 'microblaze_0' is selected.
15:57:57 INFO  : System reset is completed.
15:58:00 INFO  : 'after 3000' command is executed.
15:58:00 INFO  : Context for processor 'microblaze_0' is selected.
15:58:00 INFO  : The application 'C:/385/lab67redo/newregen/regenattempt/Debug/regenattempt.elf' is downloaded to processor 'microblaze_0'.
15:58:00 INFO  : ----------------XSDB Script----------------
connect -url tcp:127.0.0.1:3121
targets -set -filter {jtag_cable_name =~ "RealDigital Boo 88742923028BA" && level==0 && jtag_device_ctx=="jsn1-0362f093-0"}
fpga -file C:/385/lab67redo/newregen/regenattempt/_ide/bitstream/bitstreamregen.bit
targets -set -nocase -filter {name =~ "*microblaze*#0" && bscan=="USER2" }
loadhw -hw C:/385/lab67redo/newregen/bitstreamregen/export/bitstreamregen/hw/bitstreamregen.xsa -regs
configparams mdm-detect-bscan-mask 2
targets -set -nocase -filter {name =~ "*microblaze*#0" && bscan=="USER2" }
rst -system
after 3000
targets -set -nocase -filter {name =~ "*microblaze*#0" && bscan=="USER2" }
dow C:/385/lab67redo/newregen/regenattempt/Debug/regenattempt.elf
----------------End of Script----------------

15:58:00 INFO  : Context for processor 'microblaze_0' is selected.
15:58:00 INFO  : 'con' command is executed.
15:58:00 INFO  : ----------------XSDB Script (After Launch)----------------
targets -set -nocase -filter {name =~ "*microblaze*#0" && bscan=="USER2" }
con
----------------End of Script----------------

15:58:00 INFO  : Disconnected from the channel tcfchan#6.
11:55:30 INFO  : Connected to target on host '127.0.0.1' and port '3121'.
11:55:30 INFO  : Jtag cable 'RealDigital Boo 88742923028BA' is selected.
11:55:30 INFO  : 'jtag frequency' command is executed.
11:55:30 INFO  : 'targets -set -filter {jtag_cable_name =~ "RealDigital Boo 88742923028BA" && level==0 && jtag_device_ctx=="jsn1-0362f093-0"}' command is executed.
11:55:32 INFO  : Device configured successfully with "C:/385/lab67redo/newregen/regenattempt/_ide/bitstream/bitstreamregen.bit"
11:55:32 INFO  : Context for processor 'microblaze_0' is selected.
11:55:32 INFO  : Hardware design and registers information is loaded from 'C:/385/lab67redo/newregen/bitstreamregen/export/bitstreamregen/hw/bitstreamregen.xsa'.
11:55:32 INFO  : 'configparams mdm-detect-bscan-mask 2' command is executed.
11:55:32 INFO  : Context for processor 'microblaze_0' is selected.
11:55:32 INFO  : System reset is completed.
11:55:35 INFO  : 'after 3000' command is executed.
11:55:35 INFO  : Context for processor 'microblaze_0' is selected.
11:55:35 INFO  : The application 'C:/385/lab67redo/newregen/regenattempt/Debug/regenattempt.elf' is downloaded to processor 'microblaze_0'.
11:55:35 INFO  : ----------------XSDB Script----------------
connect -url tcp:127.0.0.1:3121
targets -set -filter {jtag_cable_name =~ "RealDigital Boo 88742923028BA" && level==0 && jtag_device_ctx=="jsn1-0362f093-0"}
fpga -file C:/385/lab67redo/newregen/regenattempt/_ide/bitstream/bitstreamregen.bit
targets -set -nocase -filter {name =~ "*microblaze*#0" && bscan=="USER2" }
loadhw -hw C:/385/lab67redo/newregen/bitstreamregen/export/bitstreamregen/hw/bitstreamregen.xsa -regs
configparams mdm-detect-bscan-mask 2
targets -set -nocase -filter {name =~ "*microblaze*#0" && bscan=="USER2" }
rst -system
after 3000
targets -set -nocase -filter {name =~ "*microblaze*#0" && bscan=="USER2" }
dow C:/385/lab67redo/newregen/regenattempt/Debug/regenattempt.elf
----------------End of Script----------------

11:55:36 INFO  : Context for processor 'microblaze_0' is selected.
11:55:36 INFO  : 'con' command is executed.
11:55:36 INFO  : ----------------XSDB Script (After Launch)----------------
targets -set -nocase -filter {name =~ "*microblaze*#0" && bscan=="USER2" }
con
----------------End of Script----------------

11:55:36 INFO  : Disconnected from the channel tcfchan#7.
17:03:14 DEBUG : Logs will be stored at 'C:/385/lab67redo/newregen/IDE.log'.
17:03:15 INFO  : Launching XSCT server: xsct.bat -n  -interactive C:\385\lab67redo\newregen\temp_xsdb_launch_script.tcl
17:03:19 INFO  : Platform repository initialization has completed.
17:03:19 INFO  : XSCT server has started successfully.
17:03:19 INFO  : Registering command handlers for Vitis TCF services
17:03:25 INFO  : Successfully done setting XSCT server connection channel  
17:03:25 INFO  : plnx-install-location is set to ''
17:03:25 INFO  : Successfully done query RDI_DATADIR 
17:03:25 INFO  : Successfully done setting workspace for the tool. 
17:03:33 INFO  : Connected to target on host '127.0.0.1' and port '3121'.
17:03:34 INFO  : Jtag cable 'RealDigital Boo 88742923028BA' is selected.
17:03:34 INFO  : 'jtag frequency' command is executed.
17:03:34 INFO  : 'targets -set -filter {jtag_cable_name =~ "RealDigital Boo 88742923028BA" && level==0 && jtag_device_ctx=="jsn1-0362f093-0"}' command is executed.
17:03:35 INFO  : Device configured successfully with "C:/385/lab67redo/newregen/regenattempt/_ide/bitstream/bitstreamregen.bit"
17:03:35 INFO  : Context for processor 'microblaze_0' is selected.
17:03:35 INFO  : Hardware design and registers information is loaded from 'C:/385/lab67redo/newregen/bitstreamregen/export/bitstreamregen/hw/bitstreamregen.xsa'.
17:03:35 INFO  : 'configparams mdm-detect-bscan-mask 2' command is executed.
17:03:35 INFO  : Context for processor 'microblaze_0' is selected.
17:03:35 INFO  : System reset is completed.
17:03:38 INFO  : 'after 3000' command is executed.
17:03:39 INFO  : Context for processor 'microblaze_0' is selected.
17:03:39 INFO  : The application 'C:/385/lab67redo/newregen/regenattempt/Debug/regenattempt.elf' is downloaded to processor 'microblaze_0'.
17:03:39 INFO  : ----------------XSDB Script----------------
connect -url tcp:127.0.0.1:3121
targets -set -filter {jtag_cable_name =~ "RealDigital Boo 88742923028BA" && level==0 && jtag_device_ctx=="jsn1-0362f093-0"}
fpga -file C:/385/lab67redo/newregen/regenattempt/_ide/bitstream/bitstreamregen.bit
targets -set -nocase -filter {name =~ "*microblaze*#0" && bscan=="USER2" }
loadhw -hw C:/385/lab67redo/newregen/bitstreamregen/export/bitstreamregen/hw/bitstreamregen.xsa -regs
configparams mdm-detect-bscan-mask 2
targets -set -nocase -filter {name =~ "*microblaze*#0" && bscan=="USER2" }
rst -system
after 3000
targets -set -nocase -filter {name =~ "*microblaze*#0" && bscan=="USER2" }
dow C:/385/lab67redo/newregen/regenattempt/Debug/regenattempt.elf
----------------End of Script----------------

17:03:39 INFO  : Context for processor 'microblaze_0' is selected.
17:03:39 INFO  : 'con' command is executed.
17:03:39 INFO  : ----------------XSDB Script (After Launch)----------------
targets -set -nocase -filter {name =~ "*microblaze*#0" && bscan=="USER2" }
con
----------------End of Script----------------

17:03:39 INFO  : Disconnected from the channel tcfchan#1.
01:10:22 DEBUG : Logs will be stored at 'C:/385/lab67redo/newregen/IDE.log'.
01:10:23 INFO  : Launching XSCT server: xsct.bat -n  -interactive C:\385\lab67redo\newregen\temp_xsdb_launch_script.tcl
01:10:27 INFO  : XSCT server has started successfully.
01:10:27 INFO  : plnx-install-location is set to ''
01:10:27 INFO  : Successfully done setting XSCT server connection channel  
01:10:27 INFO  : Successfully done setting workspace for the tool. 
01:10:29 INFO  : Platform repository initialization has completed.
01:10:29 INFO  : Successfully done query RDI_DATADIR 
01:10:29 INFO  : Registering command handlers for Vitis TCF services
02:32:08 DEBUG : Logs will be stored at 'C:/385/lab67redo/newregen/IDE.log'.
02:32:09 INFO  : Launching XSCT server: xsct.bat -n  -interactive C:\385\lab67redo\newregen\temp_xsdb_launch_script.tcl
02:32:13 INFO  : XSCT server has started successfully.
02:32:13 INFO  : plnx-install-location is set to ''
02:32:13 INFO  : Successfully done setting XSCT server connection channel  
02:32:13 INFO  : Successfully done setting workspace for the tool. 
02:32:14 INFO  : Platform repository initialization has completed.
02:32:14 INFO  : Successfully done query RDI_DATADIR 
02:32:14 INFO  : Registering command handlers for Vitis TCF services
