01:07:11 DEBUG : Logs will be stored at 'C:/385/lab67redo/newnewregen/IDE.log'.
01:07:16 INFO  : Platform repository initialization has completed.
01:07:16 INFO  : Launching XSCT server: xsct.bat -n  -interactive C:\385\lab67redo\newnewregen\temp_xsdb_launch_script.tcl
01:07:16 INFO  : Registering command handlers for Vitis TCF services
01:07:23 INFO  : XSCT server has started successfully.
01:07:23 INFO  : plnx-install-location is set to ''
01:07:23 INFO  : Successfully done setting XSCT server connection channel  
01:07:30 INFO  : Successfully done setting workspace for the tool. 
01:07:30 INFO  : Successfully done query RDI_DATADIR 
01:08:22 ERROR : (XSDB Server)ERROR: [Hsi 55-1562] Source directory C:/385/lab67redo/newnewregen/newreregenbitstream/hw/drivers\hdmi_text_controller_v1_0/src does not exist or is not a directory.

01:08:25 INFO  : Result from executing command 'getProjects': newreregenbitstream
01:08:25 INFO  : Result from executing command 'getPlatforms': 
01:08:25 WARN  : An unexpected exception occurred in the module 'platform project logging'
01:08:25 INFO  : Platform 'newreregenbitstream' is added to custom repositories.
01:08:28 INFO  : Platform 'newreregenbitstream' is added to custom repositories.
01:12:31 INFO  : Result from executing command 'removePlatformRepo': 
01:12:44 INFO  : Result from executing command 'getProjects': newreregenbitstream
01:12:44 INFO  : Result from executing command 'getPlatforms': 
01:12:45 INFO  : Checking for BSP changes to sync application flags for project 'newbitstreamgen'...
01:14:09 INFO  : Connected to target on host '127.0.0.1' and port '3121'.
01:14:10 INFO  : Jtag cable 'RealDigital Boo 88742923028BA' is selected.
01:14:10 INFO  : 'jtag frequency' command is executed.
01:14:10 INFO  : 'targets -set -filter {jtag_cable_name =~ "RealDigital Boo 88742923028BA" && level==0 && jtag_device_ctx=="jsn1-0362f093-0"}' command is executed.
01:14:11 INFO  : Device configured successfully with "C:/385/lab67redo/newnewregen/newbitstreamgen/_ide/bitstream/newreregenbitstream.bit"
01:14:11 INFO  : Context for processor 'microblaze_0' is selected.
01:14:11 INFO  : Hardware design and registers information is loaded from 'C:/385/lab67redo/newnewregen/newreregenbitstream/export/newreregenbitstream/hw/newreregenbitstream.xsa'.
01:14:11 INFO  : 'configparams mdm-detect-bscan-mask 2' command is executed.
01:14:11 INFO  : Context for processor 'microblaze_0' is selected.
01:14:11 INFO  : System reset is completed.
01:14:14 INFO  : 'after 3000' command is executed.
01:14:14 INFO  : Context for processor 'microblaze_0' is selected.
01:14:15 INFO  : The application 'C:/385/lab67redo/newnewregen/newbitstreamgen/Debug/newbitstreamgen.elf' is downloaded to processor 'microblaze_0'.
01:14:15 INFO  : ----------------XSDB Script----------------
connect -url tcp:127.0.0.1:3121
targets -set -filter {jtag_cable_name =~ "RealDigital Boo 88742923028BA" && level==0 && jtag_device_ctx=="jsn1-0362f093-0"}
fpga -file C:/385/lab67redo/newnewregen/newbitstreamgen/_ide/bitstream/newreregenbitstream.bit
targets -set -nocase -filter {name =~ "*microblaze*#0" && bscan=="USER2" }
loadhw -hw C:/385/lab67redo/newnewregen/newreregenbitstream/export/newreregenbitstream/hw/newreregenbitstream.xsa -regs
configparams mdm-detect-bscan-mask 2
targets -set -nocase -filter {name =~ "*microblaze*#0" && bscan=="USER2" }
rst -system
after 3000
targets -set -nocase -filter {name =~ "*microblaze*#0" && bscan=="USER2" }
dow C:/385/lab67redo/newnewregen/newbitstreamgen/Debug/newbitstreamgen.elf
----------------End of Script----------------

01:14:15 INFO  : Context for processor 'microblaze_0' is selected.
01:14:15 INFO  : 'con' command is executed.
01:14:15 INFO  : ----------------XSDB Script (After Launch)----------------
targets -set -nocase -filter {name =~ "*microblaze*#0" && bscan=="USER2" }
con
----------------End of Script----------------

01:14:15 INFO  : Disconnected from the channel tcfchan#3.
01:15:19 INFO  : Connected to target on host '127.0.0.1' and port '3121'.
01:15:19 INFO  : Jtag cable 'RealDigital Boo 88742923028BA' is selected.
01:15:19 INFO  : 'jtag frequency' command is executed.
01:15:19 INFO  : 'targets -set -filter {jtag_cable_name =~ "RealDigital Boo 88742923028BA" && level==0 && jtag_device_ctx=="jsn1-0362f093-0"}' command is executed.
01:15:21 INFO  : Device configured successfully with "C:/385/lab67redo/newnewregen/newbitstreamgen/_ide/bitstream/newreregenbitstream.bit"
01:15:21 INFO  : Context for processor 'microblaze_0' is selected.
01:15:21 INFO  : Hardware design and registers information is loaded from 'C:/385/lab67redo/newnewregen/newreregenbitstream/export/newreregenbitstream/hw/newreregenbitstream.xsa'.
01:15:21 INFO  : 'configparams mdm-detect-bscan-mask 2' command is executed.
01:15:21 INFO  : Context for processor 'microblaze_0' is selected.
01:15:21 INFO  : System reset is completed.
01:15:24 INFO  : 'after 3000' command is executed.
01:15:24 INFO  : Context for processor 'microblaze_0' is selected.
01:15:24 INFO  : The application 'C:/385/lab67redo/newnewregen/newbitstreamgen/Debug/newbitstreamgen.elf' is downloaded to processor 'microblaze_0'.
01:15:24 INFO  : ----------------XSDB Script----------------
connect -url tcp:127.0.0.1:3121
targets -set -filter {jtag_cable_name =~ "RealDigital Boo 88742923028BA" && level==0 && jtag_device_ctx=="jsn1-0362f093-0"}
fpga -file C:/385/lab67redo/newnewregen/newbitstreamgen/_ide/bitstream/newreregenbitstream.bit
targets -set -nocase -filter {name =~ "*microblaze*#0" && bscan=="USER2" }
loadhw -hw C:/385/lab67redo/newnewregen/newreregenbitstream/export/newreregenbitstream/hw/newreregenbitstream.xsa -regs
configparams mdm-detect-bscan-mask 2
targets -set -nocase -filter {name =~ "*microblaze*#0" && bscan=="USER2" }
rst -system
after 3000
targets -set -nocase -filter {name =~ "*microblaze*#0" && bscan=="USER2" }
dow C:/385/lab67redo/newnewregen/newbitstreamgen/Debug/newbitstreamgen.elf
----------------End of Script----------------

01:15:24 INFO  : Context for processor 'microblaze_0' is selected.
01:15:24 INFO  : 'con' command is executed.
01:15:24 INFO  : ----------------XSDB Script (After Launch)----------------
targets -set -nocase -filter {name =~ "*microblaze*#0" && bscan=="USER2" }
con
----------------End of Script----------------

01:15:24 INFO  : Disconnected from the channel tcfchan#4.
01:21:21 INFO  : Connected to target on host '127.0.0.1' and port '3121'.
01:21:22 INFO  : Jtag cable 'RealDigital Boo 88742923028BA' is selected.
01:21:22 INFO  : 'jtag frequency' command is executed.
01:21:22 INFO  : 'targets -set -filter {jtag_cable_name =~ "RealDigital Boo 88742923028BA" && level==0 && jtag_device_ctx=="jsn1-0362f093-0"}' command is executed.
01:21:23 INFO  : Device configured successfully with "C:/385/lab67redo/newnewregen/newbitstreamgen/_ide/bitstream/newreregenbitstream.bit"
01:21:24 INFO  : Context for processor 'microblaze_0' is selected.
01:21:24 INFO  : Hardware design and registers information is loaded from 'C:/385/lab67redo/newnewregen/newreregenbitstream/export/newreregenbitstream/hw/newreregenbitstream.xsa'.
01:21:24 INFO  : 'configparams mdm-detect-bscan-mask 2' command is executed.
01:21:24 INFO  : Context for processor 'microblaze_0' is selected.
01:21:24 INFO  : System reset is completed.
01:21:27 INFO  : 'after 3000' command is executed.
01:21:27 INFO  : Context for processor 'microblaze_0' is selected.
01:21:27 INFO  : The application 'C:/385/lab67redo/newnewregen/newbitstreamgen/Debug/newbitstreamgen.elf' is downloaded to processor 'microblaze_0'.
01:21:27 INFO  : ----------------XSDB Script----------------
connect -url tcp:127.0.0.1:3121
targets -set -filter {jtag_cable_name =~ "RealDigital Boo 88742923028BA" && level==0 && jtag_device_ctx=="jsn1-0362f093-0"}
fpga -file C:/385/lab67redo/newnewregen/newbitstreamgen/_ide/bitstream/newreregenbitstream.bit
targets -set -nocase -filter {name =~ "*microblaze*#0" && bscan=="USER2" }
loadhw -hw C:/385/lab67redo/newnewregen/newreregenbitstream/export/newreregenbitstream/hw/newreregenbitstream.xsa -regs
configparams mdm-detect-bscan-mask 2
targets -set -nocase -filter {name =~ "*microblaze*#0" && bscan=="USER2" }
rst -system
after 3000
targets -set -nocase -filter {name =~ "*microblaze*#0" && bscan=="USER2" }
dow C:/385/lab67redo/newnewregen/newbitstreamgen/Debug/newbitstreamgen.elf
----------------End of Script----------------

01:21:27 INFO  : Context for processor 'microblaze_0' is selected.
01:21:27 INFO  : 'con' command is executed.
01:21:27 INFO  : ----------------XSDB Script (After Launch)----------------
targets -set -nocase -filter {name =~ "*microblaze*#0" && bscan=="USER2" }
con
----------------End of Script----------------

01:21:27 INFO  : Disconnected from the channel tcfchan#5.
01:22:17 INFO  : Connected to target on host '127.0.0.1' and port '3121'.
01:22:17 INFO  : Jtag cable 'RealDigital Boo 8874292302F4A' is selected.
01:22:17 INFO  : 'jtag frequency' command is executed.
01:22:18 INFO  : 'targets -set -filter {jtag_cable_name =~ "RealDigital Boo 8874292302F4A" && level==0 && jtag_device_ctx=="jsn1-0362f093-0"}' command is executed.
01:22:19 INFO  : Device configured successfully with "C:/385/lab67redo/newnewregen/newbitstreamgen/_ide/bitstream/newreregenbitstream.bit"
01:22:19 INFO  : Context for processor 'microblaze_0' is selected.
01:22:19 INFO  : Hardware design and registers information is loaded from 'C:/385/lab67redo/newnewregen/newreregenbitstream/export/newreregenbitstream/hw/newreregenbitstream.xsa'.
01:22:19 INFO  : 'configparams mdm-detect-bscan-mask 2' command is executed.
01:22:19 INFO  : Context for processor 'microblaze_0' is selected.
01:22:19 INFO  : System reset is completed.
01:22:22 INFO  : 'after 3000' command is executed.
01:22:22 INFO  : Context for processor 'microblaze_0' is selected.
01:22:23 INFO  : The application 'C:/385/lab67redo/newnewregen/newbitstreamgen/Debug/newbitstreamgen.elf' is downloaded to processor 'microblaze_0'.
01:22:23 INFO  : ----------------XSDB Script----------------
connect -url tcp:127.0.0.1:3121
targets -set -filter {jtag_cable_name =~ "RealDigital Boo 8874292302F4A" && level==0 && jtag_device_ctx=="jsn1-0362f093-0"}
fpga -file C:/385/lab67redo/newnewregen/newbitstreamgen/_ide/bitstream/newreregenbitstream.bit
targets -set -nocase -filter {name =~ "*microblaze*#0" && bscan=="USER2" }
loadhw -hw C:/385/lab67redo/newnewregen/newreregenbitstream/export/newreregenbitstream/hw/newreregenbitstream.xsa -regs
configparams mdm-detect-bscan-mask 2
targets -set -nocase -filter {name =~ "*microblaze*#0" && bscan=="USER2" }
rst -system
after 3000
targets -set -nocase -filter {name =~ "*microblaze*#0" && bscan=="USER2" }
dow C:/385/lab67redo/newnewregen/newbitstreamgen/Debug/newbitstreamgen.elf
----------------End of Script----------------

01:22:23 INFO  : Context for processor 'microblaze_0' is selected.
01:22:23 INFO  : 'con' command is executed.
01:22:23 INFO  : ----------------XSDB Script (After Launch)----------------
targets -set -nocase -filter {name =~ "*microblaze*#0" && bscan=="USER2" }
con
----------------End of Script----------------

01:22:23 INFO  : Disconnected from the channel tcfchan#6.
01:23:16 INFO  : Checking for BSP changes to sync application flags for project 'newbitstreamgen'...
01:23:24 INFO  : Connected to target on host '127.0.0.1' and port '3121'.
01:23:24 INFO  : Jtag cable 'RealDigital Boo 8874292302F4A' is selected.
01:23:24 INFO  : 'jtag frequency' command is executed.
01:23:24 INFO  : 'targets -set -filter {jtag_cable_name =~ "RealDigital Boo 8874292302F4A" && level==0 && jtag_device_ctx=="jsn1-0362f093-0"}' command is executed.
01:23:26 INFO  : Device configured successfully with "C:/385/lab67redo/newnewregen/newbitstreamgen/_ide/bitstream/newreregenbitstream.bit"
01:23:26 INFO  : Context for processor 'microblaze_0' is selected.
01:23:26 INFO  : Hardware design and registers information is loaded from 'C:/385/lab67redo/newnewregen/newreregenbitstream/export/newreregenbitstream/hw/newreregenbitstream.xsa'.
01:23:26 INFO  : 'configparams mdm-detect-bscan-mask 2' command is executed.
01:23:26 INFO  : Context for processor 'microblaze_0' is selected.
01:23:26 INFO  : System reset is completed.
01:23:29 INFO  : 'after 3000' command is executed.
01:23:29 INFO  : Context for processor 'microblaze_0' is selected.
01:23:29 INFO  : The application 'C:/385/lab67redo/newnewregen/newbitstreamgen/Debug/newbitstreamgen.elf' is downloaded to processor 'microblaze_0'.
01:23:29 INFO  : ----------------XSDB Script----------------
connect -url tcp:127.0.0.1:3121
targets -set -filter {jtag_cable_name =~ "RealDigital Boo 8874292302F4A" && level==0 && jtag_device_ctx=="jsn1-0362f093-0"}
fpga -file C:/385/lab67redo/newnewregen/newbitstreamgen/_ide/bitstream/newreregenbitstream.bit
targets -set -nocase -filter {name =~ "*microblaze*#0" && bscan=="USER2" }
loadhw -hw C:/385/lab67redo/newnewregen/newreregenbitstream/export/newreregenbitstream/hw/newreregenbitstream.xsa -regs
configparams mdm-detect-bscan-mask 2
targets -set -nocase -filter {name =~ "*microblaze*#0" && bscan=="USER2" }
rst -system
after 3000
targets -set -nocase -filter {name =~ "*microblaze*#0" && bscan=="USER2" }
dow C:/385/lab67redo/newnewregen/newbitstreamgen/Debug/newbitstreamgen.elf
----------------End of Script----------------

01:23:29 INFO  : Context for processor 'microblaze_0' is selected.
01:23:29 INFO  : 'con' command is executed.
01:23:29 INFO  : ----------------XSDB Script (After Launch)----------------
targets -set -nocase -filter {name =~ "*microblaze*#0" && bscan=="USER2" }
con
----------------End of Script----------------

01:23:29 INFO  : Disconnected from the channel tcfchan#7.
01:24:02 INFO  : Connected to target on host '127.0.0.1' and port '3121'.
01:24:02 INFO  : Jtag cable 'RealDigital Boo 8874292302F4A' is selected.
01:24:02 INFO  : 'jtag frequency' command is executed.
01:24:02 INFO  : 'targets -set -filter {jtag_cable_name =~ "RealDigital Boo 8874292302F4A" && level==0 && jtag_device_ctx=="jsn1-0362f093-0"}' command is executed.
01:24:04 INFO  : Device configured successfully with "C:/385/lab67redo/newnewregen/newbitstreamgen/_ide/bitstream/newreregenbitstream.bit"
01:24:04 INFO  : Context for processor 'microblaze_0' is selected.
01:24:04 INFO  : Hardware design and registers information is loaded from 'C:/385/lab67redo/newnewregen/newreregenbitstream/export/newreregenbitstream/hw/newreregenbitstream.xsa'.
01:24:04 INFO  : 'configparams mdm-detect-bscan-mask 2' command is executed.
01:24:04 INFO  : Context for processor 'microblaze_0' is selected.
01:24:04 INFO  : System reset is completed.
01:24:07 INFO  : 'after 3000' command is executed.
01:24:07 INFO  : Context for processor 'microblaze_0' is selected.
01:24:07 INFO  : The application 'C:/385/lab67redo/newnewregen/newbitstreamgen/Debug/newbitstreamgen.elf' is downloaded to processor 'microblaze_0'.
01:24:07 INFO  : ----------------XSDB Script----------------
connect -url tcp:127.0.0.1:3121
targets -set -filter {jtag_cable_name =~ "RealDigital Boo 8874292302F4A" && level==0 && jtag_device_ctx=="jsn1-0362f093-0"}
fpga -file C:/385/lab67redo/newnewregen/newbitstreamgen/_ide/bitstream/newreregenbitstream.bit
targets -set -nocase -filter {name =~ "*microblaze*#0" && bscan=="USER2" }
loadhw -hw C:/385/lab67redo/newnewregen/newreregenbitstream/export/newreregenbitstream/hw/newreregenbitstream.xsa -regs
configparams mdm-detect-bscan-mask 2
targets -set -nocase -filter {name =~ "*microblaze*#0" && bscan=="USER2" }
rst -system
after 3000
targets -set -nocase -filter {name =~ "*microblaze*#0" && bscan=="USER2" }
dow C:/385/lab67redo/newnewregen/newbitstreamgen/Debug/newbitstreamgen.elf
----------------End of Script----------------

01:24:07 INFO  : Context for processor 'microblaze_0' is selected.
01:24:07 INFO  : 'con' command is executed.
01:24:07 INFO  : ----------------XSDB Script (After Launch)----------------
targets -set -nocase -filter {name =~ "*microblaze*#0" && bscan=="USER2" }
con
----------------End of Script----------------

01:24:07 INFO  : Disconnected from the channel tcfchan#8.
