TRACE::2024-03-21.18:24:17::SCWPlatform::Trying to open the hw design at C:/385/project_6final/workspace6thursdayballeballe/mb_usb_hdmi_topfinalpls/hw/mb_usb_hdmi_topfinalpls.xsa
TRACE::2024-03-21.18:24:17::SCWPlatform::DSA given C:/385/project_6final/workspace6thursdayballeballe/mb_usb_hdmi_topfinalpls/hw/mb_usb_hdmi_topfinalpls.xsa
TRACE::2024-03-21.18:24:17::SCWPlatform::DSA absoulate path C:/385/project_6final/workspace6thursdayballeballe/mb_usb_hdmi_topfinalpls/hw/mb_usb_hdmi_topfinalpls.xsa
TRACE::2024-03-21.18:24:17::SCWPlatform::DSA directory C:/385/project_6final/workspace6thursdayballeballe/mb_usb_hdmi_topfinalpls/hw
TRACE::2024-03-21.18:24:17::SCWPlatform:: Platform Path C:/385/project_6final/workspace6thursdayballeballe/mb_usb_hdmi_topfinalpls/hw/mb_usb_hdmi_topfinalpls.xsa
TRACE::2024-03-21.18:24:17::SCWPlatform:: Unique name xilinx:::0.0
TRACE::2024-03-21.18:24:17::SCWPlatform::Do not have an existing db opened. 
TRACE::2024-03-21.18:24:17::SCWPlatform::Opened new HwDB with name mb_usb_hdmi_top_0
TRACE::2024-03-21.18:24:17::SCWWriter::formatted JSON is {
	"platformName":	"mb_usb_hdmi_topfinalpls",
	"sprVersion":	"2.0",
	"mode":	"gui",
	"dsaType":	"Fixed",
	"platformDesc":	"mb_usb_hdmi_topfinalpls",
	"platHandOff":	"C:/385/project_6final/mb_usb_hdmi_topfinalpls.xsa",
	"platIntHandOff":	"<platformDir>/hw/mb_usb_hdmi_topfinalpls.xsa",
	"deviceType":	"FPGA",
	"platIsPrebuiltAutogen":	"false",
	"platIsNoBootBsp":	"false",
	"hasFsblMakeHasChanges":	"false",
	"hasPmufwMakeHasChanges":	"false",
	"platPreBuiltFlag":	false,
	"platformSamplesDir":	""
}
TRACE::2024-03-21.18:24:17::SCWWriter::formatted JSON is {
	"platformName":	"mb_usb_hdmi_topfinalpls",
	"sprVersion":	"2.0",
	"mode":	"gui",
	"dsaType":	"Fixed",
	"platformDesc":	"mb_usb_hdmi_topfinalpls",
	"platHandOff":	"C:/385/project_6final/mb_usb_hdmi_topfinalpls.xsa",
	"platIntHandOff":	"<platformDir>/hw/mb_usb_hdmi_topfinalpls.xsa",
	"deviceType":	"FPGA",
	"platIsPrebuiltAutogen":	"false",
	"platIsNoBootBsp":	"false",
	"hasFsblMakeHasChanges":	"false",
	"hasPmufwMakeHasChanges":	"false",
	"platPreBuiltFlag":	false,
	"platformSamplesDir":	"",
	"platActiveSys":	"mb_usb_hdmi_topfinalpls",
	"systems":	[{
			"systemName":	"mb_usb_hdmi_topfinalpls",
			"systemDesc":	"mb_usb_hdmi_topfinalpls",
			"sysIsBootAutoGen":	"true",
			"systemDispName":	"mb_usb_hdmi_topfinalpls"
		}]
}
TRACE::2024-03-21.18:24:17::SCWPlatform::Boot application domains not present, creating them
TRACE::2024-03-21.18:24:17::SCWPlatform::Pure FPGA device, no boot application will be created.
TRACE::2024-03-21.18:24:17::SCWWriter::formatted JSON is {
	"platformName":	"mb_usb_hdmi_topfinalpls",
	"sprVersion":	"2.0",
	"mode":	"gui",
	"dsaType":	"Fixed",
	"platformDesc":	"mb_usb_hdmi_topfinalpls",
	"platHandOff":	"C:/385/project_6final/mb_usb_hdmi_topfinalpls.xsa",
	"platIntHandOff":	"<platformDir>/hw/mb_usb_hdmi_topfinalpls.xsa",
	"deviceType":	"FPGA",
	"platIsPrebuiltAutogen":	"false",
	"platIsNoBootBsp":	"false",
	"hasFsblMakeHasChanges":	"false",
	"hasPmufwMakeHasChanges":	"false",
	"platPreBuiltFlag":	false,
	"platformSamplesDir":	"",
	"platActiveSys":	"mb_usb_hdmi_topfinalpls",
	"systems":	[{
			"systemName":	"mb_usb_hdmi_topfinalpls",
			"systemDesc":	"mb_usb_hdmi_topfinalpls",
			"sysIsBootAutoGen":	"true",
			"systemDispName":	"mb_usb_hdmi_topfinalpls"
		}]
}
TRACE::2024-03-21.18:24:17::SCWWriter::formatted JSON is {
	"platformName":	"mb_usb_hdmi_topfinalpls",
	"sprVersion":	"2.0",
	"mode":	"gui",
	"dsaType":	"Fixed",
	"platformDesc":	"mb_usb_hdmi_topfinalpls",
	"platHandOff":	"C:/385/project_6final/mb_usb_hdmi_topfinalpls.xsa",
	"platIntHandOff":	"<platformDir>/hw/mb_usb_hdmi_topfinalpls.xsa",
	"deviceType":	"FPGA",
	"platIsPrebuiltAutogen":	"false",
	"platIsNoBootBsp":	"false",
	"hasFsblMakeHasChanges":	"false",
	"hasPmufwMakeHasChanges":	"false",
	"platPreBuiltFlag":	false,
	"platformSamplesDir":	"",
	"platActiveSys":	"mb_usb_hdmi_topfinalpls",
	"systems":	[{
			"systemName":	"mb_usb_hdmi_topfinalpls",
			"systemDesc":	"mb_usb_hdmi_topfinalpls",
			"sysIsBootAutoGen":	"true",
			"systemDispName":	"mb_usb_hdmi_topfinalpls"
		}]
}
TRACE::2024-03-21.18:24:17::SCWPlatform::Trying to open the hw design at C:/385/project_6final/workspace6thursdayballeballe/mb_usb_hdmi_topfinalpls/hw/mb_usb_hdmi_topfinalpls.xsa
TRACE::2024-03-21.18:24:17::SCWPlatform::DSA given C:/385/project_6final/workspace6thursdayballeballe/mb_usb_hdmi_topfinalpls/hw/mb_usb_hdmi_topfinalpls.xsa
TRACE::2024-03-21.18:24:17::SCWPlatform::DSA absoulate path C:/385/project_6final/workspace6thursdayballeballe/mb_usb_hdmi_topfinalpls/hw/mb_usb_hdmi_topfinalpls.xsa
TRACE::2024-03-21.18:24:17::SCWPlatform::DSA directory C:/385/project_6final/workspace6thursdayballeballe/mb_usb_hdmi_topfinalpls/hw
TRACE::2024-03-21.18:24:17::SCWPlatform:: Platform Path C:/385/project_6final/workspace6thursdayballeballe/mb_usb_hdmi_topfinalpls/hw/mb_usb_hdmi_topfinalpls.xsa
TRACE::2024-03-21.18:24:17::SCWPlatform:: Unique name xilinx:::0.0
TRACE::2024-03-21.18:24:17::SCWPlatform::Trying to set the existing hwdb with name mb_usb_hdmi_top_0
TRACE::2024-03-21.18:24:17::SCWPlatform::Opened existing hwdb mb_usb_hdmi_top_0
TRACE::2024-03-21.18:24:17::SCWPlatform::Found the Hw Db part of the input DSA
TRACE::2024-03-21.18:24:17::SCWPlatform::Trying to open the hw design at C:/385/project_6final/workspace6thursdayballeballe/mb_usb_hdmi_topfinalpls/hw/mb_usb_hdmi_topfinalpls.xsa
TRACE::2024-03-21.18:24:17::SCWPlatform::DSA given C:/385/project_6final/workspace6thursdayballeballe/mb_usb_hdmi_topfinalpls/hw/mb_usb_hdmi_topfinalpls.xsa
TRACE::2024-03-21.18:24:17::SCWPlatform::DSA absoulate path C:/385/project_6final/workspace6thursdayballeballe/mb_usb_hdmi_topfinalpls/hw/mb_usb_hdmi_topfinalpls.xsa
TRACE::2024-03-21.18:24:17::SCWPlatform::DSA directory C:/385/project_6final/workspace6thursdayballeballe/mb_usb_hdmi_topfinalpls/hw
TRACE::2024-03-21.18:24:17::SCWPlatform:: Platform Path C:/385/project_6final/workspace6thursdayballeballe/mb_usb_hdmi_topfinalpls/hw/mb_usb_hdmi_topfinalpls.xsa
TRACE::2024-03-21.18:24:17::SCWPlatform:: Unique name xilinx:::0.0
TRACE::2024-03-21.18:24:17::SCWPlatform::Trying to set the existing hwdb with name mb_usb_hdmi_top_0
TRACE::2024-03-21.18:24:17::SCWPlatform::Opened existing hwdb mb_usb_hdmi_top_0
TRACE::2024-03-21.18:24:17::SCWPlatform::Found the Hw Db part of the input DSA
TRACE::2024-03-21.18:24:17::SCWDomain::checking for install qemu data   : 
TRACE::2024-03-21.18:24:17::SCWPlatform::Trying to open the hw design at C:/385/project_6final/workspace6thursdayballeballe/mb_usb_hdmi_topfinalpls/hw/mb_usb_hdmi_topfinalpls.xsa
TRACE::2024-03-21.18:24:17::SCWPlatform::DSA given C:/385/project_6final/workspace6thursdayballeballe/mb_usb_hdmi_topfinalpls/hw/mb_usb_hdmi_topfinalpls.xsa
TRACE::2024-03-21.18:24:17::SCWPlatform::DSA absoulate path C:/385/project_6final/workspace6thursdayballeballe/mb_usb_hdmi_topfinalpls/hw/mb_usb_hdmi_topfinalpls.xsa
TRACE::2024-03-21.18:24:17::SCWPlatform::DSA directory C:/385/project_6final/workspace6thursdayballeballe/mb_usb_hdmi_topfinalpls/hw
TRACE::2024-03-21.18:24:17::SCWPlatform:: Platform Path C:/385/project_6final/workspace6thursdayballeballe/mb_usb_hdmi_topfinalpls/hw/mb_usb_hdmi_topfinalpls.xsa
TRACE::2024-03-21.18:24:17::SCWPlatform:: Unique name xilinx:::0.0
TRACE::2024-03-21.18:24:17::SCWPlatform::Trying to set the existing hwdb with name mb_usb_hdmi_top_0
TRACE::2024-03-21.18:24:17::SCWPlatform::Opened existing hwdb mb_usb_hdmi_top_0
TRACE::2024-03-21.18:24:17::SCWPlatform::Found the Hw Db part of the input DSA
TRACE::2024-03-21.18:24:17::SCWPlatform::Trying to open the hw design at C:/385/project_6final/workspace6thursdayballeballe/mb_usb_hdmi_topfinalpls/hw/mb_usb_hdmi_topfinalpls.xsa
TRACE::2024-03-21.18:24:17::SCWPlatform::DSA given C:/385/project_6final/workspace6thursdayballeballe/mb_usb_hdmi_topfinalpls/hw/mb_usb_hdmi_topfinalpls.xsa
TRACE::2024-03-21.18:24:17::SCWPlatform::DSA absoulate path C:/385/project_6final/workspace6thursdayballeballe/mb_usb_hdmi_topfinalpls/hw/mb_usb_hdmi_topfinalpls.xsa
TRACE::2024-03-21.18:24:17::SCWPlatform::DSA directory C:/385/project_6final/workspace6thursdayballeballe/mb_usb_hdmi_topfinalpls/hw
TRACE::2024-03-21.18:24:17::SCWPlatform:: Platform Path C:/385/project_6final/workspace6thursdayballeballe/mb_usb_hdmi_topfinalpls/hw/mb_usb_hdmi_topfinalpls.xsa
TRACE::2024-03-21.18:24:17::SCWPlatform:: Unique name xilinx:::0.0
TRACE::2024-03-21.18:24:17::SCWPlatform::Trying to set the existing hwdb with name mb_usb_hdmi_top_0
TRACE::2024-03-21.18:24:17::SCWPlatform::Opened existing hwdb mb_usb_hdmi_top_0
TRACE::2024-03-21.18:24:17::SCWPlatform::Found the Hw Db part of the input DSA
TRACE::2024-03-21.18:24:17::SCWPlatform::Trying to open the hw design at C:/385/project_6final/workspace6thursdayballeballe/mb_usb_hdmi_topfinalpls/hw/mb_usb_hdmi_topfinalpls.xsa
TRACE::2024-03-21.18:24:17::SCWPlatform::DSA given C:/385/project_6final/workspace6thursdayballeballe/mb_usb_hdmi_topfinalpls/hw/mb_usb_hdmi_topfinalpls.xsa
TRACE::2024-03-21.18:24:17::SCWPlatform::DSA absoulate path C:/385/project_6final/workspace6thursdayballeballe/mb_usb_hdmi_topfinalpls/hw/mb_usb_hdmi_topfinalpls.xsa
TRACE::2024-03-21.18:24:17::SCWPlatform::DSA directory C:/385/project_6final/workspace6thursdayballeballe/mb_usb_hdmi_topfinalpls/hw
TRACE::2024-03-21.18:24:17::SCWPlatform:: Platform Path C:/385/project_6final/workspace6thursdayballeballe/mb_usb_hdmi_topfinalpls/hw/mb_usb_hdmi_topfinalpls.xsa
TRACE::2024-03-21.18:24:17::SCWPlatform:: Unique name xilinx:::0.0
TRACE::2024-03-21.18:24:17::SCWPlatform::Trying to set the existing hwdb with name mb_usb_hdmi_top_0
TRACE::2024-03-21.18:24:17::SCWPlatform::Opened existing hwdb mb_usb_hdmi_top_0
TRACE::2024-03-21.18:24:17::SCWPlatform::Found the Hw Db part of the input DSA
TRACE::2024-03-21.18:24:17::SCWMssOS::Checking the sw design at  C:/385/project_6final/workspace6thursdayballeballe/mb_usb_hdmi_topfinalpls/microblaze_0/standalone_microblaze_0/bsp/system.mss
TRACE::2024-03-21.18:24:17::SCWMssOS::DEBUG:  swdes dump  
TRACE::2024-03-21.18:24:17::SCWMssOS::No sw design opened at  C:/385/project_6final/workspace6thursdayballeballe/mb_usb_hdmi_topfinalpls/microblaze_0/standalone_microblaze_0/bsp/system.mss
TRACE::2024-03-21.18:24:17::SCWMssOS::mss does not exists at C:/385/project_6final/workspace6thursdayballeballe/mb_usb_hdmi_topfinalpls/microblaze_0/standalone_microblaze_0/bsp/system.mss
TRACE::2024-03-21.18:24:17::SCWMssOS::Creating sw design at  C:/385/project_6final/workspace6thursdayballeballe/mb_usb_hdmi_topfinalpls/microblaze_0/standalone_microblaze_0/bsp/system.mss
TRACE::2024-03-21.18:24:17::SCWMssOS::Adding the swdes entry, created swdb C:/385/project_6final/workspace6thursdayballeballe/mb_usb_hdmi_topfinalpls/microblaze_0/standalone_microblaze_0/bsp/system.mss with des name C:/385/project_6final/workspace6thursdayballeballe/mb_usb_hdmi_topfinalpls/microblaze_0/standalone_microblaze_0/bsp/system.mss
TRACE::2024-03-21.18:24:18::SCWMssOS::updating the scw layer changes to swdes at   C:/385/project_6final/workspace6thursdayballeballe/mb_usb_hdmi_topfinalpls/microblaze_0/standalone_microblaze_0/bsp/system.mss
TRACE::2024-03-21.18:24:18::SCWMssOS::Writing mss at C:/385/project_6final/workspace6thursdayballeballe/mb_usb_hdmi_topfinalpls/microblaze_0/standalone_microblaze_0/bsp/system.mss
TRACE::2024-03-21.18:24:18::SCWMssOS::Completed writing the mss file at C:/385/project_6final/workspace6thursdayballeballe/mb_usb_hdmi_topfinalpls/microblaze_0/standalone_microblaze_0/bsp
TRACE::2024-03-21.18:24:18::SCWMssOS::Picking up changes from newly written mss file into SCW Layer. 
TRACE::2024-03-21.18:24:18::SCWMssOS::Updated the changes from newly written mss file into SCW Layer. 
TRACE::2024-03-21.18:24:18::SCWMssOS::Completed writing the mss file at C:/385/project_6final/workspace6thursdayballeballe/mb_usb_hdmi_topfinalpls/microblaze_0/standalone_microblaze_0/bsp
TRACE::2024-03-21.18:24:18::SCWMssOS::Forcing BSP Sources regeneration.
TRACE::2024-03-21.18:24:20::SCWMssOS::Saving the mss changes C:/385/project_6final/workspace6thursdayballeballe/mb_usb_hdmi_topfinalpls/microblaze_0/standalone_microblaze_0/bsp/system.mss
TRACE::2024-03-21.18:24:20::SCWMssOS::Adding the swdes entry, mss present, able to open swdb C:/385/project_6final/workspace6thursdayballeballe/mb_usb_hdmi_topfinalpls/microblaze_0/standalone_microblaze_0/bsp/system.mss with des name system
TRACE::2024-03-21.18:24:20::SCWMssOS::Writing the mss file completed C:/385/project_6final/workspace6thursdayballeballe/mb_usb_hdmi_topfinalpls/microblaze_0/standalone_microblaze_0/bsp/system.mss
TRACE::2024-03-21.18:24:20::SCWMssOS::Commit changes completed.
TRACE::2024-03-21.18:24:20::SCWPlatform::Trying to open the hw design at C:/385/project_6final/workspace6thursdayballeballe/mb_usb_hdmi_topfinalpls/hw/mb_usb_hdmi_topfinalpls.xsa
TRACE::2024-03-21.18:24:20::SCWPlatform::DSA given C:/385/project_6final/workspace6thursdayballeballe/mb_usb_hdmi_topfinalpls/hw/mb_usb_hdmi_topfinalpls.xsa
TRACE::2024-03-21.18:24:20::SCWPlatform::DSA absoulate path C:/385/project_6final/workspace6thursdayballeballe/mb_usb_hdmi_topfinalpls/hw/mb_usb_hdmi_topfinalpls.xsa
TRACE::2024-03-21.18:24:20::SCWPlatform::DSA directory C:/385/project_6final/workspace6thursdayballeballe/mb_usb_hdmi_topfinalpls/hw
TRACE::2024-03-21.18:24:20::SCWPlatform:: Platform Path C:/385/project_6final/workspace6thursdayballeballe/mb_usb_hdmi_topfinalpls/hw/mb_usb_hdmi_topfinalpls.xsa
TRACE::2024-03-21.18:24:20::SCWPlatform:: Unique name xilinx:::0.0
TRACE::2024-03-21.18:24:20::SCWPlatform::Trying to set the existing hwdb with name mb_usb_hdmi_top_0
TRACE::2024-03-21.18:24:20::SCWPlatform::Opened existing hwdb mb_usb_hdmi_top_0
TRACE::2024-03-21.18:24:20::SCWPlatform::Found the Hw Db part of the input DSA
TRACE::2024-03-21.18:24:20::SCWMssOS::Checking the sw design at  C:/385/project_6final/workspace6thursdayballeballe/mb_usb_hdmi_topfinalpls/microblaze_0/standalone_microblaze_0/bsp/system.mss
TRACE::2024-03-21.18:24:20::SCWMssOS::DEBUG:  swdes dump  C:/385/project_6final/workspace6thursdayballeballe/mb_usb_hdmi_topfinalpls/microblaze_0/standalone_microblaze_0/bsp/system.mss|system||

TRACE::2024-03-21.18:24:20::SCWMssOS::Sw design exists and opened at  C:/385/project_6final/workspace6thursdayballeballe/mb_usb_hdmi_topfinalpls/microblaze_0/standalone_microblaze_0/bsp/system.mss
TRACE::2024-03-21.18:24:20::SCWPlatform::Trying to open the hw design at C:/385/project_6final/workspace6thursdayballeballe/mb_usb_hdmi_topfinalpls/hw/mb_usb_hdmi_topfinalpls.xsa
TRACE::2024-03-21.18:24:20::SCWPlatform::DSA given C:/385/project_6final/workspace6thursdayballeballe/mb_usb_hdmi_topfinalpls/hw/mb_usb_hdmi_topfinalpls.xsa
TRACE::2024-03-21.18:24:20::SCWPlatform::DSA absoulate path C:/385/project_6final/workspace6thursdayballeballe/mb_usb_hdmi_topfinalpls/hw/mb_usb_hdmi_topfinalpls.xsa
TRACE::2024-03-21.18:24:20::SCWPlatform::DSA directory C:/385/project_6final/workspace6thursdayballeballe/mb_usb_hdmi_topfinalpls/hw
TRACE::2024-03-21.18:24:20::SCWPlatform:: Platform Path C:/385/project_6final/workspace6thursdayballeballe/mb_usb_hdmi_topfinalpls/hw/mb_usb_hdmi_topfinalpls.xsa
TRACE::2024-03-21.18:24:20::SCWPlatform:: Unique name xilinx:::0.0
TRACE::2024-03-21.18:24:20::SCWPlatform::Trying to set the existing hwdb with name mb_usb_hdmi_top_0
TRACE::2024-03-21.18:24:20::SCWPlatform::Opened existing hwdb mb_usb_hdmi_top_0
TRACE::2024-03-21.18:24:20::SCWPlatform::Found the Hw Db part of the input DSA
TRACE::2024-03-21.18:24:20::SCWMssOS::Checking the sw design at  C:/385/project_6final/workspace6thursdayballeballe/mb_usb_hdmi_topfinalpls/microblaze_0/standalone_microblaze_0/bsp/system.mss
TRACE::2024-03-21.18:24:20::SCWMssOS::DEBUG:  swdes dump  C:/385/project_6final/workspace6thursdayballeballe/mb_usb_hdmi_topfinalpls/microblaze_0/standalone_microblaze_0/bsp/system.mss|system||

TRACE::2024-03-21.18:24:20::SCWMssOS::Sw design exists and opened at  C:/385/project_6final/workspace6thursdayballeballe/mb_usb_hdmi_topfinalpls/microblaze_0/standalone_microblaze_0/bsp/system.mss
TRACE::2024-03-21.18:24:20::SCWPlatform::Trying to open the hw design at C:/385/project_6final/workspace6thursdayballeballe/mb_usb_hdmi_topfinalpls/hw/mb_usb_hdmi_topfinalpls.xsa
TRACE::2024-03-21.18:24:20::SCWPlatform::DSA given C:/385/project_6final/workspace6thursdayballeballe/mb_usb_hdmi_topfinalpls/hw/mb_usb_hdmi_topfinalpls.xsa
TRACE::2024-03-21.18:24:20::SCWPlatform::DSA absoulate path C:/385/project_6final/workspace6thursdayballeballe/mb_usb_hdmi_topfinalpls/hw/mb_usb_hdmi_topfinalpls.xsa
TRACE::2024-03-21.18:24:20::SCWPlatform::DSA directory C:/385/project_6final/workspace6thursdayballeballe/mb_usb_hdmi_topfinalpls/hw
TRACE::2024-03-21.18:24:20::SCWPlatform:: Platform Path C:/385/project_6final/workspace6thursdayballeballe/mb_usb_hdmi_topfinalpls/hw/mb_usb_hdmi_topfinalpls.xsa
TRACE::2024-03-21.18:24:20::SCWPlatform:: Unique name xilinx:::0.0
TRACE::2024-03-21.18:24:20::SCWPlatform::Trying to set the existing hwdb with name mb_usb_hdmi_top_0
TRACE::2024-03-21.18:24:20::SCWPlatform::Opened existing hwdb mb_usb_hdmi_top_0
TRACE::2024-03-21.18:24:20::SCWPlatform::Found the Hw Db part of the input DSA
TRACE::2024-03-21.18:24:20::SCWMssOS::Checking the sw design at  C:/385/project_6final/workspace6thursdayballeballe/mb_usb_hdmi_topfinalpls/microblaze_0/standalone_microblaze_0/bsp/system.mss
TRACE::2024-03-21.18:24:20::SCWMssOS::DEBUG:  swdes dump  C:/385/project_6final/workspace6thursdayballeballe/mb_usb_hdmi_topfinalpls/microblaze_0/standalone_microblaze_0/bsp/system.mss|system||

TRACE::2024-03-21.18:24:20::SCWMssOS::Sw design exists and opened at  C:/385/project_6final/workspace6thursdayballeballe/mb_usb_hdmi_topfinalpls/microblaze_0/standalone_microblaze_0/bsp/system.mss
TRACE::2024-03-21.18:24:20::SCWWriter::formatted JSON is {
	"platformName":	"mb_usb_hdmi_topfinalpls",
	"sprVersion":	"2.0",
	"mode":	"gui",
	"dsaType":	"Fixed",
	"platformDesc":	"mb_usb_hdmi_topfinalpls",
	"platHandOff":	"C:/385/project_6final/mb_usb_hdmi_topfinalpls.xsa",
	"platIntHandOff":	"<platformDir>/hw/mb_usb_hdmi_topfinalpls.xsa",
	"deviceType":	"FPGA",
	"platIsPrebuiltAutogen":	"false",
	"platIsNoBootBsp":	"false",
	"hasFsblMakeHasChanges":	"false",
	"hasPmufwMakeHasChanges":	"false",
	"platPreBuiltFlag":	false,
	"platformSamplesDir":	"",
	"platActiveSys":	"mb_usb_hdmi_topfinalpls",
	"systems":	[{
			"systemName":	"mb_usb_hdmi_topfinalpls",
			"systemDesc":	"mb_usb_hdmi_topfinalpls",
			"sysIsBootAutoGen":	"true",
			"systemDispName":	"mb_usb_hdmi_topfinalpls",
			"sysActiveDom":	"standalone_microblaze_0",
			"sysDefaultDom":	"standalone_microblaze_0",
			"domains":	[{
					"domainName":	"standalone_microblaze_0",
					"domainDispName":	"standalone_microblaze_0",
					"domainDesc":	"standalone_microblaze_0",
					"processors":	"microblaze_0",
					"os":	"standalone",
					"sdxOs":	"standalone",
					"debugEnable":	"False",
					"domRuntimes":	["cpp"],
					"swRepo":	"",
					"mssOsVer":	"8.0",
					"mssFile":	"",
					"md5Digest":	"304529987e879521ca977c68d163f362",
					"compatibleApp":	"hello_world",
					"domType":	"mssDomain",
					"arch":	"32-bit",
					"appSettings":	{
						"appCompilerFlags":	"",
						"appLinkerFlags":	""
					},
					"addedLibs":	[],
					"libOptions":	{
						"libsContainingOptions":	[]
					},
					"prebuiltLibs":	{
						"prebuiltIncPath":	[],
						"prebuiltLibPath":	[]
					},
					"isolation":	{
					}
				}]
		}]
}
LOG::2024-03-21.18:24:20::SCWPlatform::Started generating the artifacts platform mb_usb_hdmi_topfinalpls
TRACE::2024-03-21.18:24:20::SCWPlatform::Sanity checking of platform is completed
LOG::2024-03-21.18:24:20::SCWPlatform::Started generating the artifacts for system configuration mb_usb_hdmi_topfinalpls
LOG::2024-03-21.18:24:20::SCWSystem::Checking the domain standalone_microblaze_0
LOG::2024-03-21.18:24:20::SCWSystem::Not a boot domain 
LOG::2024-03-21.18:24:20::SCWSystem::Started Processing the domain standalone_microblaze_0
TRACE::2024-03-21.18:24:20::SCWDomain::Generating domain artifcats
TRACE::2024-03-21.18:24:20::SCWMssOS::Generating standalone artifcats
TRACE::2024-03-21.18:24:20::SCWMssOS:: Copying the user libraries. 
TRACE::2024-03-21.18:24:20::SCWPlatform::Trying to open the hw design at C:/385/project_6final/workspace6thursdayballeballe/mb_usb_hdmi_topfinalpls/hw/mb_usb_hdmi_topfinalpls.xsa
TRACE::2024-03-21.18:24:20::SCWPlatform::DSA given C:/385/project_6final/workspace6thursdayballeballe/mb_usb_hdmi_topfinalpls/hw/mb_usb_hdmi_topfinalpls.xsa
TRACE::2024-03-21.18:24:20::SCWPlatform::DSA absoulate path C:/385/project_6final/workspace6thursdayballeballe/mb_usb_hdmi_topfinalpls/hw/mb_usb_hdmi_topfinalpls.xsa
TRACE::2024-03-21.18:24:20::SCWPlatform::DSA directory C:/385/project_6final/workspace6thursdayballeballe/mb_usb_hdmi_topfinalpls/hw
TRACE::2024-03-21.18:24:20::SCWPlatform:: Platform Path C:/385/project_6final/workspace6thursdayballeballe/mb_usb_hdmi_topfinalpls/hw/mb_usb_hdmi_topfinalpls.xsa
TRACE::2024-03-21.18:24:20::SCWPlatform:: Unique name xilinx:::0.0
TRACE::2024-03-21.18:24:20::SCWPlatform::Trying to set the existing hwdb with name mb_usb_hdmi_top_0
TRACE::2024-03-21.18:24:20::SCWPlatform::Opened existing hwdb mb_usb_hdmi_top_0
TRACE::2024-03-21.18:24:20::SCWPlatform::Found the Hw Db part of the input DSA
TRACE::2024-03-21.18:24:20::SCWMssOS::Checking the sw design at  C:/385/project_6final/workspace6thursdayballeballe/mb_usb_hdmi_topfinalpls/microblaze_0/standalone_microblaze_0/bsp/system.mss
TRACE::2024-03-21.18:24:20::SCWMssOS::DEBUG:  swdes dump  C:/385/project_6final/workspace6thursdayballeballe/mb_usb_hdmi_topfinalpls/microblaze_0/standalone_microblaze_0/bsp/system.mss|system||

TRACE::2024-03-21.18:24:20::SCWMssOS::Sw design exists and opened at  C:/385/project_6final/workspace6thursdayballeballe/mb_usb_hdmi_topfinalpls/microblaze_0/standalone_microblaze_0/bsp/system.mss
TRACE::2024-03-21.18:24:20::SCWMssOS::Completed writing the mss file at C:/385/project_6final/workspace6thursdayballeballe/mb_usb_hdmi_topfinalpls/microblaze_0/standalone_microblaze_0/bsp
TRACE::2024-03-21.18:24:20::SCWMssOS::Mss edits present, copying mssfile into export location C:/385/project_6final/workspace6thursdayballeballe/mb_usb_hdmi_topfinalpls/microblaze_0/standalone_microblaze_0/bsp/system.mss
TRACE::2024-03-21.18:24:20::SCWMssOS::bsp generated is upto date with the mss file. Skipping bsp generation.
TRACE::2024-03-21.18:24:20::SCWMssOS::BSP is already built. skipping the bsp build ... 
TRACE::2024-03-21.18:24:20::SCWDomain::Skipping the build for domain :  standalone_microblaze_0
TRACE::2024-03-21.18:24:20::SCWMssOS::skipping the bsp build ... 
TRACE::2024-03-21.18:24:20::SCWMssOS::Copying to export directory.
TRACE::2024-03-21.18:24:20::SCWMssOS:: Checking if to create the Supporting Applications
TRACE::2024-03-21.18:24:20::SCWMssOS:: No Linux domain exists, trying to generate FSBL 
LOG::2024-03-21.18:24:20::SCWSystem::Completed Processing the domain standalone_microblaze_0
LOG::2024-03-21.18:24:20::SCWSystem::Completed Processing the sysconfig mb_usb_hdmi_topfinalpls
LOG::2024-03-21.18:24:20::SCWPlatform::Completed generating the artifacts for system configuration mb_usb_hdmi_topfinalpls
TRACE::2024-03-21.18:24:20::SCWPlatform::Started preparing the platform 
TRACE::2024-03-21.18:24:20::SCWSystem::Writing the bif file for system config mb_usb_hdmi_topfinalpls
TRACE::2024-03-21.18:24:20::SCWSystem::dir created 
TRACE::2024-03-21.18:24:20::SCWSystem::Writing the bif 
TRACE::2024-03-21.18:24:20::SCWPlatform::Started writing the spfm file 
TRACE::2024-03-21.18:24:20::SCWPlatform::Started writing the xpfm file 
TRACE::2024-03-21.18:24:20::SCWPlatform::Completed generating the platform
TRACE::2024-03-21.18:24:20::SCWMssOS::Saving the mss changes C:/385/project_6final/workspace6thursdayballeballe/mb_usb_hdmi_topfinalpls/microblaze_0/standalone_microblaze_0/bsp/system.mss
TRACE::2024-03-21.18:24:20::SCWMssOS::Found a swdesign opened with the mssfile.
TRACE::2024-03-21.18:24:20::SCWMssOS::Completed writemss as part of save.
TRACE::2024-03-21.18:24:20::SCWMssOS::Commit changes completed.
TRACE::2024-03-21.18:24:20::SCWPlatform::Trying to open the hw design at C:/385/project_6final/workspace6thursdayballeballe/mb_usb_hdmi_topfinalpls/hw/mb_usb_hdmi_topfinalpls.xsa
TRACE::2024-03-21.18:24:20::SCWPlatform::DSA given C:/385/project_6final/workspace6thursdayballeballe/mb_usb_hdmi_topfinalpls/hw/mb_usb_hdmi_topfinalpls.xsa
TRACE::2024-03-21.18:24:20::SCWPlatform::DSA absoulate path C:/385/project_6final/workspace6thursdayballeballe/mb_usb_hdmi_topfinalpls/hw/mb_usb_hdmi_topfinalpls.xsa
TRACE::2024-03-21.18:24:20::SCWPlatform::DSA directory C:/385/project_6final/workspace6thursdayballeballe/mb_usb_hdmi_topfinalpls/hw
TRACE::2024-03-21.18:24:20::SCWPlatform:: Platform Path C:/385/project_6final/workspace6thursdayballeballe/mb_usb_hdmi_topfinalpls/hw/mb_usb_hdmi_topfinalpls.xsa
TRACE::2024-03-21.18:24:20::SCWPlatform:: Unique name xilinx:::0.0
TRACE::2024-03-21.18:24:20::SCWPlatform::Trying to set the existing hwdb with name mb_usb_hdmi_top_0
TRACE::2024-03-21.18:24:20::SCWPlatform::Opened existing hwdb mb_usb_hdmi_top_0
TRACE::2024-03-21.18:24:20::SCWPlatform::Found the Hw Db part of the input DSA
TRACE::2024-03-21.18:24:20::SCWMssOS::Checking the sw design at  C:/385/project_6final/workspace6thursdayballeballe/mb_usb_hdmi_topfinalpls/microblaze_0/standalone_microblaze_0/bsp/system.mss
TRACE::2024-03-21.18:24:20::SCWMssOS::DEBUG:  swdes dump  C:/385/project_6final/workspace6thursdayballeballe/mb_usb_hdmi_topfinalpls/microblaze_0/standalone_microblaze_0/bsp/system.mss|system||

TRACE::2024-03-21.18:24:20::SCWMssOS::Sw design exists and opened at  C:/385/project_6final/workspace6thursdayballeballe/mb_usb_hdmi_topfinalpls/microblaze_0/standalone_microblaze_0/bsp/system.mss
TRACE::2024-03-21.18:24:20::SCWPlatform::Trying to open the hw design at C:/385/project_6final/workspace6thursdayballeballe/mb_usb_hdmi_topfinalpls/hw/mb_usb_hdmi_topfinalpls.xsa
TRACE::2024-03-21.18:24:20::SCWPlatform::DSA given C:/385/project_6final/workspace6thursdayballeballe/mb_usb_hdmi_topfinalpls/hw/mb_usb_hdmi_topfinalpls.xsa
TRACE::2024-03-21.18:24:20::SCWPlatform::DSA absoulate path C:/385/project_6final/workspace6thursdayballeballe/mb_usb_hdmi_topfinalpls/hw/mb_usb_hdmi_topfinalpls.xsa
TRACE::2024-03-21.18:24:20::SCWPlatform::DSA directory C:/385/project_6final/workspace6thursdayballeballe/mb_usb_hdmi_topfinalpls/hw
TRACE::2024-03-21.18:24:20::SCWPlatform:: Platform Path C:/385/project_6final/workspace6thursdayballeballe/mb_usb_hdmi_topfinalpls/hw/mb_usb_hdmi_topfinalpls.xsa
TRACE::2024-03-21.18:24:20::SCWPlatform:: Unique name xilinx:::0.0
TRACE::2024-03-21.18:24:20::SCWPlatform::Trying to set the existing hwdb with name mb_usb_hdmi_top_0
TRACE::2024-03-21.18:24:20::SCWPlatform::Opened existing hwdb mb_usb_hdmi_top_0
TRACE::2024-03-21.18:24:20::SCWPlatform::Found the Hw Db part of the input DSA
TRACE::2024-03-21.18:24:20::SCWMssOS::Checking the sw design at  C:/385/project_6final/workspace6thursdayballeballe/mb_usb_hdmi_topfinalpls/microblaze_0/standalone_microblaze_0/bsp/system.mss
TRACE::2024-03-21.18:24:20::SCWMssOS::DEBUG:  swdes dump  C:/385/project_6final/workspace6thursdayballeballe/mb_usb_hdmi_topfinalpls/microblaze_0/standalone_microblaze_0/bsp/system.mss|system||

TRACE::2024-03-21.18:24:20::SCWMssOS::Sw design exists and opened at  C:/385/project_6final/workspace6thursdayballeballe/mb_usb_hdmi_topfinalpls/microblaze_0/standalone_microblaze_0/bsp/system.mss
TRACE::2024-03-21.18:24:20::SCWPlatform::Trying to open the hw design at C:/385/project_6final/workspace6thursdayballeballe/mb_usb_hdmi_topfinalpls/hw/mb_usb_hdmi_topfinalpls.xsa
TRACE::2024-03-21.18:24:20::SCWPlatform::DSA given C:/385/project_6final/workspace6thursdayballeballe/mb_usb_hdmi_topfinalpls/hw/mb_usb_hdmi_topfinalpls.xsa
TRACE::2024-03-21.18:24:20::SCWPlatform::DSA absoulate path C:/385/project_6final/workspace6thursdayballeballe/mb_usb_hdmi_topfinalpls/hw/mb_usb_hdmi_topfinalpls.xsa
TRACE::2024-03-21.18:24:20::SCWPlatform::DSA directory C:/385/project_6final/workspace6thursdayballeballe/mb_usb_hdmi_topfinalpls/hw
TRACE::2024-03-21.18:24:20::SCWPlatform:: Platform Path C:/385/project_6final/workspace6thursdayballeballe/mb_usb_hdmi_topfinalpls/hw/mb_usb_hdmi_topfinalpls.xsa
TRACE::2024-03-21.18:24:20::SCWPlatform:: Unique name xilinx:::0.0
TRACE::2024-03-21.18:24:20::SCWPlatform::Trying to set the existing hwdb with name mb_usb_hdmi_top_0
TRACE::2024-03-21.18:24:20::SCWPlatform::Opened existing hwdb mb_usb_hdmi_top_0
TRACE::2024-03-21.18:24:20::SCWPlatform::Found the Hw Db part of the input DSA
TRACE::2024-03-21.18:24:20::SCWMssOS::Checking the sw design at  C:/385/project_6final/workspace6thursdayballeballe/mb_usb_hdmi_topfinalpls/microblaze_0/standalone_microblaze_0/bsp/system.mss
TRACE::2024-03-21.18:24:20::SCWMssOS::DEBUG:  swdes dump  C:/385/project_6final/workspace6thursdayballeballe/mb_usb_hdmi_topfinalpls/microblaze_0/standalone_microblaze_0/bsp/system.mss|system||

TRACE::2024-03-21.18:24:20::SCWMssOS::Sw design exists and opened at  C:/385/project_6final/workspace6thursdayballeballe/mb_usb_hdmi_topfinalpls/microblaze_0/standalone_microblaze_0/bsp/system.mss
TRACE::2024-03-21.18:24:20::SCWWriter::formatted JSON is {
	"platformName":	"mb_usb_hdmi_topfinalpls",
	"sprVersion":	"2.0",
	"mode":	"gui",
	"dsaType":	"Fixed",
	"platformDesc":	"mb_usb_hdmi_topfinalpls",
	"platHandOff":	"C:/385/project_6final/mb_usb_hdmi_topfinalpls.xsa",
	"platIntHandOff":	"<platformDir>/hw/mb_usb_hdmi_topfinalpls.xsa",
	"deviceType":	"FPGA",
	"platIsPrebuiltAutogen":	"false",
	"platIsNoBootBsp":	"false",
	"hasFsblMakeHasChanges":	"false",
	"hasPmufwMakeHasChanges":	"false",
	"platPreBuiltFlag":	false,
	"platformSamplesDir":	"",
	"platActiveSys":	"mb_usb_hdmi_topfinalpls",
	"systems":	[{
			"systemName":	"mb_usb_hdmi_topfinalpls",
			"systemDesc":	"mb_usb_hdmi_topfinalpls",
			"sysIsBootAutoGen":	"true",
			"systemDispName":	"mb_usb_hdmi_topfinalpls",
			"sysActiveDom":	"standalone_microblaze_0",
			"sysDefaultDom":	"standalone_microblaze_0",
			"domains":	[{
					"domainName":	"standalone_microblaze_0",
					"domainDispName":	"standalone_microblaze_0",
					"domainDesc":	"standalone_microblaze_0",
					"processors":	"microblaze_0",
					"os":	"standalone",
					"sdxOs":	"standalone",
					"debugEnable":	"False",
					"domRuntimes":	["cpp"],
					"swRepo":	"",
					"mssOsVer":	"8.0",
					"mssFile":	"",
					"md5Digest":	"304529987e879521ca977c68d163f362",
					"compatibleApp":	"hello_world",
					"domType":	"mssDomain",
					"arch":	"32-bit",
					"appSettings":	{
						"appCompilerFlags":	"",
						"appLinkerFlags":	""
					},
					"addedLibs":	[],
					"libOptions":	{
						"libsContainingOptions":	[]
					},
					"prebuiltLibs":	{
						"prebuiltIncPath":	[],
						"prebuiltLibPath":	[]
					},
					"isolation":	{
					}
				}]
		}]
}
KEYINFO::2024-03-21.18:24:20::SCWPlatform::updated the xpfm file.
TRACE::2024-03-21.18:24:20::SCWPlatform::Trying to open the hw design at C:/385/project_6final/workspace6thursdayballeballe/mb_usb_hdmi_topfinalpls/hw/mb_usb_hdmi_topfinalpls.xsa
TRACE::2024-03-21.18:24:20::SCWPlatform::DSA given C:/385/project_6final/workspace6thursdayballeballe/mb_usb_hdmi_topfinalpls/hw/mb_usb_hdmi_topfinalpls.xsa
TRACE::2024-03-21.18:24:20::SCWPlatform::DSA absoulate path C:/385/project_6final/workspace6thursdayballeballe/mb_usb_hdmi_topfinalpls/hw/mb_usb_hdmi_topfinalpls.xsa
TRACE::2024-03-21.18:24:20::SCWPlatform::DSA directory C:/385/project_6final/workspace6thursdayballeballe/mb_usb_hdmi_topfinalpls/hw
TRACE::2024-03-21.18:24:20::SCWPlatform:: Platform Path C:/385/project_6final/workspace6thursdayballeballe/mb_usb_hdmi_topfinalpls/hw/mb_usb_hdmi_topfinalpls.xsa
TRACE::2024-03-21.18:24:20::SCWPlatform:: Unique name xilinx:::0.0
TRACE::2024-03-21.18:24:20::SCWPlatform::Trying to set the existing hwdb with name mb_usb_hdmi_top_0
TRACE::2024-03-21.18:24:20::SCWPlatform::Opened existing hwdb mb_usb_hdmi_top_0
TRACE::2024-03-21.18:24:20::SCWPlatform::Found the Hw Db part of the input DSA
TRACE::2024-03-21.18:24:20::SCWMssOS::Checking the sw design at  C:/385/project_6final/workspace6thursdayballeballe/mb_usb_hdmi_topfinalpls/microblaze_0/standalone_microblaze_0/bsp/system.mss
TRACE::2024-03-21.18:24:20::SCWMssOS::DEBUG:  swdes dump  C:/385/project_6final/workspace6thursdayballeballe/mb_usb_hdmi_topfinalpls/microblaze_0/standalone_microblaze_0/bsp/system.mss|system||

TRACE::2024-03-21.18:24:20::SCWMssOS::Sw design exists and opened at  C:/385/project_6final/workspace6thursdayballeballe/mb_usb_hdmi_topfinalpls/microblaze_0/standalone_microblaze_0/bsp/system.mss
TRACE::2024-03-21.18:24:20::SCWMssOS::Saving the mss changes C:/385/project_6final/workspace6thursdayballeballe/mb_usb_hdmi_topfinalpls/microblaze_0/standalone_microblaze_0/bsp/system.mss
TRACE::2024-03-21.18:24:20::SCWMssOS::Found a swdesign opened with the mssfile.
TRACE::2024-03-21.18:24:20::SCWMssOS::Completed writemss as part of save.
TRACE::2024-03-21.18:24:20::SCWMssOS::Commit changes completed.
TRACE::2024-03-21.18:24:20::SCWPlatform::Trying to open the hw design at C:/385/project_6final/workspace6thursdayballeballe/mb_usb_hdmi_topfinalpls/hw/mb_usb_hdmi_topfinalpls.xsa
TRACE::2024-03-21.18:24:20::SCWPlatform::DSA given C:/385/project_6final/workspace6thursdayballeballe/mb_usb_hdmi_topfinalpls/hw/mb_usb_hdmi_topfinalpls.xsa
TRACE::2024-03-21.18:24:20::SCWPlatform::DSA absoulate path C:/385/project_6final/workspace6thursdayballeballe/mb_usb_hdmi_topfinalpls/hw/mb_usb_hdmi_topfinalpls.xsa
TRACE::2024-03-21.18:24:20::SCWPlatform::DSA directory C:/385/project_6final/workspace6thursdayballeballe/mb_usb_hdmi_topfinalpls/hw
TRACE::2024-03-21.18:24:20::SCWPlatform:: Platform Path C:/385/project_6final/workspace6thursdayballeballe/mb_usb_hdmi_topfinalpls/hw/mb_usb_hdmi_topfinalpls.xsa
TRACE::2024-03-21.18:24:20::SCWPlatform:: Unique name xilinx:::0.0
TRACE::2024-03-21.18:24:20::SCWPlatform::Trying to set the existing hwdb with name mb_usb_hdmi_top_0
TRACE::2024-03-21.18:24:20::SCWPlatform::Opened existing hwdb mb_usb_hdmi_top_0
TRACE::2024-03-21.18:24:20::SCWPlatform::Found the Hw Db part of the input DSA
TRACE::2024-03-21.18:24:20::SCWMssOS::Checking the sw design at  C:/385/project_6final/workspace6thursdayballeballe/mb_usb_hdmi_topfinalpls/microblaze_0/standalone_microblaze_0/bsp/system.mss
TRACE::2024-03-21.18:24:20::SCWMssOS::DEBUG:  swdes dump  C:/385/project_6final/workspace6thursdayballeballe/mb_usb_hdmi_topfinalpls/microblaze_0/standalone_microblaze_0/bsp/system.mss|system||

TRACE::2024-03-21.18:24:20::SCWMssOS::Sw design exists and opened at  C:/385/project_6final/workspace6thursdayballeballe/mb_usb_hdmi_topfinalpls/microblaze_0/standalone_microblaze_0/bsp/system.mss
TRACE::2024-03-21.18:24:20::SCWPlatform::Trying to open the hw design at C:/385/project_6final/workspace6thursdayballeballe/mb_usb_hdmi_topfinalpls/hw/mb_usb_hdmi_topfinalpls.xsa
TRACE::2024-03-21.18:24:20::SCWPlatform::DSA given C:/385/project_6final/workspace6thursdayballeballe/mb_usb_hdmi_topfinalpls/hw/mb_usb_hdmi_topfinalpls.xsa
TRACE::2024-03-21.18:24:20::SCWPlatform::DSA absoulate path C:/385/project_6final/workspace6thursdayballeballe/mb_usb_hdmi_topfinalpls/hw/mb_usb_hdmi_topfinalpls.xsa
TRACE::2024-03-21.18:24:20::SCWPlatform::DSA directory C:/385/project_6final/workspace6thursdayballeballe/mb_usb_hdmi_topfinalpls/hw
TRACE::2024-03-21.18:24:20::SCWPlatform:: Platform Path C:/385/project_6final/workspace6thursdayballeballe/mb_usb_hdmi_topfinalpls/hw/mb_usb_hdmi_topfinalpls.xsa
TRACE::2024-03-21.18:24:20::SCWPlatform:: Unique name xilinx:::0.0
TRACE::2024-03-21.18:24:20::SCWPlatform::Trying to set the existing hwdb with name mb_usb_hdmi_top_0
TRACE::2024-03-21.18:24:20::SCWPlatform::Opened existing hwdb mb_usb_hdmi_top_0
TRACE::2024-03-21.18:24:20::SCWPlatform::Found the Hw Db part of the input DSA
TRACE::2024-03-21.18:24:20::SCWMssOS::Checking the sw design at  C:/385/project_6final/workspace6thursdayballeballe/mb_usb_hdmi_topfinalpls/microblaze_0/standalone_microblaze_0/bsp/system.mss
TRACE::2024-03-21.18:24:20::SCWMssOS::DEBUG:  swdes dump  C:/385/project_6final/workspace6thursdayballeballe/mb_usb_hdmi_topfinalpls/microblaze_0/standalone_microblaze_0/bsp/system.mss|system||

TRACE::2024-03-21.18:24:20::SCWMssOS::Sw design exists and opened at  C:/385/project_6final/workspace6thursdayballeballe/mb_usb_hdmi_topfinalpls/microblaze_0/standalone_microblaze_0/bsp/system.mss
TRACE::2024-03-21.18:24:20::SCWPlatform::Trying to open the hw design at C:/385/project_6final/workspace6thursdayballeballe/mb_usb_hdmi_topfinalpls/hw/mb_usb_hdmi_topfinalpls.xsa
TRACE::2024-03-21.18:24:20::SCWPlatform::DSA given C:/385/project_6final/workspace6thursdayballeballe/mb_usb_hdmi_topfinalpls/hw/mb_usb_hdmi_topfinalpls.xsa
TRACE::2024-03-21.18:24:20::SCWPlatform::DSA absoulate path C:/385/project_6final/workspace6thursdayballeballe/mb_usb_hdmi_topfinalpls/hw/mb_usb_hdmi_topfinalpls.xsa
TRACE::2024-03-21.18:24:20::SCWPlatform::DSA directory C:/385/project_6final/workspace6thursdayballeballe/mb_usb_hdmi_topfinalpls/hw
TRACE::2024-03-21.18:24:20::SCWPlatform:: Platform Path C:/385/project_6final/workspace6thursdayballeballe/mb_usb_hdmi_topfinalpls/hw/mb_usb_hdmi_topfinalpls.xsa
TRACE::2024-03-21.18:24:20::SCWPlatform:: Unique name xilinx:::0.0
TRACE::2024-03-21.18:24:20::SCWPlatform::Trying to set the existing hwdb with name mb_usb_hdmi_top_0
TRACE::2024-03-21.18:24:20::SCWPlatform::Opened existing hwdb mb_usb_hdmi_top_0
TRACE::2024-03-21.18:24:20::SCWPlatform::Found the Hw Db part of the input DSA
TRACE::2024-03-21.18:24:20::SCWMssOS::Checking the sw design at  C:/385/project_6final/workspace6thursdayballeballe/mb_usb_hdmi_topfinalpls/microblaze_0/standalone_microblaze_0/bsp/system.mss
TRACE::2024-03-21.18:24:20::SCWMssOS::DEBUG:  swdes dump  C:/385/project_6final/workspace6thursdayballeballe/mb_usb_hdmi_topfinalpls/microblaze_0/standalone_microblaze_0/bsp/system.mss|system||

TRACE::2024-03-21.18:24:20::SCWMssOS::Sw design exists and opened at  C:/385/project_6final/workspace6thursdayballeballe/mb_usb_hdmi_topfinalpls/microblaze_0/standalone_microblaze_0/bsp/system.mss
TRACE::2024-03-21.18:24:20::SCWWriter::formatted JSON is {
	"platformName":	"mb_usb_hdmi_topfinalpls",
	"sprVersion":	"2.0",
	"mode":	"gui",
	"dsaType":	"Fixed",
	"platformDesc":	"mb_usb_hdmi_topfinalpls",
	"platHandOff":	"C:/385/project_6final/mb_usb_hdmi_topfinalpls.xsa",
	"platIntHandOff":	"<platformDir>/hw/mb_usb_hdmi_topfinalpls.xsa",
	"deviceType":	"FPGA",
	"platIsPrebuiltAutogen":	"false",
	"platIsNoBootBsp":	"false",
	"hasFsblMakeHasChanges":	"false",
	"hasPmufwMakeHasChanges":	"false",
	"platPreBuiltFlag":	false,
	"platformSamplesDir":	"",
	"platActiveSys":	"mb_usb_hdmi_topfinalpls",
	"systems":	[{
			"systemName":	"mb_usb_hdmi_topfinalpls",
			"systemDesc":	"mb_usb_hdmi_topfinalpls",
			"sysIsBootAutoGen":	"true",
			"systemDispName":	"mb_usb_hdmi_topfinalpls",
			"sysActiveDom":	"standalone_microblaze_0",
			"sysDefaultDom":	"standalone_microblaze_0",
			"domains":	[{
					"domainName":	"standalone_microblaze_0",
					"domainDispName":	"standalone_microblaze_0",
					"domainDesc":	"standalone_microblaze_0",
					"processors":	"microblaze_0",
					"os":	"standalone",
					"sdxOs":	"standalone",
					"debugEnable":	"False",
					"domRuntimes":	["cpp"],
					"swRepo":	"",
					"mssOsVer":	"8.0",
					"mssFile":	"",
					"md5Digest":	"304529987e879521ca977c68d163f362",
					"compatibleApp":	"hello_world",
					"domType":	"mssDomain",
					"arch":	"32-bit",
					"appSettings":	{
						"appCompilerFlags":	"",
						"appLinkerFlags":	""
					},
					"addedLibs":	[],
					"libOptions":	{
						"libsContainingOptions":	[]
					},
					"prebuiltLibs":	{
						"prebuiltIncPath":	[],
						"prebuiltLibPath":	[]
					},
					"isolation":	{
					}
				}]
		}]
}
TRACE::2024-03-21.18:24:20::SCWPlatform::Trying to open the hw design at C:/385/project_6final/workspace6thursdayballeballe/mb_usb_hdmi_topfinalpls/hw/mb_usb_hdmi_topfinalpls.xsa
TRACE::2024-03-21.18:24:20::SCWPlatform::DSA given C:/385/project_6final/workspace6thursdayballeballe/mb_usb_hdmi_topfinalpls/hw/mb_usb_hdmi_topfinalpls.xsa
TRACE::2024-03-21.18:24:20::SCWPlatform::DSA absoulate path C:/385/project_6final/workspace6thursdayballeballe/mb_usb_hdmi_topfinalpls/hw/mb_usb_hdmi_topfinalpls.xsa
TRACE::2024-03-21.18:24:20::SCWPlatform::DSA directory C:/385/project_6final/workspace6thursdayballeballe/mb_usb_hdmi_topfinalpls/hw
TRACE::2024-03-21.18:24:20::SCWPlatform:: Platform Path C:/385/project_6final/workspace6thursdayballeballe/mb_usb_hdmi_topfinalpls/hw/mb_usb_hdmi_topfinalpls.xsa
TRACE::2024-03-21.18:24:20::SCWPlatform:: Unique name xilinx:::0.0
TRACE::2024-03-21.18:24:20::SCWPlatform::Trying to set the existing hwdb with name mb_usb_hdmi_top_0
TRACE::2024-03-21.18:24:20::SCWPlatform::Opened existing hwdb mb_usb_hdmi_top_0
TRACE::2024-03-21.18:24:20::SCWPlatform::Found the Hw Db part of the input DSA
TRACE::2024-03-21.18:24:20::SCWMssOS::Checking the sw design at  C:/385/project_6final/workspace6thursdayballeballe/mb_usb_hdmi_topfinalpls/microblaze_0/standalone_microblaze_0/bsp/system.mss
TRACE::2024-03-21.18:24:20::SCWMssOS::DEBUG:  swdes dump  C:/385/project_6final/workspace6thursdayballeballe/mb_usb_hdmi_topfinalpls/microblaze_0/standalone_microblaze_0/bsp/system.mss|system||

TRACE::2024-03-21.18:24:20::SCWMssOS::Sw design exists and opened at  C:/385/project_6final/workspace6thursdayballeballe/mb_usb_hdmi_topfinalpls/microblaze_0/standalone_microblaze_0/bsp/system.mss
TRACE::2024-03-21.18:24:20::SCWPlatform::Trying to open the hw design at C:/385/project_6final/workspace6thursdayballeballe/mb_usb_hdmi_topfinalpls/hw/mb_usb_hdmi_topfinalpls.xsa
TRACE::2024-03-21.18:24:20::SCWPlatform::DSA given C:/385/project_6final/workspace6thursdayballeballe/mb_usb_hdmi_topfinalpls/hw/mb_usb_hdmi_topfinalpls.xsa
TRACE::2024-03-21.18:24:20::SCWPlatform::DSA absoulate path C:/385/project_6final/workspace6thursdayballeballe/mb_usb_hdmi_topfinalpls/hw/mb_usb_hdmi_topfinalpls.xsa
TRACE::2024-03-21.18:24:20::SCWPlatform::DSA directory C:/385/project_6final/workspace6thursdayballeballe/mb_usb_hdmi_topfinalpls/hw
TRACE::2024-03-21.18:24:20::SCWPlatform:: Platform Path C:/385/project_6final/workspace6thursdayballeballe/mb_usb_hdmi_topfinalpls/hw/mb_usb_hdmi_topfinalpls.xsa
TRACE::2024-03-21.18:24:20::SCWPlatform:: Unique name xilinx:::0.0
TRACE::2024-03-21.18:24:20::SCWPlatform::Trying to set the existing hwdb with name mb_usb_hdmi_top_0
TRACE::2024-03-21.18:24:20::SCWPlatform::Opened existing hwdb mb_usb_hdmi_top_0
TRACE::2024-03-21.18:24:20::SCWPlatform::Found the Hw Db part of the input DSA
TRACE::2024-03-21.18:24:20::SCWMssOS::Checking the sw design at  C:/385/project_6final/workspace6thursdayballeballe/mb_usb_hdmi_topfinalpls/microblaze_0/standalone_microblaze_0/bsp/system.mss
TRACE::2024-03-21.18:24:20::SCWMssOS::DEBUG:  swdes dump  C:/385/project_6final/workspace6thursdayballeballe/mb_usb_hdmi_topfinalpls/microblaze_0/standalone_microblaze_0/bsp/system.mss|system||

TRACE::2024-03-21.18:24:20::SCWMssOS::Sw design exists and opened at  C:/385/project_6final/workspace6thursdayballeballe/mb_usb_hdmi_topfinalpls/microblaze_0/standalone_microblaze_0/bsp/system.mss
TRACE::2024-03-21.18:24:20::SCWMssOS::Saving the mss changes C:/385/project_6final/workspace6thursdayballeballe/mb_usb_hdmi_topfinalpls/microblaze_0/standalone_microblaze_0/bsp/system.mss
TRACE::2024-03-21.18:24:20::SCWMssOS::Found a swdesign opened with the mssfile.
TRACE::2024-03-21.18:24:20::SCWMssOS::Completed writemss as part of save.
TRACE::2024-03-21.18:24:20::SCWMssOS::Commit changes completed.
TRACE::2024-03-21.18:24:20::SCWPlatform::Trying to open the hw design at C:/385/project_6final/workspace6thursdayballeballe/mb_usb_hdmi_topfinalpls/hw/mb_usb_hdmi_topfinalpls.xsa
TRACE::2024-03-21.18:24:20::SCWPlatform::DSA given C:/385/project_6final/workspace6thursdayballeballe/mb_usb_hdmi_topfinalpls/hw/mb_usb_hdmi_topfinalpls.xsa
TRACE::2024-03-21.18:24:20::SCWPlatform::DSA absoulate path C:/385/project_6final/workspace6thursdayballeballe/mb_usb_hdmi_topfinalpls/hw/mb_usb_hdmi_topfinalpls.xsa
TRACE::2024-03-21.18:24:20::SCWPlatform::DSA directory C:/385/project_6final/workspace6thursdayballeballe/mb_usb_hdmi_topfinalpls/hw
TRACE::2024-03-21.18:24:20::SCWPlatform:: Platform Path C:/385/project_6final/workspace6thursdayballeballe/mb_usb_hdmi_topfinalpls/hw/mb_usb_hdmi_topfinalpls.xsa
TRACE::2024-03-21.18:24:20::SCWPlatform:: Unique name xilinx:::0.0
TRACE::2024-03-21.18:24:20::SCWPlatform::Trying to set the existing hwdb with name mb_usb_hdmi_top_0
TRACE::2024-03-21.18:24:20::SCWPlatform::Opened existing hwdb mb_usb_hdmi_top_0
TRACE::2024-03-21.18:24:20::SCWPlatform::Found the Hw Db part of the input DSA
TRACE::2024-03-21.18:24:20::SCWMssOS::Checking the sw design at  C:/385/project_6final/workspace6thursdayballeballe/mb_usb_hdmi_topfinalpls/microblaze_0/standalone_microblaze_0/bsp/system.mss
TRACE::2024-03-21.18:24:20::SCWMssOS::DEBUG:  swdes dump  C:/385/project_6final/workspace6thursdayballeballe/mb_usb_hdmi_topfinalpls/microblaze_0/standalone_microblaze_0/bsp/system.mss|system||

TRACE::2024-03-21.18:24:20::SCWMssOS::Sw design exists and opened at  C:/385/project_6final/workspace6thursdayballeballe/mb_usb_hdmi_topfinalpls/microblaze_0/standalone_microblaze_0/bsp/system.mss
TRACE::2024-03-21.18:24:20::SCWPlatform::Trying to open the hw design at C:/385/project_6final/workspace6thursdayballeballe/mb_usb_hdmi_topfinalpls/hw/mb_usb_hdmi_topfinalpls.xsa
TRACE::2024-03-21.18:24:20::SCWPlatform::DSA given C:/385/project_6final/workspace6thursdayballeballe/mb_usb_hdmi_topfinalpls/hw/mb_usb_hdmi_topfinalpls.xsa
TRACE::2024-03-21.18:24:20::SCWPlatform::DSA absoulate path C:/385/project_6final/workspace6thursdayballeballe/mb_usb_hdmi_topfinalpls/hw/mb_usb_hdmi_topfinalpls.xsa
TRACE::2024-03-21.18:24:20::SCWPlatform::DSA directory C:/385/project_6final/workspace6thursdayballeballe/mb_usb_hdmi_topfinalpls/hw
TRACE::2024-03-21.18:24:20::SCWPlatform:: Platform Path C:/385/project_6final/workspace6thursdayballeballe/mb_usb_hdmi_topfinalpls/hw/mb_usb_hdmi_topfinalpls.xsa
TRACE::2024-03-21.18:24:20::SCWPlatform:: Unique name xilinx:::0.0
TRACE::2024-03-21.18:24:20::SCWPlatform::Trying to set the existing hwdb with name mb_usb_hdmi_top_0
TRACE::2024-03-21.18:24:20::SCWPlatform::Opened existing hwdb mb_usb_hdmi_top_0
TRACE::2024-03-21.18:24:20::SCWPlatform::Found the Hw Db part of the input DSA
TRACE::2024-03-21.18:24:20::SCWMssOS::Checking the sw design at  C:/385/project_6final/workspace6thursdayballeballe/mb_usb_hdmi_topfinalpls/microblaze_0/standalone_microblaze_0/bsp/system.mss
TRACE::2024-03-21.18:24:20::SCWMssOS::DEBUG:  swdes dump  C:/385/project_6final/workspace6thursdayballeballe/mb_usb_hdmi_topfinalpls/microblaze_0/standalone_microblaze_0/bsp/system.mss|system||

TRACE::2024-03-21.18:24:20::SCWMssOS::Sw design exists and opened at  C:/385/project_6final/workspace6thursdayballeballe/mb_usb_hdmi_topfinalpls/microblaze_0/standalone_microblaze_0/bsp/system.mss
TRACE::2024-03-21.18:24:20::SCWPlatform::Trying to open the hw design at C:/385/project_6final/workspace6thursdayballeballe/mb_usb_hdmi_topfinalpls/hw/mb_usb_hdmi_topfinalpls.xsa
TRACE::2024-03-21.18:24:20::SCWPlatform::DSA given C:/385/project_6final/workspace6thursdayballeballe/mb_usb_hdmi_topfinalpls/hw/mb_usb_hdmi_topfinalpls.xsa
TRACE::2024-03-21.18:24:20::SCWPlatform::DSA absoulate path C:/385/project_6final/workspace6thursdayballeballe/mb_usb_hdmi_topfinalpls/hw/mb_usb_hdmi_topfinalpls.xsa
TRACE::2024-03-21.18:24:20::SCWPlatform::DSA directory C:/385/project_6final/workspace6thursdayballeballe/mb_usb_hdmi_topfinalpls/hw
TRACE::2024-03-21.18:24:20::SCWPlatform:: Platform Path C:/385/project_6final/workspace6thursdayballeballe/mb_usb_hdmi_topfinalpls/hw/mb_usb_hdmi_topfinalpls.xsa
TRACE::2024-03-21.18:24:20::SCWPlatform:: Unique name xilinx:::0.0
TRACE::2024-03-21.18:24:20::SCWPlatform::Trying to set the existing hwdb with name mb_usb_hdmi_top_0
TRACE::2024-03-21.18:24:20::SCWPlatform::Opened existing hwdb mb_usb_hdmi_top_0
TRACE::2024-03-21.18:24:20::SCWPlatform::Found the Hw Db part of the input DSA
TRACE::2024-03-21.18:24:20::SCWMssOS::Checking the sw design at  C:/385/project_6final/workspace6thursdayballeballe/mb_usb_hdmi_topfinalpls/microblaze_0/standalone_microblaze_0/bsp/system.mss
TRACE::2024-03-21.18:24:20::SCWMssOS::DEBUG:  swdes dump  C:/385/project_6final/workspace6thursdayballeballe/mb_usb_hdmi_topfinalpls/microblaze_0/standalone_microblaze_0/bsp/system.mss|system||

TRACE::2024-03-21.18:24:20::SCWMssOS::Sw design exists and opened at  C:/385/project_6final/workspace6thursdayballeballe/mb_usb_hdmi_topfinalpls/microblaze_0/standalone_microblaze_0/bsp/system.mss
TRACE::2024-03-21.18:24:20::SCWWriter::formatted JSON is {
	"platformName":	"mb_usb_hdmi_topfinalpls",
	"sprVersion":	"2.0",
	"mode":	"gui",
	"dsaType":	"Fixed",
	"platformDesc":	"mb_usb_hdmi_topfinalpls",
	"platHandOff":	"C:/385/project_6final/mb_usb_hdmi_topfinalpls.xsa",
	"platIntHandOff":	"<platformDir>/hw/mb_usb_hdmi_topfinalpls.xsa",
	"deviceType":	"FPGA",
	"platIsPrebuiltAutogen":	"false",
	"platIsNoBootBsp":	"false",
	"hasFsblMakeHasChanges":	"false",
	"hasPmufwMakeHasChanges":	"false",
	"platPreBuiltFlag":	false,
	"platformSamplesDir":	"",
	"platActiveSys":	"mb_usb_hdmi_topfinalpls",
	"systems":	[{
			"systemName":	"mb_usb_hdmi_topfinalpls",
			"systemDesc":	"mb_usb_hdmi_topfinalpls",
			"sysIsBootAutoGen":	"true",
			"systemDispName":	"mb_usb_hdmi_topfinalpls",
			"sysActiveDom":	"standalone_microblaze_0",
			"sysDefaultDom":	"standalone_microblaze_0",
			"domains":	[{
					"domainName":	"standalone_microblaze_0",
					"domainDispName":	"standalone_microblaze_0",
					"domainDesc":	"standalone_microblaze_0",
					"processors":	"microblaze_0",
					"os":	"standalone",
					"sdxOs":	"standalone",
					"debugEnable":	"False",
					"domRuntimes":	["cpp"],
					"swRepo":	"",
					"mssOsVer":	"8.0",
					"mssFile":	"",
					"md5Digest":	"304529987e879521ca977c68d163f362",
					"compatibleApp":	"hello_world",
					"domType":	"mssDomain",
					"arch":	"32-bit",
					"appSettings":	{
						"appCompilerFlags":	"",
						"appLinkerFlags":	""
					},
					"addedLibs":	[],
					"libOptions":	{
						"libsContainingOptions":	[]
					},
					"prebuiltLibs":	{
						"prebuiltIncPath":	[],
						"prebuiltLibPath":	[]
					},
					"isolation":	{
					}
				}]
		}]
}
LOG::2024-03-21.18:24:20::SCWPlatform::Started generating the artifacts platform mb_usb_hdmi_topfinalpls
TRACE::2024-03-21.18:24:20::SCWPlatform::Sanity checking of platform is completed
LOG::2024-03-21.18:24:20::SCWPlatform::Started generating the artifacts for system configuration mb_usb_hdmi_topfinalpls
LOG::2024-03-21.18:24:20::SCWSystem::Started Processing the domain standalone_microblaze_0
TRACE::2024-03-21.18:24:20::SCWDomain::Generating domain artifcats
TRACE::2024-03-21.18:24:20::SCWMssOS::Generating standalone artifcats
TRACE::2024-03-21.18:24:20::SCWMssOS:: Copying the user libraries. 
TRACE::2024-03-21.18:24:20::SCWPlatform::Trying to open the hw design at C:/385/project_6final/workspace6thursdayballeballe/mb_usb_hdmi_topfinalpls/hw/mb_usb_hdmi_topfinalpls.xsa
TRACE::2024-03-21.18:24:20::SCWPlatform::DSA given C:/385/project_6final/workspace6thursdayballeballe/mb_usb_hdmi_topfinalpls/hw/mb_usb_hdmi_topfinalpls.xsa
TRACE::2024-03-21.18:24:20::SCWPlatform::DSA absoulate path C:/385/project_6final/workspace6thursdayballeballe/mb_usb_hdmi_topfinalpls/hw/mb_usb_hdmi_topfinalpls.xsa
TRACE::2024-03-21.18:24:20::SCWPlatform::DSA directory C:/385/project_6final/workspace6thursdayballeballe/mb_usb_hdmi_topfinalpls/hw
TRACE::2024-03-21.18:24:20::SCWPlatform:: Platform Path C:/385/project_6final/workspace6thursdayballeballe/mb_usb_hdmi_topfinalpls/hw/mb_usb_hdmi_topfinalpls.xsa
TRACE::2024-03-21.18:24:20::SCWPlatform:: Unique name xilinx:::0.0
TRACE::2024-03-21.18:24:20::SCWPlatform::Trying to set the existing hwdb with name mb_usb_hdmi_top_0
TRACE::2024-03-21.18:24:20::SCWPlatform::Opened existing hwdb mb_usb_hdmi_top_0
TRACE::2024-03-21.18:24:20::SCWPlatform::Found the Hw Db part of the input DSA
TRACE::2024-03-21.18:24:20::SCWMssOS::Checking the sw design at  C:/385/project_6final/workspace6thursdayballeballe/mb_usb_hdmi_topfinalpls/microblaze_0/standalone_microblaze_0/bsp/system.mss
TRACE::2024-03-21.18:24:20::SCWMssOS::DEBUG:  swdes dump  C:/385/project_6final/workspace6thursdayballeballe/mb_usb_hdmi_topfinalpls/microblaze_0/standalone_microblaze_0/bsp/system.mss|system||

TRACE::2024-03-21.18:24:20::SCWMssOS::Sw design exists and opened at  C:/385/project_6final/workspace6thursdayballeballe/mb_usb_hdmi_topfinalpls/microblaze_0/standalone_microblaze_0/bsp/system.mss
TRACE::2024-03-21.18:24:20::SCWMssOS::Completed writing the mss file at C:/385/project_6final/workspace6thursdayballeballe/mb_usb_hdmi_topfinalpls/microblaze_0/standalone_microblaze_0/bsp
TRACE::2024-03-21.18:24:20::SCWMssOS::Mss edits present, copying mssfile into export location C:/385/project_6final/workspace6thursdayballeballe/mb_usb_hdmi_topfinalpls/microblaze_0/standalone_microblaze_0/bsp/system.mss
TRACE::2024-03-21.18:24:20::SCWMssOS::bsp generated is upto date with the mss file. Skipping bsp generation.
TRACE::2024-03-21.18:24:20::SCWMssOS::BSP is already built. skipping the bsp build ... 
TRACE::2024-03-21.18:24:20::SCWDomain::Building the domain as part of full build :  standalone_microblaze_0
TRACE::2024-03-21.18:24:20::SCWMssOS::skipping the bsp build ... 
TRACE::2024-03-21.18:24:20::SCWMssOS::Copying to export directory.
TRACE::2024-03-21.18:24:20::SCWMssOS:: Checking if to create the Supporting Applications
TRACE::2024-03-21.18:24:20::SCWMssOS:: No Linux domain exists, trying to generate FSBL 
LOG::2024-03-21.18:24:20::SCWSystem::Completed Processing the domain standalone_microblaze_0
LOG::2024-03-21.18:24:20::SCWSystem::Completed Processing the sysconfig mb_usb_hdmi_topfinalpls
LOG::2024-03-21.18:24:20::SCWPlatform::Completed generating the artifacts for system configuration mb_usb_hdmi_topfinalpls
TRACE::2024-03-21.18:24:20::SCWPlatform::Started preparing the platform 
TRACE::2024-03-21.18:24:20::SCWSystem::Writing the bif file for system config mb_usb_hdmi_topfinalpls
TRACE::2024-03-21.18:24:20::SCWSystem::dir created 
TRACE::2024-03-21.18:24:20::SCWSystem::Writing the bif 
TRACE::2024-03-21.18:24:20::SCWPlatform::Started writing the spfm file 
TRACE::2024-03-21.18:24:20::SCWPlatform::Started writing the xpfm file 
TRACE::2024-03-21.18:24:20::SCWPlatform::Completed generating the platform
TRACE::2024-03-21.18:24:20::SCWMssOS::Saving the mss changes C:/385/project_6final/workspace6thursdayballeballe/mb_usb_hdmi_topfinalpls/microblaze_0/standalone_microblaze_0/bsp/system.mss
TRACE::2024-03-21.18:24:20::SCWMssOS::Found a swdesign opened with the mssfile.
TRACE::2024-03-21.18:24:20::SCWMssOS::Completed writemss as part of save.
TRACE::2024-03-21.18:24:20::SCWMssOS::Commit changes completed.
TRACE::2024-03-21.18:24:20::SCWPlatform::Trying to open the hw design at C:/385/project_6final/workspace6thursdayballeballe/mb_usb_hdmi_topfinalpls/hw/mb_usb_hdmi_topfinalpls.xsa
TRACE::2024-03-21.18:24:20::SCWPlatform::DSA given C:/385/project_6final/workspace6thursdayballeballe/mb_usb_hdmi_topfinalpls/hw/mb_usb_hdmi_topfinalpls.xsa
TRACE::2024-03-21.18:24:20::SCWPlatform::DSA absoulate path C:/385/project_6final/workspace6thursdayballeballe/mb_usb_hdmi_topfinalpls/hw/mb_usb_hdmi_topfinalpls.xsa
TRACE::2024-03-21.18:24:20::SCWPlatform::DSA directory C:/385/project_6final/workspace6thursdayballeballe/mb_usb_hdmi_topfinalpls/hw
TRACE::2024-03-21.18:24:20::SCWPlatform:: Platform Path C:/385/project_6final/workspace6thursdayballeballe/mb_usb_hdmi_topfinalpls/hw/mb_usb_hdmi_topfinalpls.xsa
TRACE::2024-03-21.18:24:20::SCWPlatform:: Unique name xilinx:::0.0
TRACE::2024-03-21.18:24:20::SCWPlatform::Trying to set the existing hwdb with name mb_usb_hdmi_top_0
TRACE::2024-03-21.18:24:20::SCWPlatform::Opened existing hwdb mb_usb_hdmi_top_0
TRACE::2024-03-21.18:24:20::SCWPlatform::Found the Hw Db part of the input DSA
TRACE::2024-03-21.18:24:20::SCWMssOS::Checking the sw design at  C:/385/project_6final/workspace6thursdayballeballe/mb_usb_hdmi_topfinalpls/microblaze_0/standalone_microblaze_0/bsp/system.mss
TRACE::2024-03-21.18:24:20::SCWMssOS::DEBUG:  swdes dump  C:/385/project_6final/workspace6thursdayballeballe/mb_usb_hdmi_topfinalpls/microblaze_0/standalone_microblaze_0/bsp/system.mss|system||

TRACE::2024-03-21.18:24:20::SCWMssOS::Sw design exists and opened at  C:/385/project_6final/workspace6thursdayballeballe/mb_usb_hdmi_topfinalpls/microblaze_0/standalone_microblaze_0/bsp/system.mss
TRACE::2024-03-21.18:24:20::SCWPlatform::Trying to open the hw design at C:/385/project_6final/workspace6thursdayballeballe/mb_usb_hdmi_topfinalpls/hw/mb_usb_hdmi_topfinalpls.xsa
TRACE::2024-03-21.18:24:20::SCWPlatform::DSA given C:/385/project_6final/workspace6thursdayballeballe/mb_usb_hdmi_topfinalpls/hw/mb_usb_hdmi_topfinalpls.xsa
TRACE::2024-03-21.18:24:20::SCWPlatform::DSA absoulate path C:/385/project_6final/workspace6thursdayballeballe/mb_usb_hdmi_topfinalpls/hw/mb_usb_hdmi_topfinalpls.xsa
TRACE::2024-03-21.18:24:20::SCWPlatform::DSA directory C:/385/project_6final/workspace6thursdayballeballe/mb_usb_hdmi_topfinalpls/hw
TRACE::2024-03-21.18:24:20::SCWPlatform:: Platform Path C:/385/project_6final/workspace6thursdayballeballe/mb_usb_hdmi_topfinalpls/hw/mb_usb_hdmi_topfinalpls.xsa
TRACE::2024-03-21.18:24:20::SCWPlatform:: Unique name xilinx:::0.0
TRACE::2024-03-21.18:24:20::SCWPlatform::Trying to set the existing hwdb with name mb_usb_hdmi_top_0
TRACE::2024-03-21.18:24:20::SCWPlatform::Opened existing hwdb mb_usb_hdmi_top_0
TRACE::2024-03-21.18:24:20::SCWPlatform::Found the Hw Db part of the input DSA
TRACE::2024-03-21.18:24:20::SCWMssOS::Checking the sw design at  C:/385/project_6final/workspace6thursdayballeballe/mb_usb_hdmi_topfinalpls/microblaze_0/standalone_microblaze_0/bsp/system.mss
TRACE::2024-03-21.18:24:20::SCWMssOS::DEBUG:  swdes dump  C:/385/project_6final/workspace6thursdayballeballe/mb_usb_hdmi_topfinalpls/microblaze_0/standalone_microblaze_0/bsp/system.mss|system||

TRACE::2024-03-21.18:24:20::SCWMssOS::Sw design exists and opened at  C:/385/project_6final/workspace6thursdayballeballe/mb_usb_hdmi_topfinalpls/microblaze_0/standalone_microblaze_0/bsp/system.mss
TRACE::2024-03-21.18:24:20::SCWPlatform::Trying to open the hw design at C:/385/project_6final/workspace6thursdayballeballe/mb_usb_hdmi_topfinalpls/hw/mb_usb_hdmi_topfinalpls.xsa
TRACE::2024-03-21.18:24:20::SCWPlatform::DSA given C:/385/project_6final/workspace6thursdayballeballe/mb_usb_hdmi_topfinalpls/hw/mb_usb_hdmi_topfinalpls.xsa
TRACE::2024-03-21.18:24:20::SCWPlatform::DSA absoulate path C:/385/project_6final/workspace6thursdayballeballe/mb_usb_hdmi_topfinalpls/hw/mb_usb_hdmi_topfinalpls.xsa
TRACE::2024-03-21.18:24:20::SCWPlatform::DSA directory C:/385/project_6final/workspace6thursdayballeballe/mb_usb_hdmi_topfinalpls/hw
TRACE::2024-03-21.18:24:20::SCWPlatform:: Platform Path C:/385/project_6final/workspace6thursdayballeballe/mb_usb_hdmi_topfinalpls/hw/mb_usb_hdmi_topfinalpls.xsa
TRACE::2024-03-21.18:24:20::SCWPlatform:: Unique name xilinx:::0.0
TRACE::2024-03-21.18:24:20::SCWPlatform::Trying to set the existing hwdb with name mb_usb_hdmi_top_0
TRACE::2024-03-21.18:24:20::SCWPlatform::Opened existing hwdb mb_usb_hdmi_top_0
TRACE::2024-03-21.18:24:20::SCWPlatform::Found the Hw Db part of the input DSA
TRACE::2024-03-21.18:24:20::SCWMssOS::Checking the sw design at  C:/385/project_6final/workspace6thursdayballeballe/mb_usb_hdmi_topfinalpls/microblaze_0/standalone_microblaze_0/bsp/system.mss
TRACE::2024-03-21.18:24:20::SCWMssOS::DEBUG:  swdes dump  C:/385/project_6final/workspace6thursdayballeballe/mb_usb_hdmi_topfinalpls/microblaze_0/standalone_microblaze_0/bsp/system.mss|system||

TRACE::2024-03-21.18:24:20::SCWMssOS::Sw design exists and opened at  C:/385/project_6final/workspace6thursdayballeballe/mb_usb_hdmi_topfinalpls/microblaze_0/standalone_microblaze_0/bsp/system.mss
TRACE::2024-03-21.18:24:20::SCWWriter::formatted JSON is {
	"platformName":	"mb_usb_hdmi_topfinalpls",
	"sprVersion":	"2.0",
	"mode":	"gui",
	"dsaType":	"Fixed",
	"platformDesc":	"mb_usb_hdmi_topfinalpls",
	"platHandOff":	"C:/385/project_6final/mb_usb_hdmi_topfinalpls.xsa",
	"platIntHandOff":	"<platformDir>/hw/mb_usb_hdmi_topfinalpls.xsa",
	"deviceType":	"FPGA",
	"platIsPrebuiltAutogen":	"false",
	"platIsNoBootBsp":	"false",
	"hasFsblMakeHasChanges":	"false",
	"hasPmufwMakeHasChanges":	"false",
	"platPreBuiltFlag":	false,
	"platformSamplesDir":	"",
	"platActiveSys":	"mb_usb_hdmi_topfinalpls",
	"systems":	[{
			"systemName":	"mb_usb_hdmi_topfinalpls",
			"systemDesc":	"mb_usb_hdmi_topfinalpls",
			"sysIsBootAutoGen":	"true",
			"systemDispName":	"mb_usb_hdmi_topfinalpls",
			"sysActiveDom":	"standalone_microblaze_0",
			"sysDefaultDom":	"standalone_microblaze_0",
			"domains":	[{
					"domainName":	"standalone_microblaze_0",
					"domainDispName":	"standalone_microblaze_0",
					"domainDesc":	"standalone_microblaze_0",
					"processors":	"microblaze_0",
					"os":	"standalone",
					"sdxOs":	"standalone",
					"debugEnable":	"False",
					"domRuntimes":	["cpp"],
					"swRepo":	"",
					"mssOsVer":	"8.0",
					"mssFile":	"",
					"md5Digest":	"304529987e879521ca977c68d163f362",
					"compatibleApp":	"hello_world",
					"domType":	"mssDomain",
					"arch":	"32-bit",
					"appSettings":	{
						"appCompilerFlags":	"",
						"appLinkerFlags":	""
					},
					"addedLibs":	[],
					"libOptions":	{
						"libsContainingOptions":	[]
					},
					"prebuiltLibs":	{
						"prebuiltIncPath":	[],
						"prebuiltLibPath":	[]
					},
					"isolation":	{
					}
				}]
		}]
}
KEYINFO::2024-03-21.18:24:20::SCWPlatform::updated the xpfm file.
TRACE::2024-03-21.18:26:19::SCWMssOS::cleaning the bsp 
TRACE::2024-03-21.18:26:19::SCWMssOS::System Command Ran  C: & cd  C:/385/project_6final/workspace6thursdayballeballe/mb_usb_hdmi_topfinalpls/microblaze_0/standalone_microblaze_0/bsp & make clean 
TRACE::2024-03-21.18:26:19::SCWMssOS::make -C microblaze_0/libsrc/bram_v4_8/src -s clean 

TRACE::2024-03-21.18:26:19::SCWMssOS::make -C microblaze_0/libsrc/cpu_v2_16/src -s clean 

TRACE::2024-03-21.18:26:19::SCWMssOS::make -C microblaze_0/libsrc/gpio_v4_9/src -s clean 

TRACE::2024-03-21.18:26:19::SCWMssOS::make -C microblaze_0/libsrc/intc_v3_15/src -s clean 

TRACE::2024-03-21.18:26:19::SCWMssOS::make -C microblaze_0/libsrc/spi_v4_9/src -s clean 

TRACE::2024-03-21.18:26:19::SCWMssOS::make -C microblaze_0/libsrc/standalone_v8_0/src -s clean 

TRACE::2024-03-21.18:26:20::SCWMssOS::make -C microblaze_0/libsrc/tmrctr_v4_9/src -s clean 

TRACE::2024-03-21.18:26:20::SCWMssOS::make -C microblaze_0/libsrc/uartlite_v3_7/src -s clean 

TRACE::2024-03-21.18:26:20::SCWMssOS::rm -f microblaze_0/lib/libxil.a

LOG::2024-03-21.18:26:24::SCWPlatform::Started generating the artifacts platform mb_usb_hdmi_topfinalpls
TRACE::2024-03-21.18:26:24::SCWPlatform::Sanity checking of platform is completed
LOG::2024-03-21.18:26:24::SCWPlatform::Started generating the artifacts for system configuration mb_usb_hdmi_topfinalpls
LOG::2024-03-21.18:26:24::SCWSystem::Checking the domain standalone_microblaze_0
LOG::2024-03-21.18:26:24::SCWSystem::Not a boot domain 
LOG::2024-03-21.18:26:24::SCWSystem::Started Processing the domain standalone_microblaze_0
TRACE::2024-03-21.18:26:24::SCWDomain::Generating domain artifcats
TRACE::2024-03-21.18:26:24::SCWMssOS::Generating standalone artifcats
TRACE::2024-03-21.18:26:24::SCWMssOS:: Copying the user libraries. 
TRACE::2024-03-21.18:26:24::SCWPlatform::Trying to open the hw design at C:/385/project_6final/workspace6thursdayballeballe/mb_usb_hdmi_topfinalpls/hw/mb_usb_hdmi_topfinalpls.xsa
TRACE::2024-03-21.18:26:24::SCWPlatform::DSA given C:/385/project_6final/workspace6thursdayballeballe/mb_usb_hdmi_topfinalpls/hw/mb_usb_hdmi_topfinalpls.xsa
TRACE::2024-03-21.18:26:24::SCWPlatform::DSA absoulate path C:/385/project_6final/workspace6thursdayballeballe/mb_usb_hdmi_topfinalpls/hw/mb_usb_hdmi_topfinalpls.xsa
TRACE::2024-03-21.18:26:24::SCWPlatform::DSA directory C:/385/project_6final/workspace6thursdayballeballe/mb_usb_hdmi_topfinalpls/hw
TRACE::2024-03-21.18:26:24::SCWPlatform:: Platform Path C:/385/project_6final/workspace6thursdayballeballe/mb_usb_hdmi_topfinalpls/hw/mb_usb_hdmi_topfinalpls.xsa
TRACE::2024-03-21.18:26:24::SCWPlatform:: Unique name xilinx:::0.0
TRACE::2024-03-21.18:26:24::SCWPlatform::Trying to set the existing hwdb with name mb_usb_hdmi_top_0
TRACE::2024-03-21.18:26:24::SCWPlatform::Opened existing hwdb mb_usb_hdmi_top_0
TRACE::2024-03-21.18:26:24::SCWPlatform::Found the Hw Db part of the input DSA
TRACE::2024-03-21.18:26:24::SCWMssOS::Checking the sw design at  C:/385/project_6final/workspace6thursdayballeballe/mb_usb_hdmi_topfinalpls/microblaze_0/standalone_microblaze_0/bsp/system.mss
TRACE::2024-03-21.18:26:24::SCWMssOS::DEBUG:  swdes dump  C:/385/project_6final/workspace6thursdayballeballe/mb_usb_hdmi_topfinalpls/microblaze_0/standalone_microblaze_0/bsp/system.mss|system||

TRACE::2024-03-21.18:26:24::SCWMssOS::Sw design exists and opened at  C:/385/project_6final/workspace6thursdayballeballe/mb_usb_hdmi_topfinalpls/microblaze_0/standalone_microblaze_0/bsp/system.mss
TRACE::2024-03-21.18:26:24::SCWMssOS::Completed writing the mss file at C:/385/project_6final/workspace6thursdayballeballe/mb_usb_hdmi_topfinalpls/microblaze_0/standalone_microblaze_0/bsp
TRACE::2024-03-21.18:26:24::SCWMssOS::Mss edits present, copying mssfile into export location C:/385/project_6final/workspace6thursdayballeballe/mb_usb_hdmi_topfinalpls/microblaze_0/standalone_microblaze_0/bsp/system.mss
TRACE::2024-03-21.18:26:24::SCWMssOS::bsp generated is upto date with the mss file. Skipping bsp generation.
TRACE::2024-03-21.18:26:24::SCWMssOS::BSP is already built. skipping the bsp build ... 
TRACE::2024-03-21.18:26:24::SCWDomain::Building the domain as part of full build :  standalone_microblaze_0
TRACE::2024-03-21.18:26:24::SCWMssOS::doing bsp build ... 
TRACE::2024-03-21.18:26:24::SCWMssOS::System Command Ran  C: & cd  C:/385/project_6final/workspace6thursdayballeballe/mb_usb_hdmi_topfinalpls/microblaze_0/standalone_microblaze_0/bsp & make 
TRACE::2024-03-21.18:26:24::SCWMssOS::make --no-print-directory seq_libs

TRACE::2024-03-21.18:26:24::SCWMssOS::'Finished building libraries sequentially.'

TRACE::2024-03-21.18:26:24::SCWMssOS::make -j 6 --no-print-directory par_libs

TRACE::2024-03-21.18:26:24::SCWMssOS::"Running Make include in microblaze_0/libsrc/bram_v4_8/src"

TRACE::2024-03-21.18:26:24::SCWMssOS::make -C microblaze_0/libsrc/bram_v4_8/src -s include  "SHELL=CMD" "COMPILER=mb-gcc" "ASSEMBLER=mb-as" "ARCHIVER=mb-ar" "COMPILE
TRACE::2024-03-21.18:26:24::SCWMssOS::R_FLAGS=  -O2 -c -mcpu=v11.0 -mlittle-endian -mno-xl-reorder -mno-xl-soft-mul -mxl-barrel-shift -mxl-pattern-compare" "EXTRA_CO
TRACE::2024-03-21.18:26:24::SCWMssOS::MPILER_FLAGS=-g -ffunction-sections -fdata-sections -Wall -Wextra -fno-tree-loop-distribute-patterns"

TRACE::2024-03-21.18:26:24::SCWMssOS::"Running Make include in microblaze_0/libsrc/cpu_v2_16/src"

TRACE::2024-03-21.18:26:24::SCWMssOS::make -C microblaze_0/libsrc/cpu_v2_16/src -s include  "SHELL=CMD" "COMPILER=mb-gcc" "ASSEMBLER=mb-as" "ARCHIVER=mb-ar" "COMPILE
TRACE::2024-03-21.18:26:24::SCWMssOS::R_FLAGS=  -O2 -c -mcpu=v11.0 -mlittle-endian -mno-xl-reorder -mno-xl-soft-mul -mxl-barrel-shift -mxl-pattern-compare" "EXTRA_CO
TRACE::2024-03-21.18:26:24::SCWMssOS::MPILER_FLAGS=-g -ffunction-sections -fdata-sections -Wall -Wextra -fno-tree-loop-distribute-patterns"

TRACE::2024-03-21.18:26:24::SCWMssOS::"Running Make include in microblaze_0/libsrc/gpio_v4_9/src"

TRACE::2024-03-21.18:26:24::SCWMssOS::make -C microblaze_0/libsrc/gpio_v4_9/src -s include  "SHELL=CMD" "COMPILER=mb-gcc" "ASSEMBLER=mb-as" "ARCHIVER=mb-ar" "COMPILE
TRACE::2024-03-21.18:26:24::SCWMssOS::R_FLAGS=  -O2 -c -mcpu=v11.0 -mlittle-endian -mno-xl-reorder -mno-xl-soft-mul -mxl-barrel-shift -mxl-pattern-compare" "EXTRA_CO
TRACE::2024-03-21.18:26:24::SCWMssOS::MPILER_FLAGS=-g -ffunction-sections -fdata-sections -Wall -Wextra -fno-tree-loop-distribute-patterns"

TRACE::2024-03-21.18:26:24::SCWMssOS::"Running Make include in microblaze_0/libsrc/intc_v3_15/src"

TRACE::2024-03-21.18:26:24::SCWMssOS::make -C microblaze_0/libsrc/intc_v3_15/src -s include  "SHELL=CMD" "COMPILER=mb-gcc" "ASSEMBLER=mb-as" "ARCHIVER=mb-ar" "COMPIL
TRACE::2024-03-21.18:26:24::SCWMssOS::ER_FLAGS=  -O2 -c -mcpu=v11.0 -mlittle-endian -mno-xl-reorder -mno-xl-soft-mul -mxl-barrel-shift -mxl-pattern-compare" "EXTRA_C
TRACE::2024-03-21.18:26:24::SCWMssOS::OMPILER_FLAGS=-g -ffunction-sections -fdata-sections -Wall -Wextra -fno-tree-loop-distribute-patterns"

TRACE::2024-03-21.18:26:24::SCWMssOS::"Running Make include in microblaze_0/libsrc/spi_v4_9/src"

TRACE::2024-03-21.18:26:24::SCWMssOS::make -C microblaze_0/libsrc/spi_v4_9/src -s include  "SHELL=CMD" "COMPILER=mb-gcc" "ASSEMBLER=mb-as" "ARCHIVER=mb-ar" "COMPILER
TRACE::2024-03-21.18:26:24::SCWMssOS::_FLAGS=  -O2 -c -mcpu=v11.0 -mlittle-endian -mno-xl-reorder -mno-xl-soft-mul -mxl-barrel-shift -mxl-pattern-compare" "EXTRA_COM
TRACE::2024-03-21.18:26:24::SCWMssOS::PILER_FLAGS=-g -ffunction-sections -fdata-sections -Wall -Wextra -fno-tree-loop-distribute-patterns"

TRACE::2024-03-21.18:26:24::SCWMssOS::"Running Make include in microblaze_0/libsrc/standalone_v8_0/src"

TRACE::2024-03-21.18:26:24::SCWMssOS::make -C microblaze_0/libsrc/standalone_v8_0/src -s include  "SHELL=CMD" "COMPILER=mb-gcc" "ASSEMBLER=mb-as" "ARCHIVER=mb-ar" "C
TRACE::2024-03-21.18:26:24::SCWMssOS::OMPILER_FLAGS=  -O2 -c -mcpu=v11.0 -mlittle-endian -mno-xl-reorder -mno-xl-soft-mul -mxl-barrel-shift -mxl-pattern-compare" "EX
TRACE::2024-03-21.18:26:24::SCWMssOS::TRA_COMPILER_FLAGS=-g -ffunction-sections -fdata-sections -Wall -Wextra -fno-tree-loop-distribute-patterns"

TRACE::2024-03-21.18:26:24::SCWMssOS::"Running Make include in microblaze_0/libsrc/tmrctr_v4_9/src"

TRACE::2024-03-21.18:26:24::SCWMssOS::make -C microblaze_0/libsrc/tmrctr_v4_9/src -s include  "SHELL=CMD" "COMPILER=mb-gcc" "ASSEMBLER=mb-as" "ARCHIVER=mb-ar" "COMPI
TRACE::2024-03-21.18:26:24::SCWMssOS::LER_FLAGS=  -O2 -c -mcpu=v11.0 -mlittle-endian -mno-xl-reorder -mno-xl-soft-mul -mxl-barrel-shift -mxl-pattern-compare" "EXTRA_
TRACE::2024-03-21.18:26:24::SCWMssOS::COMPILER_FLAGS=-g -ffunction-sections -fdata-sections -Wall -Wextra -fno-tree-loop-distribute-patterns"

TRACE::2024-03-21.18:26:24::SCWMssOS::"Running Make include in microblaze_0/libsrc/uartlite_v3_7/src"

TRACE::2024-03-21.18:26:24::SCWMssOS::make -C microblaze_0/libsrc/uartlite_v3_7/src -s include  "SHELL=CMD" "COMPILER=mb-gcc" "ASSEMBLER=mb-as" "ARCHIVER=mb-ar" "COM
TRACE::2024-03-21.18:26:24::SCWMssOS::PILER_FLAGS=  -O2 -c -mcpu=v11.0 -mlittle-endian -mno-xl-reorder -mno-xl-soft-mul -mxl-barrel-shift -mxl-pattern-compare" "EXTR
TRACE::2024-03-21.18:26:24::SCWMssOS::A_COMPILER_FLAGS=-g -ffunction-sections -fdata-sections -Wall -Wextra -fno-tree-loop-distribute-patterns"

TRACE::2024-03-21.18:26:25::SCWMssOS::"Running Make libs in microblaze_0/libsrc/bram_v4_8/src"

TRACE::2024-03-21.18:26:25::SCWMssOS::make -C microblaze_0/libsrc/bram_v4_8/src -s libs  "SHELL=CMD" "COMPILER=mb-gcc" "ASSEMBLER=mb-as" "ARCHIVER=mb-ar" "COMPILER_F
TRACE::2024-03-21.18:26:25::SCWMssOS::LAGS=  -O2 -c -mcpu=v11.0 -mlittle-endian -mno-xl-reorder -mno-xl-soft-mul -mxl-barrel-shift -mxl-pattern-compare" "EXTRA_COMPI
TRACE::2024-03-21.18:26:25::SCWMssOS::LER_FLAGS=-g -ffunction-sections -fdata-sections -Wall -Wextra -fno-tree-loop-distribute-patterns"

TRACE::2024-03-21.18:26:25::SCWMssOS::"Running Make libs in microblaze_0/libsrc/cpu_v2_16/src"

TRACE::2024-03-21.18:26:25::SCWMssOS::make -C microblaze_0/libsrc/cpu_v2_16/src -s libs  "SHELL=CMD" "COMPILER=mb-gcc" "ASSEMBLER=mb-as" "ARCHIVER=mb-ar" "COMPILER_F
TRACE::2024-03-21.18:26:25::SCWMssOS::LAGS=  -O2 -c -mcpu=v11.0 -mlittle-endian -mno-xl-reorder -mno-xl-soft-mul -mxl-barrel-shift -mxl-pattern-compare" "EXTRA_COMPI
TRACE::2024-03-21.18:26:25::SCWMssOS::LER_FLAGS=-g -ffunction-sections -fdata-sections -Wall -Wextra -fno-tree-loop-distribute-patterns"

TRACE::2024-03-21.18:26:25::SCWMssOS::"Running Make libs in microblaze_0/libsrc/gpio_v4_9/src"

TRACE::2024-03-21.18:26:25::SCWMssOS::make -C microblaze_0/libsrc/gpio_v4_9/src -s libs  "SHELL=CMD" "COMPILER=mb-gcc" "ASSEMBLER=mb-as" "ARCHIVER=mb-ar" "COMPILER_F
TRACE::2024-03-21.18:26:25::SCWMssOS::LAGS=  -O2 -c -mcpu=v11.0 -mlittle-endian -mno-xl-reorder -mno-xl-soft-mul -mxl-barrel-shift -mxl-pattern-compare" "EXTRA_COMPI
TRACE::2024-03-21.18:26:25::SCWMssOS::LER_FLAGS=-g -ffunction-sections -fdata-sections -Wall -Wextra -fno-tree-loop-distribute-patterns"

TRACE::2024-03-21.18:26:25::SCWMssOS::"Running Make libs in microblaze_0/libsrc/intc_v3_15/src"

TRACE::2024-03-21.18:26:25::SCWMssOS::make -C microblaze_0/libsrc/intc_v3_15/src -s libs  "SHELL=CMD" "COMPILER=mb-gcc" "ASSEMBLER=mb-as" "ARCHIVER=mb-ar" "COMPILER_
TRACE::2024-03-21.18:26:25::SCWMssOS::FLAGS=  -O2 -c -mcpu=v11.0 -mlittle-endian -mno-xl-reorder -mno-xl-soft-mul -mxl-barrel-shift -mxl-pattern-compare" "EXTRA_COMP
TRACE::2024-03-21.18:26:25::SCWMssOS::ILER_FLAGS=-g -ffunction-sections -fdata-sections -Wall -Wextra -fno-tree-loop-distribute-patterns"

TRACE::2024-03-21.18:26:26::SCWMssOS::"Running Make libs in microblaze_0/libsrc/spi_v4_9/src"

TRACE::2024-03-21.18:26:26::SCWMssOS::make -C microblaze_0/libsrc/spi_v4_9/src -s libs  "SHELL=CMD" "COMPILER=mb-gcc" "ASSEMBLER=mb-as" "ARCHIVER=mb-ar" "COMPILER_FL
TRACE::2024-03-21.18:26:26::SCWMssOS::AGS=  -O2 -c -mcpu=v11.0 -mlittle-endian -mno-xl-reorder -mno-xl-soft-mul -mxl-barrel-shift -mxl-pattern-compare" "EXTRA_COMPIL
TRACE::2024-03-21.18:26:26::SCWMssOS::ER_FLAGS=-g -ffunction-sections -fdata-sections -Wall -Wextra -fno-tree-loop-distribute-patterns"

TRACE::2024-03-21.18:26:26::SCWMssOS::"Running Make libs in microblaze_0/libsrc/standalone_v8_0/src"

TRACE::2024-03-21.18:26:26::SCWMssOS::make -C microblaze_0/libsrc/standalone_v8_0/src -s libs  "SHELL=CMD" "COMPILER=mb-gcc" "ASSEMBLER=mb-as" "ARCHIVER=mb-ar" "COMP
TRACE::2024-03-21.18:26:26::SCWMssOS::ILER_FLAGS=  -O2 -c -mcpu=v11.0 -mlittle-endian -mno-xl-reorder -mno-xl-soft-mul -mxl-barrel-shift -mxl-pattern-compare" "EXTRA
TRACE::2024-03-21.18:26:26::SCWMssOS::_COMPILER_FLAGS=-g -ffunction-sections -fdata-sections -Wall -Wextra -fno-tree-loop-distribute-patterns"

TRACE::2024-03-21.18:26:27::SCWMssOS::"Running Make libs in microblaze_0/libsrc/tmrctr_v4_9/src"

TRACE::2024-03-21.18:26:27::SCWMssOS::make -C microblaze_0/libsrc/tmrctr_v4_9/src -s libs  "SHELL=CMD" "COMPILER=mb-gcc" "ASSEMBLER=mb-as" "ARCHIVER=mb-ar" "COMPILER
TRACE::2024-03-21.18:26:27::SCWMssOS::_FLAGS=  -O2 -c -mcpu=v11.0 -mlittle-endian -mno-xl-reorder -mno-xl-soft-mul -mxl-barrel-shift -mxl-pattern-compare" "EXTRA_COM
TRACE::2024-03-21.18:26:27::SCWMssOS::PILER_FLAGS=-g -ffunction-sections -fdata-sections -Wall -Wextra -fno-tree-loop-distribute-patterns"

TRACE::2024-03-21.18:26:28::SCWMssOS::"Running Make libs in microblaze_0/libsrc/uartlite_v3_7/src"

TRACE::2024-03-21.18:26:28::SCWMssOS::make -C microblaze_0/libsrc/uartlite_v3_7/src -s libs  "SHELL=CMD" "COMPILER=mb-gcc" "ASSEMBLER=mb-as" "ARCHIVER=mb-ar" "COMPIL
TRACE::2024-03-21.18:26:28::SCWMssOS::ER_FLAGS=  -O2 -c -mcpu=v11.0 -mlittle-endian -mno-xl-reorder -mno-xl-soft-mul -mxl-barrel-shift -mxl-pattern-compare" "EXTRA_C
TRACE::2024-03-21.18:26:28::SCWMssOS::OMPILER_FLAGS=-g -ffunction-sections -fdata-sections -Wall -Wextra -fno-tree-loop-distribute-patterns"

TRACE::2024-03-21.18:26:31::SCWMssOS::"DEBUG NON_LTO_OBJECTS is ../../../lib/microblaze_interrupt_handler.o"

TRACE::2024-03-21.18:26:31::SCWMssOS::'Finished building libraries parallelly.'

TRACE::2024-03-21.18:26:31::SCWMssOS::make --no-print-directory archive

TRACE::2024-03-21.18:26:31::SCWMssOS::mb-ar -r  microblaze_0/lib/libxil.a microblaze_0/lib/_exit.o microblaze_0/lib/errno.o microblaze_0/lib/fcntl.o microblaze_0/lib
TRACE::2024-03-21.18:26:31::SCWMssOS::/hw_exception_handler.o microblaze_0/lib/inbyte.o microblaze_0/lib/microblaze_disable_dcache.o microblaze_0/lib/microblaze_disa
TRACE::2024-03-21.18:26:31::SCWMssOS::ble_exceptions.o microblaze_0/lib/microblaze_disable_icache.o microblaze_0/lib/microblaze_disable_interrupts.o microblaze_0/lib
TRACE::2024-03-21.18:26:31::SCWMssOS::/microblaze_enable_dcache.o microblaze_0/lib/microblaze_enable_exceptions.o microblaze_0/lib/microblaze_enable_icache.o microbl
TRACE::2024-03-21.18:26:31::SCWMssOS::aze_0/lib/microblaze_enable_interrupts.o microblaze_0/lib/microblaze_exception_handler.o microblaze_0/lib/microblaze_flush_cach
TRACE::2024-03-21.18:26:31::SCWMssOS::e_ext.o microblaze_0/lib/microblaze_flush_cache_ext_range.o microblaze_0/lib/microblaze_flush_dcache.o microblaze_0/lib/microbl
TRACE::2024-03-21.18:26:31::SCWMssOS::aze_flush_dcache_range.o microblaze_0/lib/microblaze_init_dcache_range.o microblaze_0/lib/microblaze_init_icache_range.o microb
TRACE::2024-03-21.18:26:31::SCWMssOS::laze_0/lib/microblaze_interrupt_handler.o microblaze_0/lib/microblaze_interrupts_g.o microblaze_0/lib/microblaze_invalidate_cac
TRACE::2024-03-21.18:26:31::SCWMssOS::he_ext.o microblaze_0/lib/microblaze_invalidate_cache_ext_range.o microblaze_0/lib/microblaze_invalidate_dcache.o microblaze_0/
TRACE::2024-03-21.18:26:31::SCWMssOS::lib/microblaze_invalidate_dcache_range.o microblaze_0/lib/microblaze_invalidate_icache.o microblaze_0/lib/microblaze_invalidate
TRACE::2024-03-21.18:26:31::SCWMssOS::_icache_range.o microblaze_0/lib/microblaze_scrub.o microblaze_0/lib/microblaze_selftest.o microblaze_0/lib/microblaze_sleep.o 
TRACE::2024-03-21.18:26:31::SCWMssOS::microblaze_0/lib/microblaze_update_dcache.o microblaze_0/lib/microblaze_update_icache.o microblaze_0/lib/outbyte.o microblaze_0
TRACE::2024-03-21.18:26:31::SCWMssOS::/lib/print.o microblaze_0/lib/pvr.o microblaze_0/lib/xbram.o microblaze_0/lib/xbram_g.o microblaze_0/lib/xbram_intr.o microblaz
TRACE::2024-03-21.18:26:31::SCWMssOS::e_0/lib/xbram_selftest.o microblaze_0/lib/xbram_sinit.o microblaze_0/lib/xgpio.o microblaze_0/lib/xgpio_extra.o microblaze_0/li
TRACE::2024-03-21.18:26:31::SCWMssOS::b/xgpio_g.o microblaze_0/lib/xgpio_intr.o microblaze_0/lib/xgpio_selftest.o microblaze_0/lib/xgpio_sinit.o microblaze_0/lib/xil
TRACE::2024-03-21.18:26:31::SCWMssOS::_assert.o microblaze_0/lib/xil_cache.o microblaze_0/lib/xil_clocking.o microblaze_0/lib/xil_exception.o microblaze_0/lib/xil_me
TRACE::2024-03-21.18:26:31::SCWMssOS::m.o microblaze_0/lib/xil_misc_psreset_api.o microblaze_0/lib/xil_printf.o microblaze_0/lib/xil_sleepcommon.o microblaze_0/lib/x
TRACE::2024-03-21.18:26:31::SCWMssOS::il_testcache.o microblaze_0/lib/xil_testio.o microblaze_0/lib/xil_testmem.o microblaze_0/lib/xil_util.o microblaze_0/lib/xintc.
TRACE::2024-03-21.18:26:31::SCWMssOS::o microblaze_0/lib/xintc_g.o microblaze_0/lib/xintc_intr.o microblaze_0/lib/xintc_l.o microblaze_0/lib/xintc_options.o microbla
TRACE::2024-03-21.18:26:31::SCWMssOS::ze_0/lib/xintc_selftest.o microblaze_0/lib/xinterrupt_wrap.o microblaze_0/lib/xio.o microblaze_0/lib/xplatform_info.o microblaz
TRACE::2024-03-21.18:26:31::SCWMssOS::e_0/lib/xspi.o microblaze_0/lib/xspi_g.o microblaze_0/lib/xspi_options.o microblaze_0/lib/xspi_selftest.o microblaze_0/lib/xspi
TRACE::2024-03-21.18:26:31::SCWMssOS::_sinit.o microblaze_0/lib/xspi_stats.o microblaze_0/lib/xtmrctr.o microblaze_0/lib/xtmrctr_g.o microblaze_0/lib/xtmrctr_intr.o 
TRACE::2024-03-21.18:26:31::SCWMssOS::microblaze_0/lib/xtmrctr_l.o microblaze_0/lib/xtmrctr_options.o microblaze_0/lib/xtmrctr_selftest.o microblaze_0/lib/xtmrctr_si
TRACE::2024-03-21.18:26:31::SCWMssOS::nit.o microblaze_0/lib/xtmrctr_stats.o microblaze_0/lib/xuartlite.o microblaze_0/lib/xuartlite_g.o microblaze_0/lib/xuartlite_i
TRACE::2024-03-21.18:26:31::SCWMssOS::ntr.o microblaze_0/lib/xuartlite_l.o microblaze_0/lib/xuartlite_selftest.o microblaze_0/lib/xuartlite_sinit.o microblaze_0/lib/
TRACE::2024-03-21.18:26:31::SCWMssOS::xuartlite_stats.o

TRACE::2024-03-21.18:26:31::SCWMssOS::'Finished building libraries'

TRACE::2024-03-21.18:26:32::SCWMssOS::Copying to export directory.
TRACE::2024-03-21.18:26:32::SCWMssOS:: Checking if to create the Supporting Applications
TRACE::2024-03-21.18:26:32::SCWMssOS:: No Linux domain exists, trying to generate FSBL 
LOG::2024-03-21.18:26:32::SCWSystem::Completed Processing the domain standalone_microblaze_0
LOG::2024-03-21.18:26:32::SCWSystem::Completed Processing the sysconfig mb_usb_hdmi_topfinalpls
LOG::2024-03-21.18:26:32::SCWPlatform::Completed generating the artifacts for system configuration mb_usb_hdmi_topfinalpls
TRACE::2024-03-21.18:26:32::SCWPlatform::Started preparing the platform 
TRACE::2024-03-21.18:26:32::SCWSystem::Writing the bif file for system config mb_usb_hdmi_topfinalpls
TRACE::2024-03-21.18:26:32::SCWSystem::dir created 
TRACE::2024-03-21.18:26:32::SCWSystem::Writing the bif 
TRACE::2024-03-21.18:26:32::SCWPlatform::Started writing the spfm file 
TRACE::2024-03-21.18:26:32::SCWPlatform::Started writing the xpfm file 
TRACE::2024-03-21.18:26:32::SCWPlatform::Completed generating the platform
TRACE::2024-03-21.18:26:32::SCWMssOS::Saving the mss changes C:/385/project_6final/workspace6thursdayballeballe/mb_usb_hdmi_topfinalpls/microblaze_0/standalone_microblaze_0/bsp/system.mss
TRACE::2024-03-21.18:26:32::SCWMssOS::Found a swdesign opened with the mssfile.
TRACE::2024-03-21.18:26:32::SCWMssOS::Completed writemss as part of save.
TRACE::2024-03-21.18:26:32::SCWMssOS::Commit changes completed.
TRACE::2024-03-21.18:26:32::SCWPlatform::Trying to open the hw design at C:/385/project_6final/workspace6thursdayballeballe/mb_usb_hdmi_topfinalpls/hw/mb_usb_hdmi_topfinalpls.xsa
TRACE::2024-03-21.18:26:32::SCWPlatform::DSA given C:/385/project_6final/workspace6thursdayballeballe/mb_usb_hdmi_topfinalpls/hw/mb_usb_hdmi_topfinalpls.xsa
TRACE::2024-03-21.18:26:32::SCWPlatform::DSA absoulate path C:/385/project_6final/workspace6thursdayballeballe/mb_usb_hdmi_topfinalpls/hw/mb_usb_hdmi_topfinalpls.xsa
TRACE::2024-03-21.18:26:32::SCWPlatform::DSA directory C:/385/project_6final/workspace6thursdayballeballe/mb_usb_hdmi_topfinalpls/hw
TRACE::2024-03-21.18:26:32::SCWPlatform:: Platform Path C:/385/project_6final/workspace6thursdayballeballe/mb_usb_hdmi_topfinalpls/hw/mb_usb_hdmi_topfinalpls.xsa
TRACE::2024-03-21.18:26:32::SCWPlatform:: Unique name xilinx:::0.0
TRACE::2024-03-21.18:26:32::SCWPlatform::Trying to set the existing hwdb with name mb_usb_hdmi_top_0
TRACE::2024-03-21.18:26:32::SCWPlatform::Opened existing hwdb mb_usb_hdmi_top_0
TRACE::2024-03-21.18:26:32::SCWPlatform::Found the Hw Db part of the input DSA
TRACE::2024-03-21.18:26:32::SCWMssOS::Checking the sw design at  C:/385/project_6final/workspace6thursdayballeballe/mb_usb_hdmi_topfinalpls/microblaze_0/standalone_microblaze_0/bsp/system.mss
TRACE::2024-03-21.18:26:32::SCWMssOS::DEBUG:  swdes dump  C:/385/project_6final/workspace6thursdayballeballe/mb_usb_hdmi_topfinalpls/microblaze_0/standalone_microblaze_0/bsp/system.mss|system||

TRACE::2024-03-21.18:26:32::SCWMssOS::Sw design exists and opened at  C:/385/project_6final/workspace6thursdayballeballe/mb_usb_hdmi_topfinalpls/microblaze_0/standalone_microblaze_0/bsp/system.mss
TRACE::2024-03-21.18:26:32::SCWPlatform::Trying to open the hw design at C:/385/project_6final/workspace6thursdayballeballe/mb_usb_hdmi_topfinalpls/hw/mb_usb_hdmi_topfinalpls.xsa
TRACE::2024-03-21.18:26:32::SCWPlatform::DSA given C:/385/project_6final/workspace6thursdayballeballe/mb_usb_hdmi_topfinalpls/hw/mb_usb_hdmi_topfinalpls.xsa
TRACE::2024-03-21.18:26:32::SCWPlatform::DSA absoulate path C:/385/project_6final/workspace6thursdayballeballe/mb_usb_hdmi_topfinalpls/hw/mb_usb_hdmi_topfinalpls.xsa
TRACE::2024-03-21.18:26:32::SCWPlatform::DSA directory C:/385/project_6final/workspace6thursdayballeballe/mb_usb_hdmi_topfinalpls/hw
TRACE::2024-03-21.18:26:32::SCWPlatform:: Platform Path C:/385/project_6final/workspace6thursdayballeballe/mb_usb_hdmi_topfinalpls/hw/mb_usb_hdmi_topfinalpls.xsa
TRACE::2024-03-21.18:26:32::SCWPlatform:: Unique name xilinx:::0.0
TRACE::2024-03-21.18:26:32::SCWPlatform::Trying to set the existing hwdb with name mb_usb_hdmi_top_0
TRACE::2024-03-21.18:26:32::SCWPlatform::Opened existing hwdb mb_usb_hdmi_top_0
TRACE::2024-03-21.18:26:32::SCWPlatform::Found the Hw Db part of the input DSA
TRACE::2024-03-21.18:26:32::SCWMssOS::Checking the sw design at  C:/385/project_6final/workspace6thursdayballeballe/mb_usb_hdmi_topfinalpls/microblaze_0/standalone_microblaze_0/bsp/system.mss
TRACE::2024-03-21.18:26:32::SCWMssOS::DEBUG:  swdes dump  C:/385/project_6final/workspace6thursdayballeballe/mb_usb_hdmi_topfinalpls/microblaze_0/standalone_microblaze_0/bsp/system.mss|system||

TRACE::2024-03-21.18:26:32::SCWMssOS::Sw design exists and opened at  C:/385/project_6final/workspace6thursdayballeballe/mb_usb_hdmi_topfinalpls/microblaze_0/standalone_microblaze_0/bsp/system.mss
TRACE::2024-03-21.18:26:32::SCWPlatform::Trying to open the hw design at C:/385/project_6final/workspace6thursdayballeballe/mb_usb_hdmi_topfinalpls/hw/mb_usb_hdmi_topfinalpls.xsa
TRACE::2024-03-21.18:26:32::SCWPlatform::DSA given C:/385/project_6final/workspace6thursdayballeballe/mb_usb_hdmi_topfinalpls/hw/mb_usb_hdmi_topfinalpls.xsa
TRACE::2024-03-21.18:26:32::SCWPlatform::DSA absoulate path C:/385/project_6final/workspace6thursdayballeballe/mb_usb_hdmi_topfinalpls/hw/mb_usb_hdmi_topfinalpls.xsa
TRACE::2024-03-21.18:26:32::SCWPlatform::DSA directory C:/385/project_6final/workspace6thursdayballeballe/mb_usb_hdmi_topfinalpls/hw
TRACE::2024-03-21.18:26:32::SCWPlatform:: Platform Path C:/385/project_6final/workspace6thursdayballeballe/mb_usb_hdmi_topfinalpls/hw/mb_usb_hdmi_topfinalpls.xsa
TRACE::2024-03-21.18:26:32::SCWPlatform:: Unique name xilinx:::0.0
TRACE::2024-03-21.18:26:32::SCWPlatform::Trying to set the existing hwdb with name mb_usb_hdmi_top_0
TRACE::2024-03-21.18:26:32::SCWPlatform::Opened existing hwdb mb_usb_hdmi_top_0
TRACE::2024-03-21.18:26:32::SCWPlatform::Found the Hw Db part of the input DSA
TRACE::2024-03-21.18:26:32::SCWMssOS::Checking the sw design at  C:/385/project_6final/workspace6thursdayballeballe/mb_usb_hdmi_topfinalpls/microblaze_0/standalone_microblaze_0/bsp/system.mss
TRACE::2024-03-21.18:26:32::SCWMssOS::DEBUG:  swdes dump  C:/385/project_6final/workspace6thursdayballeballe/mb_usb_hdmi_topfinalpls/microblaze_0/standalone_microblaze_0/bsp/system.mss|system||

TRACE::2024-03-21.18:26:32::SCWMssOS::Sw design exists and opened at  C:/385/project_6final/workspace6thursdayballeballe/mb_usb_hdmi_topfinalpls/microblaze_0/standalone_microblaze_0/bsp/system.mss
TRACE::2024-03-21.18:26:32::SCWWriter::formatted JSON is {
	"platformName":	"mb_usb_hdmi_topfinalpls",
	"sprVersion":	"2.0",
	"mode":	"gui",
	"dsaType":	"Fixed",
	"platformDesc":	"mb_usb_hdmi_topfinalpls",
	"platHandOff":	"C:/385/project_6final/mb_usb_hdmi_topfinalpls.xsa",
	"platIntHandOff":	"<platformDir>/hw/mb_usb_hdmi_topfinalpls.xsa",
	"deviceType":	"FPGA",
	"platIsPrebuiltAutogen":	"false",
	"platIsNoBootBsp":	"false",
	"hasFsblMakeHasChanges":	"false",
	"hasPmufwMakeHasChanges":	"false",
	"platPreBuiltFlag":	false,
	"platformSamplesDir":	"",
	"platActiveSys":	"mb_usb_hdmi_topfinalpls",
	"systems":	[{
			"systemName":	"mb_usb_hdmi_topfinalpls",
			"systemDesc":	"mb_usb_hdmi_topfinalpls",
			"sysIsBootAutoGen":	"true",
			"systemDispName":	"mb_usb_hdmi_topfinalpls",
			"sysActiveDom":	"standalone_microblaze_0",
			"sysDefaultDom":	"standalone_microblaze_0",
			"domains":	[{
					"domainName":	"standalone_microblaze_0",
					"domainDispName":	"standalone_microblaze_0",
					"domainDesc":	"standalone_microblaze_0",
					"processors":	"microblaze_0",
					"os":	"standalone",
					"sdxOs":	"standalone",
					"debugEnable":	"False",
					"domRuntimes":	["cpp"],
					"swRepo":	"",
					"mssOsVer":	"8.0",
					"mssFile":	"",
					"md5Digest":	"304529987e879521ca977c68d163f362",
					"compatibleApp":	"hello_world",
					"domType":	"mssDomain",
					"arch":	"32-bit",
					"appSettings":	{
						"appCompilerFlags":	"",
						"appLinkerFlags":	""
					},
					"addedLibs":	[],
					"libOptions":	{
						"libsContainingOptions":	[]
					},
					"prebuiltLibs":	{
						"prebuiltIncPath":	[],
						"prebuiltLibPath":	[]
					},
					"isolation":	{
					}
				}]
		}]
}
KEYINFO::2024-03-21.18:26:32::SCWPlatform::updated the xpfm file.
TRACE::2024-03-21.18:26:32::SCWPlatform::Trying to open the hw design at C:/385/project_6final/workspace6thursdayballeballe/mb_usb_hdmi_topfinalpls/hw/mb_usb_hdmi_topfinalpls.xsa
TRACE::2024-03-21.18:26:32::SCWPlatform::DSA given C:/385/project_6final/workspace6thursdayballeballe/mb_usb_hdmi_topfinalpls/hw/mb_usb_hdmi_topfinalpls.xsa
TRACE::2024-03-21.18:26:32::SCWPlatform::DSA absoulate path C:/385/project_6final/workspace6thursdayballeballe/mb_usb_hdmi_topfinalpls/hw/mb_usb_hdmi_topfinalpls.xsa
TRACE::2024-03-21.18:26:32::SCWPlatform::DSA directory C:/385/project_6final/workspace6thursdayballeballe/mb_usb_hdmi_topfinalpls/hw
TRACE::2024-03-21.18:26:32::SCWPlatform:: Platform Path C:/385/project_6final/workspace6thursdayballeballe/mb_usb_hdmi_topfinalpls/hw/mb_usb_hdmi_topfinalpls.xsa
TRACE::2024-03-21.18:26:32::SCWPlatform:: Unique name xilinx:::0.0
TRACE::2024-03-21.18:26:32::SCWPlatform::Trying to set the existing hwdb with name mb_usb_hdmi_top_0
TRACE::2024-03-21.18:26:32::SCWPlatform::Opened existing hwdb mb_usb_hdmi_top_0
TRACE::2024-03-21.18:26:32::SCWPlatform::Found the Hw Db part of the input DSA
TRACE::2024-03-21.18:26:32::SCWMssOS::Checking the sw design at  C:/385/project_6final/workspace6thursdayballeballe/mb_usb_hdmi_topfinalpls/microblaze_0/standalone_microblaze_0/bsp/system.mss
TRACE::2024-03-21.18:26:32::SCWMssOS::DEBUG:  swdes dump  C:/385/project_6final/workspace6thursdayballeballe/mb_usb_hdmi_topfinalpls/microblaze_0/standalone_microblaze_0/bsp/system.mss|system||

TRACE::2024-03-21.18:26:32::SCWMssOS::Sw design exists and opened at  C:/385/project_6final/workspace6thursdayballeballe/mb_usb_hdmi_topfinalpls/microblaze_0/standalone_microblaze_0/bsp/system.mss
