17:01:33 DEBUG : Logs will be stored at 'C:/385/lab67redo/avantgen/IDE.log'.
17:01:38 INFO  : Launching XSCT server: xsct.bat -n  -interactive C:\385\lab67redo\avantgen\temp_xsdb_launch_script.tcl
17:01:38 INFO  : Platform repository initialization has completed.
17:01:38 INFO  : Registering command handlers for Vitis TCF services
17:01:42 INFO  : XSCT server has started successfully.
17:01:43 INFO  : plnx-install-location is set to ''
17:01:43 INFO  : Successfully done setting XSCT server connection channel  
17:01:43 INFO  : Successfully done query RDI_DATADIR 
17:01:43 INFO  : Successfully done setting workspace for the tool. 
17:02:26 ERROR : (XSDB Server)ERROR: [Hsi 55-1562] Source directory C:/385/lab67redo/avantgen/genstream/hw/drivers\hdmi_text_controller_v1_0/src does not exist or is not a directory.

17:02:28 INFO  : Result from executing command 'getProjects': genstream
17:02:28 INFO  : Result from executing command 'getPlatforms': 
17:02:28 WARN  : An unexpected exception occurred in the module 'platform project logging'
17:02:28 INFO  : Platform 'genstream' is added to custom repositories.
17:02:32 INFO  : Platform 'genstream' is added to custom repositories.
17:05:14 INFO  : Result from executing command 'removePlatformRepo': 
17:05:25 INFO  : Result from executing command 'getProjects': genstream
17:05:25 INFO  : Result from executing command 'getPlatforms': 
17:05:25 INFO  : Checking for BSP changes to sync application flags for project 'mbblockssss'...
17:06:07 INFO  : Connected to target on host '127.0.0.1' and port '3121'.
17:06:08 INFO  : Jtag cable 'RealDigital Boo 8874292301EDA' is selected.
17:06:08 INFO  : 'jtag frequency' command is executed.
17:06:08 INFO  : 'targets -set -filter {jtag_cable_name =~ "RealDigital Boo 8874292301EDA" && level==0 && jtag_device_ctx=="jsn1-0362f093-0"}' command is executed.
17:06:09 INFO  : Device configured successfully with "C:/385/lab67redo/avantgen/mbblockssss/_ide/bitstream/genstream.bit"
17:06:09 INFO  : Context for processor 'microblaze_0' is selected.
17:06:09 INFO  : Hardware design and registers information is loaded from 'C:/385/lab67redo/avantgen/genstream/export/genstream/hw/genstream.xsa'.
17:06:09 INFO  : 'configparams mdm-detect-bscan-mask 2' command is executed.
17:06:10 INFO  : Context for processor 'microblaze_0' is selected.
17:06:10 INFO  : System reset is completed.
17:06:13 INFO  : 'after 3000' command is executed.
17:06:13 INFO  : Context for processor 'microblaze_0' is selected.
17:06:13 INFO  : The application 'C:/385/lab67redo/avantgen/mbblockssss/Debug/mbblockssss.elf' is downloaded to processor 'microblaze_0'.
17:06:13 INFO  : ----------------XSDB Script----------------
connect -url tcp:127.0.0.1:3121
targets -set -filter {jtag_cable_name =~ "RealDigital Boo 8874292301EDA" && level==0 && jtag_device_ctx=="jsn1-0362f093-0"}
fpga -file C:/385/lab67redo/avantgen/mbblockssss/_ide/bitstream/genstream.bit
targets -set -nocase -filter {name =~ "*microblaze*#0" && bscan=="USER2" }
loadhw -hw C:/385/lab67redo/avantgen/genstream/export/genstream/hw/genstream.xsa -regs
configparams mdm-detect-bscan-mask 2
targets -set -nocase -filter {name =~ "*microblaze*#0" && bscan=="USER2" }
rst -system
after 3000
targets -set -nocase -filter {name =~ "*microblaze*#0" && bscan=="USER2" }
dow C:/385/lab67redo/avantgen/mbblockssss/Debug/mbblockssss.elf
----------------End of Script----------------

17:06:13 INFO  : Context for processor 'microblaze_0' is selected.
17:06:13 INFO  : 'con' command is executed.
17:06:13 INFO  : ----------------XSDB Script (After Launch)----------------
targets -set -nocase -filter {name =~ "*microblaze*#0" && bscan=="USER2" }
con
----------------End of Script----------------

17:06:13 INFO  : Disconnected from the channel tcfchan#3.
11:39:05 INFO  : Connected to target on host '127.0.0.1' and port '3121'.
11:39:20 INFO  : Jtag cable 'RealDigital Boo 88742923028BA' is selected.
11:39:20 INFO  : 'jtag frequency' command is executed.
11:39:21 INFO  : 'targets -set -filter {jtag_cable_name =~ "RealDigital Boo 88742923028BA" && level==0 && jtag_device_ctx=="jsn1-0362f093-0"}' command is executed.
11:39:22 INFO  : Device configured successfully with "C:/385/lab67redo/avantgen/mbblockssss/_ide/bitstream/genstream.bit"
11:39:22 INFO  : Context for processor 'microblaze_0' is selected.
11:39:22 INFO  : Hardware design and registers information is loaded from 'C:/385/lab67redo/avantgen/genstream/export/genstream/hw/genstream.xsa'.
11:39:22 INFO  : 'configparams mdm-detect-bscan-mask 2' command is executed.
11:39:22 INFO  : Context for processor 'microblaze_0' is selected.
11:39:22 INFO  : System reset is completed.
11:39:25 INFO  : 'after 3000' command is executed.
11:39:25 INFO  : Context for processor 'microblaze_0' is selected.
11:39:26 INFO  : The application 'C:/385/lab67redo/avantgen/mbblockssss/Debug/mbblockssss.elf' is downloaded to processor 'microblaze_0'.
11:39:26 INFO  : ----------------XSDB Script----------------
connect -url tcp:127.0.0.1:3121
targets -set -filter {jtag_cable_name =~ "RealDigital Boo 88742923028BA" && level==0 && jtag_device_ctx=="jsn1-0362f093-0"}
fpga -file C:/385/lab67redo/avantgen/mbblockssss/_ide/bitstream/genstream.bit
targets -set -nocase -filter {name =~ "*microblaze*#0" && bscan=="USER2" }
loadhw -hw C:/385/lab67redo/avantgen/genstream/export/genstream/hw/genstream.xsa -regs
configparams mdm-detect-bscan-mask 2
targets -set -nocase -filter {name =~ "*microblaze*#0" && bscan=="USER2" }
rst -system
after 3000
targets -set -nocase -filter {name =~ "*microblaze*#0" && bscan=="USER2" }
dow C:/385/lab67redo/avantgen/mbblockssss/Debug/mbblockssss.elf
----------------End of Script----------------

11:39:26 INFO  : Context for processor 'microblaze_0' is selected.
11:39:26 INFO  : 'con' command is executed.
11:39:26 INFO  : ----------------XSDB Script (After Launch)----------------
targets -set -nocase -filter {name =~ "*microblaze*#0" && bscan=="USER2" }
con
----------------End of Script----------------

11:39:26 INFO  : Disconnected from the channel tcfchan#4.
11:44:29 INFO  : Connected to target on host '127.0.0.1' and port '3121'.
11:44:29 INFO  : Jtag cable 'RealDigital Boo 88742923028BA' is selected.
11:44:29 INFO  : 'jtag frequency' command is executed.
11:44:30 INFO  : 'targets -set -filter {jtag_cable_name =~ "RealDigital Boo 88742923028BA" && level==0 && jtag_device_ctx=="jsn1-0362f093-0"}' command is executed.
11:44:31 INFO  : Device configured successfully with "C:/385/lab67redo/avantgen/mbblockssss/_ide/bitstream/genstream.bit"
11:44:31 INFO  : Context for processor 'microblaze_0' is selected.
11:44:31 INFO  : Hardware design and registers information is loaded from 'C:/385/lab67redo/avantgen/genstream/export/genstream/hw/genstream.xsa'.
11:44:31 INFO  : 'configparams mdm-detect-bscan-mask 2' command is executed.
11:44:31 INFO  : Context for processor 'microblaze_0' is selected.
11:44:31 INFO  : System reset is completed.
11:44:34 INFO  : 'after 3000' command is executed.
11:44:34 INFO  : Context for processor 'microblaze_0' is selected.
11:44:35 INFO  : The application 'C:/385/lab67redo/avantgen/mbblockssss/Debug/mbblockssss.elf' is downloaded to processor 'microblaze_0'.
11:44:35 INFO  : ----------------XSDB Script----------------
connect -url tcp:127.0.0.1:3121
targets -set -filter {jtag_cable_name =~ "RealDigital Boo 88742923028BA" && level==0 && jtag_device_ctx=="jsn1-0362f093-0"}
fpga -file C:/385/lab67redo/avantgen/mbblockssss/_ide/bitstream/genstream.bit
targets -set -nocase -filter {name =~ "*microblaze*#0" && bscan=="USER2" }
loadhw -hw C:/385/lab67redo/avantgen/genstream/export/genstream/hw/genstream.xsa -regs
configparams mdm-detect-bscan-mask 2
targets -set -nocase -filter {name =~ "*microblaze*#0" && bscan=="USER2" }
rst -system
after 3000
targets -set -nocase -filter {name =~ "*microblaze*#0" && bscan=="USER2" }
dow C:/385/lab67redo/avantgen/mbblockssss/Debug/mbblockssss.elf
----------------End of Script----------------

11:44:35 INFO  : Context for processor 'microblaze_0' is selected.
11:44:35 INFO  : 'con' command is executed.
11:44:35 INFO  : ----------------XSDB Script (After Launch)----------------
targets -set -nocase -filter {name =~ "*microblaze*#0" && bscan=="USER2" }
con
----------------End of Script----------------

11:44:35 INFO  : Disconnected from the channel tcfchan#5.
11:44:52 INFO  : Connected to target on host '127.0.0.1' and port '3121'.
11:44:52 INFO  : Jtag cable 'RealDigital Boo 88742923028BA' is selected.
11:44:52 INFO  : 'jtag frequency' command is executed.
11:44:52 INFO  : 'targets -set -filter {jtag_cable_name =~ "RealDigital Boo 88742923028BA" && level==0 && jtag_device_ctx=="jsn1-0362f093-0"}' command is executed.
11:44:54 INFO  : Device configured successfully with "C:/385/lab67redo/avantgen/mbblockssss/_ide/bitstream/genstream.bit"
11:44:54 INFO  : Context for processor 'microblaze_0' is selected.
11:44:54 INFO  : Hardware design and registers information is loaded from 'C:/385/lab67redo/avantgen/genstream/export/genstream/hw/genstream.xsa'.
11:44:54 INFO  : 'configparams mdm-detect-bscan-mask 2' command is executed.
11:44:54 INFO  : Context for processor 'microblaze_0' is selected.
11:44:54 INFO  : System reset is completed.
11:44:57 INFO  : 'after 3000' command is executed.
11:44:57 INFO  : Context for processor 'microblaze_0' is selected.
11:44:57 INFO  : The application 'C:/385/lab67redo/avantgen/mbblockssss/Debug/mbblockssss.elf' is downloaded to processor 'microblaze_0'.
11:44:57 INFO  : ----------------XSDB Script----------------
connect -url tcp:127.0.0.1:3121
targets -set -filter {jtag_cable_name =~ "RealDigital Boo 88742923028BA" && level==0 && jtag_device_ctx=="jsn1-0362f093-0"}
fpga -file C:/385/lab67redo/avantgen/mbblockssss/_ide/bitstream/genstream.bit
targets -set -nocase -filter {name =~ "*microblaze*#0" && bscan=="USER2" }
loadhw -hw C:/385/lab67redo/avantgen/genstream/export/genstream/hw/genstream.xsa -regs
configparams mdm-detect-bscan-mask 2
targets -set -nocase -filter {name =~ "*microblaze*#0" && bscan=="USER2" }
rst -system
after 3000
targets -set -nocase -filter {name =~ "*microblaze*#0" && bscan=="USER2" }
dow C:/385/lab67redo/avantgen/mbblockssss/Debug/mbblockssss.elf
----------------End of Script----------------

11:44:57 INFO  : Context for processor 'microblaze_0' is selected.
11:44:57 INFO  : 'con' command is executed.
11:44:57 INFO  : ----------------XSDB Script (After Launch)----------------
targets -set -nocase -filter {name =~ "*microblaze*#0" && bscan=="USER2" }
con
----------------End of Script----------------

11:44:58 INFO  : Disconnected from the channel tcfchan#6.
