09:51:53 DEBUG : Logs will be stored at 'C:/385/lab67redo/multiplebitswork/IDE.log'.
09:51:56 INFO  : Platform repository initialization has completed.
09:51:56 INFO  : Launching XSCT server: xsct.bat -n  -interactive C:\385\lab67redo\multiplebitswork\temp_xsdb_launch_script.tcl
09:51:56 INFO  : Registering command handlers for Vitis TCF services
09:51:59 INFO  : XSCT server has started successfully.
09:51:59 INFO  : Successfully done setting XSCT server connection channel  
09:52:00 INFO  : plnx-install-location is set to ''
09:52:00 INFO  : Successfully done setting workspace for the tool. 
09:52:00 INFO  : Successfully done query RDI_DATADIR 
09:53:04 ERROR : (XSDB Server)ERROR: [Hsi 55-1562] Source directory C:/385/lab67redo/multiplebitswork/creatingbitstream/hw/drivers\hdmi_text_controller_v1_0/src does not exist or is not a directory.

09:53:05 INFO  : Result from executing command 'getProjects': creatingbitstream
09:53:05 INFO  : Result from executing command 'getPlatforms': 
09:53:05 WARN  : An unexpected exception occurred in the module 'platform project logging'
09:53:05 INFO  : Platform 'creatingbitstream' is added to custom repositories.
09:53:07 INFO  : Platform 'creatingbitstream' is added to custom repositories.
09:55:43 INFO  : Result from executing command 'removePlatformRepo': 
09:55:49 INFO  : Result from executing command 'getProjects': creatingbitstream
09:55:49 INFO  : Result from executing command 'getPlatforms': 
09:55:49 INFO  : Checking for BSP changes to sync application flags for project 'mblockzoop'...
09:56:31 INFO  : Connected to target on host '127.0.0.1' and port '3121'.
09:56:31 INFO  : Jtag cable 'RealDigital Boo 88742923028BA' is selected.
09:56:31 INFO  : 'jtag frequency' command is executed.
09:56:31 INFO  : 'targets -set -filter {jtag_cable_name =~ "RealDigital Boo 88742923028BA" && level==0 && jtag_device_ctx=="jsn1-0362f093-0"}' command is executed.
09:56:32 INFO  : Device configured successfully with "C:/385/lab67redo/multiplebitswork/mblockzoop/_ide/bitstream/creatingbitstream.bit"
09:56:32 INFO  : Context for processor 'microblaze_0' is selected.
09:56:32 INFO  : Hardware design and registers information is loaded from 'C:/385/lab67redo/multiplebitswork/creatingbitstream/export/creatingbitstream/hw/creatingbitstream.xsa'.
09:56:32 INFO  : 'configparams mdm-detect-bscan-mask 2' command is executed.
09:56:32 INFO  : Context for processor 'microblaze_0' is selected.
09:56:32 INFO  : System reset is completed.
09:56:35 INFO  : 'after 3000' command is executed.
09:56:35 INFO  : Context for processor 'microblaze_0' is selected.
09:56:36 INFO  : The application 'C:/385/lab67redo/multiplebitswork/mblockzoop/Debug/mblockzoop.elf' is downloaded to processor 'microblaze_0'.
09:56:36 INFO  : ----------------XSDB Script----------------
connect -url tcp:127.0.0.1:3121
targets -set -filter {jtag_cable_name =~ "RealDigital Boo 88742923028BA" && level==0 && jtag_device_ctx=="jsn1-0362f093-0"}
fpga -file C:/385/lab67redo/multiplebitswork/mblockzoop/_ide/bitstream/creatingbitstream.bit
targets -set -nocase -filter {name =~ "*microblaze*#0" && bscan=="USER2" }
loadhw -hw C:/385/lab67redo/multiplebitswork/creatingbitstream/export/creatingbitstream/hw/creatingbitstream.xsa -regs
configparams mdm-detect-bscan-mask 2
targets -set -nocase -filter {name =~ "*microblaze*#0" && bscan=="USER2" }
rst -system
after 3000
targets -set -nocase -filter {name =~ "*microblaze*#0" && bscan=="USER2" }
dow C:/385/lab67redo/multiplebitswork/mblockzoop/Debug/mblockzoop.elf
----------------End of Script----------------

09:56:36 INFO  : Context for processor 'microblaze_0' is selected.
09:56:36 INFO  : 'con' command is executed.
09:56:36 INFO  : ----------------XSDB Script (After Launch)----------------
targets -set -nocase -filter {name =~ "*microblaze*#0" && bscan=="USER2" }
con
----------------End of Script----------------

09:56:36 INFO  : Disconnected from the channel tcfchan#3.
