10:25:07 DEBUG : Logs will be stored at 'C:/385/project_6final/workspace6check/IDE.log'.
10:25:11 INFO  : Launching XSCT server: xsct.bat -n  -interactive C:\385\project_6final\workspace6check\temp_xsdb_launch_script.tcl
10:25:11 INFO  : Registering command handlers for Vitis TCF services
10:25:11 INFO  : Platform repository initialization has completed.
10:25:15 INFO  : XSCT server has started successfully.
10:25:15 INFO  : Successfully done setting XSCT server connection channel  
10:25:15 INFO  : plnx-install-location is set to ''
10:25:15 INFO  : Successfully done setting workspace for the tool. 
10:25:15 INFO  : Successfully done query RDI_DATADIR 
10:26:12 INFO  : Result from executing command 'getProjects': mb_final_topsuperfinal
10:26:12 INFO  : Result from executing command 'getPlatforms': 
10:26:12 WARN  : An unexpected exception occurred in the module 'platform project logging'
10:26:12 INFO  : Platform 'mb_final_topsuperfinal' is added to custom repositories.
10:26:15 INFO  : Platform 'mb_final_topsuperfinal' is added to custom repositories.
10:29:09 INFO  : Result from executing command 'removePlatformRepo': 
10:29:18 INFO  : Result from executing command 'getProjects': mb_final_topsuperfinal
10:29:18 INFO  : Result from executing command 'getPlatforms': 
10:29:18 INFO  : Checking for BSP changes to sync application flags for project 'mbblockeyfinish'...
10:29:39 INFO  : Connected to target on host '127.0.0.1' and port '3121'.
10:29:39 INFO  : Jtag cable 'RealDigital Boo 88742923028BA' is selected.
10:29:39 INFO  : 'jtag frequency' command is executed.
10:29:40 INFO  : 'targets -set -filter {jtag_cable_name =~ "RealDigital Boo 88742923028BA" && level==0 && jtag_device_ctx=="jsn1-0362f093-0"}' command is executed.
10:29:41 INFO  : Device configured successfully with "C:/385/project_6final/workspace6check/mbblockeyfinish/_ide/bitstream/mb_final_topsuperfinal.bit"
10:29:41 INFO  : Context for processor 'microblaze_0' is selected.
10:29:41 INFO  : Hardware design and registers information is loaded from 'C:/385/project_6final/workspace6check/mb_final_topsuperfinal/export/mb_final_topsuperfinal/hw/mb_final_topsuperfinal.xsa'.
10:29:41 INFO  : 'configparams mdm-detect-bscan-mask 2' command is executed.
10:29:41 INFO  : Context for processor 'microblaze_0' is selected.
10:29:41 INFO  : System reset is completed.
10:29:44 INFO  : 'after 3000' command is executed.
10:29:44 INFO  : Context for processor 'microblaze_0' is selected.
10:29:44 INFO  : The application 'C:/385/project_6final/workspace6check/mbblockeyfinish/Debug/mbblockeyfinish.elf' is downloaded to processor 'microblaze_0'.
10:29:44 INFO  : ----------------XSDB Script----------------
connect -url tcp:127.0.0.1:3121
targets -set -filter {jtag_cable_name =~ "RealDigital Boo 88742923028BA" && level==0 && jtag_device_ctx=="jsn1-0362f093-0"}
fpga -file C:/385/project_6final/workspace6check/mbblockeyfinish/_ide/bitstream/mb_final_topsuperfinal.bit
targets -set -nocase -filter {name =~ "*microblaze*#0" && bscan=="USER2" }
loadhw -hw C:/385/project_6final/workspace6check/mb_final_topsuperfinal/export/mb_final_topsuperfinal/hw/mb_final_topsuperfinal.xsa -regs
configparams mdm-detect-bscan-mask 2
targets -set -nocase -filter {name =~ "*microblaze*#0" && bscan=="USER2" }
rst -system
after 3000
targets -set -nocase -filter {name =~ "*microblaze*#0" && bscan=="USER2" }
dow C:/385/project_6final/workspace6check/mbblockeyfinish/Debug/mbblockeyfinish.elf
----------------End of Script----------------

10:29:44 INFO  : Context for processor 'microblaze_0' is selected.
10:29:44 INFO  : 'con' command is executed.
10:29:44 INFO  : ----------------XSDB Script (After Launch)----------------
targets -set -nocase -filter {name =~ "*microblaze*#0" && bscan=="USER2" }
con
----------------End of Script----------------

10:29:44 INFO  : Disconnected from the channel tcfchan#3.
10:30:46 INFO  : Result from executing command 'removePlatformRepo': 
10:30:56 INFO  : Result from executing command 'getProjects': mb_final_topsuperfinal
10:30:56 INFO  : Result from executing command 'getPlatforms': 
10:30:56 INFO  : Checking for BSP changes to sync application flags for project 'mbblockeyfinish'...
10:31:04 INFO  : Connected to target on host '127.0.0.1' and port '3121'.
10:31:05 INFO  : Jtag cable 'RealDigital Boo 88742923028BA' is selected.
10:31:05 INFO  : 'jtag frequency' command is executed.
10:31:05 INFO  : 'targets -set -filter {jtag_cable_name =~ "RealDigital Boo 88742923028BA" && level==0 && jtag_device_ctx=="jsn1-0362f093-0"}' command is executed.
10:31:06 INFO  : Device configured successfully with "C:/385/project_6final/workspace6check/mbblockeyfinish/_ide/bitstream/mb_final_topsuperfinal.bit"
10:31:06 INFO  : Context for processor 'microblaze_0' is selected.
10:31:06 INFO  : Hardware design and registers information is loaded from 'C:/385/project_6final/workspace6check/mb_final_topsuperfinal/export/mb_final_topsuperfinal/hw/mb_final_topsuperfinal.xsa'.
10:31:06 INFO  : 'configparams mdm-detect-bscan-mask 2' command is executed.
10:31:06 INFO  : Context for processor 'microblaze_0' is selected.
10:31:06 INFO  : System reset is completed.
10:31:09 INFO  : 'after 3000' command is executed.
10:31:09 INFO  : Context for processor 'microblaze_0' is selected.
10:31:09 INFO  : The application 'C:/385/project_6final/workspace6check/mbblockeyfinish/Debug/mbblockeyfinish.elf' is downloaded to processor 'microblaze_0'.
10:31:09 INFO  : ----------------XSDB Script----------------
connect -url tcp:127.0.0.1:3121
targets -set -filter {jtag_cable_name =~ "RealDigital Boo 88742923028BA" && level==0 && jtag_device_ctx=="jsn1-0362f093-0"}
fpga -file C:/385/project_6final/workspace6check/mbblockeyfinish/_ide/bitstream/mb_final_topsuperfinal.bit
targets -set -nocase -filter {name =~ "*microblaze*#0" && bscan=="USER2" }
loadhw -hw C:/385/project_6final/workspace6check/mb_final_topsuperfinal/export/mb_final_topsuperfinal/hw/mb_final_topsuperfinal.xsa -regs
configparams mdm-detect-bscan-mask 2
targets -set -nocase -filter {name =~ "*microblaze*#0" && bscan=="USER2" }
rst -system
after 3000
targets -set -nocase -filter {name =~ "*microblaze*#0" && bscan=="USER2" }
dow C:/385/project_6final/workspace6check/mbblockeyfinish/Debug/mbblockeyfinish.elf
----------------End of Script----------------

10:31:09 INFO  : Context for processor 'microblaze_0' is selected.
10:31:10 INFO  : 'con' command is executed.
10:31:10 INFO  : ----------------XSDB Script (After Launch)----------------
targets -set -nocase -filter {name =~ "*microblaze*#0" && bscan=="USER2" }
con
----------------End of Script----------------

10:31:10 INFO  : Disconnected from the channel tcfchan#6.
10:33:45 INFO  : Result from executing command 'removePlatformRepo': 
10:33:55 INFO  : Result from executing command 'getProjects': mb_final_topsuperfinal
10:33:55 INFO  : Result from executing command 'getPlatforms': 
10:33:55 INFO  : Checking for BSP changes to sync application flags for project 'mbblockeyfinish'...
10:34:01 INFO  : Connected to target on host '127.0.0.1' and port '3121'.
10:34:02 INFO  : Jtag cable 'RealDigital Boo 88742923028BA' is selected.
10:34:02 INFO  : 'jtag frequency' command is executed.
10:34:02 INFO  : 'targets -set -filter {jtag_cable_name =~ "RealDigital Boo 88742923028BA" && level==0 && jtag_device_ctx=="jsn1-0362f093-0"}' command is executed.
10:34:03 INFO  : Device configured successfully with "C:/385/project_6final/workspace6check/mbblockeyfinish/_ide/bitstream/mb_final_topsuperfinal.bit"
10:34:03 INFO  : Context for processor 'microblaze_0' is selected.
10:34:03 INFO  : Hardware design and registers information is loaded from 'C:/385/project_6final/workspace6check/mb_final_topsuperfinal/export/mb_final_topsuperfinal/hw/mb_final_topsuperfinal.xsa'.
10:34:03 INFO  : 'configparams mdm-detect-bscan-mask 2' command is executed.
10:34:03 INFO  : Context for processor 'microblaze_0' is selected.
10:34:03 INFO  : System reset is completed.
10:34:06 INFO  : 'after 3000' command is executed.
10:34:06 INFO  : Context for processor 'microblaze_0' is selected.
10:34:06 INFO  : The application 'C:/385/project_6final/workspace6check/mbblockeyfinish/Debug/mbblockeyfinish.elf' is downloaded to processor 'microblaze_0'.
10:34:06 INFO  : ----------------XSDB Script----------------
connect -url tcp:127.0.0.1:3121
targets -set -filter {jtag_cable_name =~ "RealDigital Boo 88742923028BA" && level==0 && jtag_device_ctx=="jsn1-0362f093-0"}
fpga -file C:/385/project_6final/workspace6check/mbblockeyfinish/_ide/bitstream/mb_final_topsuperfinal.bit
targets -set -nocase -filter {name =~ "*microblaze*#0" && bscan=="USER2" }
loadhw -hw C:/385/project_6final/workspace6check/mb_final_topsuperfinal/export/mb_final_topsuperfinal/hw/mb_final_topsuperfinal.xsa -regs
configparams mdm-detect-bscan-mask 2
targets -set -nocase -filter {name =~ "*microblaze*#0" && bscan=="USER2" }
rst -system
after 3000
targets -set -nocase -filter {name =~ "*microblaze*#0" && bscan=="USER2" }
dow C:/385/project_6final/workspace6check/mbblockeyfinish/Debug/mbblockeyfinish.elf
----------------End of Script----------------

10:34:06 INFO  : Context for processor 'microblaze_0' is selected.
10:34:06 INFO  : 'con' command is executed.
10:34:06 INFO  : ----------------XSDB Script (After Launch)----------------
targets -set -nocase -filter {name =~ "*microblaze*#0" && bscan=="USER2" }
con
----------------End of Script----------------

10:34:06 INFO  : Disconnected from the channel tcfchan#9.
13:53:28 DEBUG : Logs will be stored at 'C:/385/project_6final/workspace6check/IDE.log'.
13:53:29 INFO  : Launching XSCT server: xsct.bat -n  -interactive C:\385\project_6final\workspace6check\temp_xsdb_launch_script.tcl
13:53:33 INFO  : XSCT server has started successfully.
13:53:33 INFO  : Platform repository initialization has completed.
13:53:33 INFO  : Registering command handlers for Vitis TCF services
13:53:39 INFO  : plnx-install-location is set to ''
13:53:39 INFO  : Successfully done setting XSCT server connection channel  
13:53:39 INFO  : Successfully done query RDI_DATADIR 
13:53:39 INFO  : Successfully done setting workspace for the tool. 
