14:11:00 DEBUG : Logs will be stored at 'C:/385/lab67redo/lordspace/IDE.log'.
14:11:06 INFO  : Launching XSCT server: xsct.bat -n  -interactive C:\385\lab67redo\lordspace\temp_xsdb_launch_script.tcl
14:11:06 INFO  : Platform repository initialization has completed.
14:11:06 INFO  : Registering command handlers for Vitis TCF services
14:11:11 INFO  : XSCT server has started successfully.
14:11:12 INFO  : Successfully done setting XSCT server connection channel  
14:11:12 INFO  : plnx-install-location is set to ''
14:11:12 INFO  : Successfully done query RDI_DATADIR 
14:11:12 INFO  : Successfully done setting workspace for the tool. 
14:11:49 ERROR : (XSDB Server)ERROR: [Hsi 55-1562] Source directory C:/385/lab67redo/lordspace/overandabove/hw/drivers\hdmi_text_controller_v1_0/src does not exist or is not a directory.

14:11:51 INFO  : Result from executing command 'getProjects': overandabove
14:11:51 INFO  : Result from executing command 'getPlatforms': 
14:11:51 WARN  : An unexpected exception occurred in the module 'platform project logging'
14:11:51 INFO  : Platform 'overandabove' is added to custom repositories.
14:11:55 INFO  : Platform 'overandabove' is added to custom repositories.
14:14:39 INFO  : Result from executing command 'removePlatformRepo': 
14:14:52 INFO  : Result from executing command 'getProjects': overandabove
14:14:52 INFO  : Result from executing command 'getPlatforms': 
14:14:53 INFO  : Checking for BSP changes to sync application flags for project 'spacingout'...
14:15:35 INFO  : Connected to target on host '127.0.0.1' and port '3121'.
14:15:36 INFO  : Jtag cable 'RealDigital Boo 8874292301EDA' is selected.
14:15:36 INFO  : 'jtag frequency' command is executed.
14:15:36 INFO  : 'targets -set -filter {jtag_cable_name =~ "RealDigital Boo 8874292301EDA" && level==0 && jtag_device_ctx=="jsn1-0362f093-0"}' command is executed.
14:15:37 INFO  : Device configured successfully with "C:/385/lab67redo/lordspace/spacingout/_ide/bitstream/overandabove.bit"
14:15:37 INFO  : Context for processor 'microblaze_0' is selected.
14:15:37 INFO  : Hardware design and registers information is loaded from 'C:/385/lab67redo/lordspace/overandabove/export/overandabove/hw/overandabove.xsa'.
14:15:37 INFO  : 'configparams mdm-detect-bscan-mask 2' command is executed.
14:15:37 INFO  : Context for processor 'microblaze_0' is selected.
14:15:37 INFO  : System reset is completed.
14:15:40 INFO  : 'after 3000' command is executed.
14:15:40 INFO  : Context for processor 'microblaze_0' is selected.
14:15:41 INFO  : The application 'C:/385/lab67redo/lordspace/spacingout/Debug/spacingout.elf' is downloaded to processor 'microblaze_0'.
14:15:41 INFO  : ----------------XSDB Script----------------
connect -url tcp:127.0.0.1:3121
targets -set -filter {jtag_cable_name =~ "RealDigital Boo 8874292301EDA" && level==0 && jtag_device_ctx=="jsn1-0362f093-0"}
fpga -file C:/385/lab67redo/lordspace/spacingout/_ide/bitstream/overandabove.bit
targets -set -nocase -filter {name =~ "*microblaze*#0" && bscan=="USER2" }
loadhw -hw C:/385/lab67redo/lordspace/overandabove/export/overandabove/hw/overandabove.xsa -regs
configparams mdm-detect-bscan-mask 2
targets -set -nocase -filter {name =~ "*microblaze*#0" && bscan=="USER2" }
rst -system
after 3000
targets -set -nocase -filter {name =~ "*microblaze*#0" && bscan=="USER2" }
dow C:/385/lab67redo/lordspace/spacingout/Debug/spacingout.elf
----------------End of Script----------------

14:15:41 INFO  : Context for processor 'microblaze_0' is selected.
14:15:41 INFO  : 'con' command is executed.
14:15:41 INFO  : ----------------XSDB Script (After Launch)----------------
targets -set -nocase -filter {name =~ "*microblaze*#0" && bscan=="USER2" }
con
----------------End of Script----------------

14:15:41 INFO  : Disconnected from the channel tcfchan#3.
14:39:49 INFO  : Connected to target on host '127.0.0.1' and port '3121'.
14:39:50 INFO  : Jtag cable 'RealDigital Boo 8874292301EDA' is selected.
14:39:50 INFO  : 'jtag frequency' command is executed.
14:39:50 INFO  : 'targets -set -filter {jtag_cable_name =~ "RealDigital Boo 8874292301EDA" && level==0 && jtag_device_ctx=="jsn1-0362f093-0"}' command is executed.
14:39:51 INFO  : Device configured successfully with "C:/385/lab67redo/lordspace/spacingout/_ide/bitstream/overandabove.bit"
14:39:52 INFO  : Context for processor 'microblaze_0' is selected.
14:39:52 INFO  : Hardware design and registers information is loaded from 'C:/385/lab67redo/lordspace/overandabove/export/overandabove/hw/overandabove.xsa'.
14:39:52 INFO  : 'configparams mdm-detect-bscan-mask 2' command is executed.
14:39:52 INFO  : Context for processor 'microblaze_0' is selected.
14:39:52 INFO  : System reset is completed.
14:39:55 INFO  : 'after 3000' command is executed.
14:39:55 INFO  : Context for processor 'microblaze_0' is selected.
14:39:55 INFO  : The application 'C:/385/lab67redo/lordspace/spacingout/Debug/spacingout.elf' is downloaded to processor 'microblaze_0'.
14:39:55 INFO  : ----------------XSDB Script----------------
connect -url tcp:127.0.0.1:3121
targets -set -filter {jtag_cable_name =~ "RealDigital Boo 8874292301EDA" && level==0 && jtag_device_ctx=="jsn1-0362f093-0"}
fpga -file C:/385/lab67redo/lordspace/spacingout/_ide/bitstream/overandabove.bit
targets -set -nocase -filter {name =~ "*microblaze*#0" && bscan=="USER2" }
loadhw -hw C:/385/lab67redo/lordspace/overandabove/export/overandabove/hw/overandabove.xsa -regs
configparams mdm-detect-bscan-mask 2
targets -set -nocase -filter {name =~ "*microblaze*#0" && bscan=="USER2" }
rst -system
after 3000
targets -set -nocase -filter {name =~ "*microblaze*#0" && bscan=="USER2" }
dow C:/385/lab67redo/lordspace/spacingout/Debug/spacingout.elf
----------------End of Script----------------

14:39:55 INFO  : Context for processor 'microblaze_0' is selected.
14:39:55 INFO  : 'con' command is executed.
14:39:55 INFO  : ----------------XSDB Script (After Launch)----------------
targets -set -nocase -filter {name =~ "*microblaze*#0" && bscan=="USER2" }
con
----------------End of Script----------------

14:39:55 INFO  : Disconnected from the channel tcfchan#4.
15:50:50 INFO  : Result from executing command 'removePlatformRepo': 
15:50:57 INFO  : Result from executing command 'getProjects': overandabove
15:50:57 INFO  : Result from executing command 'getPlatforms': 
15:50:58 INFO  : Checking for BSP changes to sync application flags for project 'spacingout'...
15:51:03 INFO  : Connected to target on host '127.0.0.1' and port '3121'.
15:51:03 INFO  : Jtag cable 'RealDigital Boo 8874292301EDA' is selected.
15:51:03 INFO  : 'jtag frequency' command is executed.
15:51:03 INFO  : 'targets -set -filter {jtag_cable_name =~ "RealDigital Boo 8874292301EDA" && level==0 && jtag_device_ctx=="jsn1-0362f093-0"}' command is executed.
15:51:05 INFO  : Device configured successfully with "C:/385/lab67redo/lordspace/spacingout/_ide/bitstream/overandabove.bit"
15:51:05 INFO  : Context for processor 'microblaze_0' is selected.
15:51:05 INFO  : Hardware design and registers information is loaded from 'C:/385/lab67redo/lordspace/overandabove/export/overandabove/hw/overandabove.xsa'.
15:51:05 INFO  : 'configparams mdm-detect-bscan-mask 2' command is executed.
15:51:05 INFO  : Context for processor 'microblaze_0' is selected.
15:51:05 INFO  : System reset is completed.
15:51:08 INFO  : 'after 3000' command is executed.
15:51:08 INFO  : Context for processor 'microblaze_0' is selected.
15:51:08 INFO  : The application 'C:/385/lab67redo/lordspace/spacingout/Debug/spacingout.elf' is downloaded to processor 'microblaze_0'.
15:51:08 INFO  : ----------------XSDB Script----------------
connect -url tcp:127.0.0.1:3121
targets -set -filter {jtag_cable_name =~ "RealDigital Boo 8874292301EDA" && level==0 && jtag_device_ctx=="jsn1-0362f093-0"}
fpga -file C:/385/lab67redo/lordspace/spacingout/_ide/bitstream/overandabove.bit
targets -set -nocase -filter {name =~ "*microblaze*#0" && bscan=="USER2" }
loadhw -hw C:/385/lab67redo/lordspace/overandabove/export/overandabove/hw/overandabove.xsa -regs
configparams mdm-detect-bscan-mask 2
targets -set -nocase -filter {name =~ "*microblaze*#0" && bscan=="USER2" }
rst -system
after 3000
targets -set -nocase -filter {name =~ "*microblaze*#0" && bscan=="USER2" }
dow C:/385/lab67redo/lordspace/spacingout/Debug/spacingout.elf
----------------End of Script----------------

15:51:08 INFO  : Context for processor 'microblaze_0' is selected.
15:51:08 INFO  : 'con' command is executed.
15:51:08 INFO  : ----------------XSDB Script (After Launch)----------------
targets -set -nocase -filter {name =~ "*microblaze*#0" && bscan=="USER2" }
con
----------------End of Script----------------

15:51:08 INFO  : Disconnected from the channel tcfchan#7.
15:51:47 INFO  : Result from executing command 'removePlatformRepo': 
15:51:54 INFO  : Result from executing command 'getProjects': overandabove
15:51:54 INFO  : Result from executing command 'getPlatforms': 
15:51:54 INFO  : Checking for BSP changes to sync application flags for project 'spacingout'...
15:52:00 INFO  : Connected to target on host '127.0.0.1' and port '3121'.
15:52:00 INFO  : Jtag cable 'RealDigital Boo 8874292301EDA' is selected.
15:52:00 INFO  : 'jtag frequency' command is executed.
15:52:00 INFO  : 'targets -set -filter {jtag_cable_name =~ "RealDigital Boo 8874292301EDA" && level==0 && jtag_device_ctx=="jsn1-0362f093-0"}' command is executed.
15:52:01 INFO  : Device configured successfully with "C:/385/lab67redo/lordspace/spacingout/_ide/bitstream/overandabove.bit"
15:52:02 INFO  : Context for processor 'microblaze_0' is selected.
15:52:02 INFO  : Hardware design and registers information is loaded from 'C:/385/lab67redo/lordspace/overandabove/export/overandabove/hw/overandabove.xsa'.
15:52:02 INFO  : 'configparams mdm-detect-bscan-mask 2' command is executed.
15:52:02 INFO  : Context for processor 'microblaze_0' is selected.
15:52:02 INFO  : System reset is completed.
15:52:05 INFO  : 'after 3000' command is executed.
15:52:05 INFO  : Context for processor 'microblaze_0' is selected.
15:52:05 INFO  : The application 'C:/385/lab67redo/lordspace/spacingout/Debug/spacingout.elf' is downloaded to processor 'microblaze_0'.
15:52:05 INFO  : ----------------XSDB Script----------------
connect -url tcp:127.0.0.1:3121
targets -set -filter {jtag_cable_name =~ "RealDigital Boo 8874292301EDA" && level==0 && jtag_device_ctx=="jsn1-0362f093-0"}
fpga -file C:/385/lab67redo/lordspace/spacingout/_ide/bitstream/overandabove.bit
targets -set -nocase -filter {name =~ "*microblaze*#0" && bscan=="USER2" }
loadhw -hw C:/385/lab67redo/lordspace/overandabove/export/overandabove/hw/overandabove.xsa -regs
configparams mdm-detect-bscan-mask 2
targets -set -nocase -filter {name =~ "*microblaze*#0" && bscan=="USER2" }
rst -system
after 3000
targets -set -nocase -filter {name =~ "*microblaze*#0" && bscan=="USER2" }
dow C:/385/lab67redo/lordspace/spacingout/Debug/spacingout.elf
----------------End of Script----------------

15:52:05 INFO  : Context for processor 'microblaze_0' is selected.
15:52:05 INFO  : 'con' command is executed.
15:52:05 INFO  : ----------------XSDB Script (After Launch)----------------
targets -set -nocase -filter {name =~ "*microblaze*#0" && bscan=="USER2" }
con
----------------End of Script----------------

15:52:05 INFO  : Disconnected from the channel tcfchan#10.
15:54:44 INFO  : Result from executing command 'removePlatformRepo': 
15:54:52 INFO  : Result from executing command 'getProjects': overandabove
15:54:52 INFO  : Result from executing command 'getPlatforms': 
15:54:52 INFO  : Checking for BSP changes to sync application flags for project 'spacingout'...
15:54:57 INFO  : Connected to target on host '127.0.0.1' and port '3121'.
15:54:57 INFO  : Jtag cable 'RealDigital Boo 8874292301EDA' is selected.
15:54:57 INFO  : 'jtag frequency' command is executed.
15:54:57 INFO  : 'targets -set -filter {jtag_cable_name =~ "RealDigital Boo 8874292301EDA" && level==0 && jtag_device_ctx=="jsn1-0362f093-0"}' command is executed.
15:54:58 INFO  : Device configured successfully with "C:/385/lab67redo/lordspace/spacingout/_ide/bitstream/overandabove.bit"
15:54:58 INFO  : Context for processor 'microblaze_0' is selected.
15:54:58 INFO  : Hardware design and registers information is loaded from 'C:/385/lab67redo/lordspace/overandabove/export/overandabove/hw/overandabove.xsa'.
15:54:58 INFO  : 'configparams mdm-detect-bscan-mask 2' command is executed.
15:54:58 INFO  : Context for processor 'microblaze_0' is selected.
15:54:58 INFO  : System reset is completed.
15:55:01 INFO  : 'after 3000' command is executed.
15:55:01 INFO  : Connected to target on host '127.0.0.1' and port '3121'.
15:55:01 INFO  : Context for processor 'microblaze_0' is selected.
15:55:02 INFO  : The application 'C:/385/lab67redo/lordspace/spacingout/Debug/spacingout.elf' is downloaded to processor 'microblaze_0'.
15:55:02 INFO  : ----------------XSDB Script----------------
connect -url tcp:127.0.0.1:3121
targets -set -filter {jtag_cable_name =~ "RealDigital Boo 8874292301EDA" && level==0 && jtag_device_ctx=="jsn1-0362f093-0"}
fpga -file C:/385/lab67redo/lordspace/spacingout/_ide/bitstream/overandabove.bit
targets -set -nocase -filter {name =~ "*microblaze*#0" && bscan=="USER2" }
loadhw -hw C:/385/lab67redo/lordspace/overandabove/export/overandabove/hw/overandabove.xsa -regs
configparams mdm-detect-bscan-mask 2
targets -set -nocase -filter {name =~ "*microblaze*#0" && bscan=="USER2" }
rst -system
after 3000
targets -set -nocase -filter {name =~ "*microblaze*#0" && bscan=="USER2" }
dow C:/385/lab67redo/lordspace/spacingout/Debug/spacingout.elf
----------------End of Script----------------

15:55:02 INFO  : Context for processor 'microblaze_0' is selected.
15:55:02 INFO  : 'con' command is executed.
15:55:02 INFO  : ----------------XSDB Script (After Launch)----------------
targets -set -nocase -filter {name =~ "*microblaze*#0" && bscan=="USER2" }
con
----------------End of Script----------------

15:55:02 INFO  : Disconnected from the channel tcfchan#13.
15:55:02 INFO  : ----------------XSDB Script----------------
connect -url tcp:127.0.0.1:3121
----------------End of Script----------------

15:55:02 ERROR : Invalid target. Use "connect" command to connect to hw_server/TCF agent
15:56:53 INFO  : Result from executing command 'removePlatformRepo': 
15:57:00 INFO  : Result from executing command 'getProjects': overandabove
15:57:00 INFO  : Result from executing command 'getPlatforms': 
15:57:00 INFO  : Checking for BSP changes to sync application flags for project 'spacingout'...
15:57:06 INFO  : Connected to target on host '127.0.0.1' and port '3121'.
15:57:07 INFO  : Jtag cable 'RealDigital Boo 8874292301EDA' is selected.
15:57:07 INFO  : 'jtag frequency' command is executed.
15:57:07 INFO  : 'targets -set -filter {jtag_cable_name =~ "RealDigital Boo 8874292301EDA" && level==0 && jtag_device_ctx=="jsn1-0362f093-0"}' command is executed.
15:57:08 INFO  : Device configured successfully with "C:/385/lab67redo/lordspace/spacingout/_ide/bitstream/overandabove.bit"
15:57:08 INFO  : Context for processor 'microblaze_0' is selected.
15:57:08 INFO  : Hardware design and registers information is loaded from 'C:/385/lab67redo/lordspace/overandabove/export/overandabove/hw/overandabove.xsa'.
15:57:08 INFO  : 'configparams mdm-detect-bscan-mask 2' command is executed.
15:57:08 INFO  : Context for processor 'microblaze_0' is selected.
15:57:08 INFO  : System reset is completed.
15:57:11 INFO  : 'after 3000' command is executed.
15:57:11 INFO  : Context for processor 'microblaze_0' is selected.
15:57:11 INFO  : The application 'C:/385/lab67redo/lordspace/spacingout/Debug/spacingout.elf' is downloaded to processor 'microblaze_0'.
15:57:11 INFO  : ----------------XSDB Script----------------
connect -url tcp:127.0.0.1:3121
targets -set -filter {jtag_cable_name =~ "RealDigital Boo 8874292301EDA" && level==0 && jtag_device_ctx=="jsn1-0362f093-0"}
fpga -file C:/385/lab67redo/lordspace/spacingout/_ide/bitstream/overandabove.bit
targets -set -nocase -filter {name =~ "*microblaze*#0" && bscan=="USER2" }
loadhw -hw C:/385/lab67redo/lordspace/overandabove/export/overandabove/hw/overandabove.xsa -regs
configparams mdm-detect-bscan-mask 2
targets -set -nocase -filter {name =~ "*microblaze*#0" && bscan=="USER2" }
rst -system
after 3000
targets -set -nocase -filter {name =~ "*microblaze*#0" && bscan=="USER2" }
dow C:/385/lab67redo/lordspace/spacingout/Debug/spacingout.elf
----------------End of Script----------------

15:57:11 INFO  : Context for processor 'microblaze_0' is selected.
15:57:12 INFO  : 'con' command is executed.
15:57:12 INFO  : ----------------XSDB Script (After Launch)----------------
targets -set -nocase -filter {name =~ "*microblaze*#0" && bscan=="USER2" }
con
----------------End of Script----------------

15:57:12 INFO  : Disconnected from the channel tcfchan#16.
