01:46:09 DEBUG : Logs will be stored at 'C:/385/lab67redo/supernewbitstream/IDE.log'.
01:46:12 INFO  : Platform repository initialization has completed.
01:46:12 INFO  : Launching XSCT server: xsct.bat -n  -interactive C:\385\lab67redo\supernewbitstream\temp_xsdb_launch_script.tcl
01:46:12 INFO  : Registering command handlers for Vitis TCF services
01:46:14 INFO  : XSCT server has started successfully.
01:46:14 INFO  : Successfully done setting XSCT server connection channel  
01:46:14 INFO  : plnx-install-location is set to ''
01:46:14 INFO  : Successfully done query RDI_DATADIR 
01:46:14 INFO  : Successfully done setting workspace for the tool. 
01:46:58 ERROR : (XSDB Server)ERROR: [Hsi 55-1562] Source directory C:/385/lab67redo/supernewbitstream/bitstreambitsss/hw/drivers\hdmi_text_controller_v1_0/src does not exist or is not a directory.

01:46:59 INFO  : Result from executing command 'getProjects': bitstreambitsss
01:46:59 INFO  : Result from executing command 'getPlatforms': 
01:46:59 WARN  : An unexpected exception occurred in the module 'platform project logging'
01:46:59 INFO  : Platform 'bitstreambitsss' is added to custom repositories.
01:47:01 INFO  : Platform 'bitstreambitsss' is added to custom repositories.
01:49:05 INFO  : Result from executing command 'removePlatformRepo': 
01:49:10 INFO  : Result from executing command 'getProjects': bitstreambitsss
01:49:10 INFO  : Result from executing command 'getPlatforms': 
01:49:10 INFO  : Checking for BSP changes to sync application flags for project 'mbblockhdmi'...
01:50:44 INFO  : Connected to target on host '127.0.0.1' and port '3121'.
01:50:44 INFO  : Jtag cable 'RealDigital Boo 8874292302F4A' is selected.
01:50:44 INFO  : 'jtag frequency' command is executed.
01:50:45 INFO  : 'targets -set -filter {jtag_cable_name =~ "RealDigital Boo 8874292302F4A" && level==0 && jtag_device_ctx=="jsn1-0362f093-0"}' command is executed.
01:50:46 INFO  : Device configured successfully with "C:/385/lab67redo/supernewbitstream/mbblockhdmi/_ide/bitstream/bitstreambitsss.bit"
01:50:46 INFO  : Context for processor 'microblaze_0' is selected.
01:50:46 INFO  : Hardware design and registers information is loaded from 'C:/385/lab67redo/supernewbitstream/bitstreambitsss/export/bitstreambitsss/hw/bitstreambitsss.xsa'.
01:50:46 INFO  : 'configparams mdm-detect-bscan-mask 2' command is executed.
01:50:46 INFO  : Context for processor 'microblaze_0' is selected.
01:50:46 INFO  : System reset is completed.
01:50:49 INFO  : 'after 3000' command is executed.
01:50:49 INFO  : Context for processor 'microblaze_0' is selected.
01:50:50 INFO  : The application 'C:/385/lab67redo/supernewbitstream/mbblockhdmi/Debug/mbblockhdmi.elf' is downloaded to processor 'microblaze_0'.
01:50:50 INFO  : ----------------XSDB Script----------------
connect -url tcp:127.0.0.1:3121
targets -set -filter {jtag_cable_name =~ "RealDigital Boo 8874292302F4A" && level==0 && jtag_device_ctx=="jsn1-0362f093-0"}
fpga -file C:/385/lab67redo/supernewbitstream/mbblockhdmi/_ide/bitstream/bitstreambitsss.bit
targets -set -nocase -filter {name =~ "*microblaze*#0" && bscan=="USER2" }
loadhw -hw C:/385/lab67redo/supernewbitstream/bitstreambitsss/export/bitstreambitsss/hw/bitstreambitsss.xsa -regs
configparams mdm-detect-bscan-mask 2
targets -set -nocase -filter {name =~ "*microblaze*#0" && bscan=="USER2" }
rst -system
after 3000
targets -set -nocase -filter {name =~ "*microblaze*#0" && bscan=="USER2" }
dow C:/385/lab67redo/supernewbitstream/mbblockhdmi/Debug/mbblockhdmi.elf
----------------End of Script----------------

01:50:50 INFO  : Context for processor 'microblaze_0' is selected.
01:50:50 INFO  : 'con' command is executed.
01:50:50 INFO  : ----------------XSDB Script (After Launch)----------------
targets -set -nocase -filter {name =~ "*microblaze*#0" && bscan=="USER2" }
con
----------------End of Script----------------

01:50:50 INFO  : Disconnected from the channel tcfchan#3.
