19:08:46 DEBUG : Logs will be stored at 'C:/385/project_6final/noworktry62/IDE.log'.
19:08:51 INFO  : Launching XSCT server: xsct.bat -n  -interactive C:\385\project_6final\noworktry62\temp_xsdb_launch_script.tcl
19:08:54 INFO  : Platform repository initialization has completed.
19:08:54 INFO  : Registering command handlers for Vitis TCF services
19:09:00 INFO  : XSCT server has started successfully.
19:09:00 INFO  : Successfully done setting XSCT server connection channel  
19:09:00 INFO  : plnx-install-location is set to ''
19:09:00 INFO  : Successfully done query RDI_DATADIR 
19:09:00 INFO  : Successfully done setting workspace for the tool. 
19:09:46 INFO  : Result from executing command 'getProjects': bitstreamfinalcheck
19:09:46 INFO  : Result from executing command 'getPlatforms': 
19:09:47 WARN  : An unexpected exception occurred in the module 'platform project logging'
19:09:47 INFO  : Platform 'bitstreamfinalcheck' is added to custom repositories.
19:09:52 INFO  : Platform 'bitstreamfinalcheck' is added to custom repositories.
19:11:29 INFO  : Result from executing command 'removePlatformRepo': 
19:11:52 INFO  : Result from executing command 'getProjects': bitstreamfinalcheck
19:11:52 INFO  : Result from executing command 'getPlatforms': 
19:11:53 INFO  : Checking for BSP changes to sync application flags for project 'noworktryer'...
19:12:34 INFO  : Connected to target on host '127.0.0.1' and port '3121'.
19:12:35 INFO  : Jtag cable 'RealDigital Boo 88742923028BA' is selected.
19:12:35 INFO  : 'jtag frequency' command is executed.
19:12:35 INFO  : 'targets -set -filter {jtag_cable_name =~ "RealDigital Boo 88742923028BA" && level==0 && jtag_device_ctx=="jsn1-0362f093-0"}' command is executed.
19:12:36 INFO  : Device configured successfully with "C:/385/project_6final/noworktry62/noworktryer/_ide/bitstream/bitstreamfinalcheck.bit"
19:12:36 INFO  : Context for processor 'microblaze_0' is selected.
19:12:37 INFO  : Hardware design and registers information is loaded from 'C:/385/project_6final/noworktry62/bitstreamfinalcheck/export/bitstreamfinalcheck/hw/bitstreamfinalcheck.xsa'.
19:12:37 INFO  : 'configparams mdm-detect-bscan-mask 2' command is executed.
19:12:37 INFO  : Context for processor 'microblaze_0' is selected.
19:12:37 INFO  : System reset is completed.
19:12:40 INFO  : 'after 3000' command is executed.
19:12:40 INFO  : Context for processor 'microblaze_0' is selected.
19:12:40 INFO  : The application 'C:/385/project_6final/noworktry62/noworktryer/Debug/noworktryer.elf' is downloaded to processor 'microblaze_0'.
19:12:40 INFO  : ----------------XSDB Script----------------
connect -url tcp:127.0.0.1:3121
targets -set -filter {jtag_cable_name =~ "RealDigital Boo 88742923028BA" && level==0 && jtag_device_ctx=="jsn1-0362f093-0"}
fpga -file C:/385/project_6final/noworktry62/noworktryer/_ide/bitstream/bitstreamfinalcheck.bit
targets -set -nocase -filter {name =~ "*microblaze*#0" && bscan=="USER2" }
loadhw -hw C:/385/project_6final/noworktry62/bitstreamfinalcheck/export/bitstreamfinalcheck/hw/bitstreamfinalcheck.xsa -regs
configparams mdm-detect-bscan-mask 2
targets -set -nocase -filter {name =~ "*microblaze*#0" && bscan=="USER2" }
rst -system
after 3000
targets -set -nocase -filter {name =~ "*microblaze*#0" && bscan=="USER2" }
dow C:/385/project_6final/noworktry62/noworktryer/Debug/noworktryer.elf
----------------End of Script----------------

19:12:40 INFO  : Context for processor 'microblaze_0' is selected.
19:12:40 INFO  : 'con' command is executed.
19:12:40 INFO  : ----------------XSDB Script (After Launch)----------------
targets -set -nocase -filter {name =~ "*microblaze*#0" && bscan=="USER2" }
con
----------------End of Script----------------

19:12:40 INFO  : Disconnected from the channel tcfchan#3.
19:13:41 INFO  : Result from executing command 'removePlatformRepo': 
19:14:08 INFO  : Result from executing command 'getProjects': bitstreamfinalcheck
19:14:08 INFO  : Result from executing command 'getPlatforms': 
19:14:08 INFO  : Checking for BSP changes to sync application flags for project 'noworktryer'...
19:14:40 INFO  : Connected to target on host '127.0.0.1' and port '3121'.
19:14:41 INFO  : Jtag cable 'RealDigital Boo 88742923028BA' is selected.
19:14:41 INFO  : 'jtag frequency' command is executed.
19:14:41 INFO  : 'targets -set -filter {jtag_cable_name =~ "RealDigital Boo 88742923028BA" && level==0 && jtag_device_ctx=="jsn1-0362f093-0"}' command is executed.
19:14:42 INFO  : Device configured successfully with "C:/385/project_6final/noworktry62/noworktryer/_ide/bitstream/bitstreamfinalcheck.bit"
19:14:43 INFO  : Context for processor 'microblaze_0' is selected.
19:14:43 INFO  : Hardware design and registers information is loaded from 'C:/385/project_6final/noworktry62/bitstreamfinalcheck/export/bitstreamfinalcheck/hw/bitstreamfinalcheck.xsa'.
19:14:43 INFO  : 'configparams mdm-detect-bscan-mask 2' command is executed.
19:14:43 INFO  : Context for processor 'microblaze_0' is selected.
19:14:43 INFO  : System reset is completed.
19:14:46 INFO  : 'after 3000' command is executed.
19:14:46 INFO  : Context for processor 'microblaze_0' is selected.
19:14:46 INFO  : The application 'C:/385/project_6final/noworktry62/noworktryer/Debug/noworktryer.elf' is downloaded to processor 'microblaze_0'.
19:14:46 INFO  : ----------------XSDB Script----------------
connect -url tcp:127.0.0.1:3121
targets -set -filter {jtag_cable_name =~ "RealDigital Boo 88742923028BA" && level==0 && jtag_device_ctx=="jsn1-0362f093-0"}
fpga -file C:/385/project_6final/noworktry62/noworktryer/_ide/bitstream/bitstreamfinalcheck.bit
targets -set -nocase -filter {name =~ "*microblaze*#0" && bscan=="USER2" }
loadhw -hw C:/385/project_6final/noworktry62/bitstreamfinalcheck/export/bitstreamfinalcheck/hw/bitstreamfinalcheck.xsa -regs
configparams mdm-detect-bscan-mask 2
targets -set -nocase -filter {name =~ "*microblaze*#0" && bscan=="USER2" }
rst -system
after 3000
targets -set -nocase -filter {name =~ "*microblaze*#0" && bscan=="USER2" }
dow C:/385/project_6final/noworktry62/noworktryer/Debug/noworktryer.elf
----------------End of Script----------------

19:14:46 INFO  : Context for processor 'microblaze_0' is selected.
19:14:46 INFO  : 'con' command is executed.
19:14:46 INFO  : ----------------XSDB Script (After Launch)----------------
targets -set -nocase -filter {name =~ "*microblaze*#0" && bscan=="USER2" }
con
----------------End of Script----------------

19:14:46 INFO  : Disconnected from the channel tcfchan#6.
19:17:03 DEBUG : Logs will be stored at 'C:/385/project_6final/noworktry62/IDE.log'.
19:17:04 INFO  : Launching XSCT server: xsct.bat -n  -interactive C:\385\project_6final\noworktry62\temp_xsdb_launch_script.tcl
19:17:14 INFO  : Platform repository initialization has completed.
19:17:14 INFO  : Registering command handlers for Vitis TCF services
19:17:17 INFO  : XSCT server has started successfully.
19:17:17 INFO  : plnx-install-location is set to ''
19:17:17 INFO  : Successfully done setting XSCT server connection channel  
19:17:17 INFO  : Successfully done setting workspace for the tool. 
19:17:17 INFO  : Successfully done query RDI_DATADIR 
19:17:24 INFO  : Result from executing command 'removePlatformRepo': 
19:17:52 INFO  : Result from executing command 'getProjects': bitstreamfinalcheck
19:17:52 INFO  : Result from executing command 'getPlatforms': 
19:17:52 INFO  : Checking for BSP changes to sync application flags for project 'noworktryer'...
19:18:28 INFO  : Connected to target on host '127.0.0.1' and port '3121'.
19:18:29 INFO  : Jtag cable 'RealDigital Boo 88742923028BA' is selected.
19:18:29 INFO  : 'jtag frequency' command is executed.
19:18:29 INFO  : 'targets -set -filter {jtag_cable_name =~ "RealDigital Boo 88742923028BA" && level==0 && jtag_device_ctx=="jsn1-0362f093-0"}' command is executed.
19:18:31 INFO  : Device configured successfully with "C:/385/project_6final/noworktry62/noworktryer/_ide/bitstream/bitstreamfinalcheck.bit"
19:18:31 INFO  : Context for processor 'microblaze_0' is selected.
19:18:31 INFO  : Hardware design and registers information is loaded from 'C:/385/project_6final/noworktry62/bitstreamfinalcheck/export/bitstreamfinalcheck/hw/bitstreamfinalcheck.xsa'.
19:18:31 INFO  : 'configparams mdm-detect-bscan-mask 2' command is executed.
19:18:31 INFO  : Context for processor 'microblaze_0' is selected.
19:18:31 INFO  : System reset is completed.
19:18:34 INFO  : 'after 3000' command is executed.
19:18:34 INFO  : Context for processor 'microblaze_0' is selected.
19:18:34 INFO  : The application 'C:/385/project_6final/noworktry62/noworktryer/Debug/noworktryer.elf' is downloaded to processor 'microblaze_0'.
19:18:34 INFO  : ----------------XSDB Script----------------
connect -url tcp:127.0.0.1:3121
targets -set -filter {jtag_cable_name =~ "RealDigital Boo 88742923028BA" && level==0 && jtag_device_ctx=="jsn1-0362f093-0"}
fpga -file C:/385/project_6final/noworktry62/noworktryer/_ide/bitstream/bitstreamfinalcheck.bit
targets -set -nocase -filter {name =~ "*microblaze*#0" && bscan=="USER2" }
loadhw -hw C:/385/project_6final/noworktry62/bitstreamfinalcheck/export/bitstreamfinalcheck/hw/bitstreamfinalcheck.xsa -regs
configparams mdm-detect-bscan-mask 2
targets -set -nocase -filter {name =~ "*microblaze*#0" && bscan=="USER2" }
rst -system
after 3000
targets -set -nocase -filter {name =~ "*microblaze*#0" && bscan=="USER2" }
dow C:/385/project_6final/noworktry62/noworktryer/Debug/noworktryer.elf
----------------End of Script----------------

19:18:35 INFO  : Context for processor 'microblaze_0' is selected.
19:18:35 INFO  : 'con' command is executed.
19:18:35 INFO  : ----------------XSDB Script (After Launch)----------------
targets -set -nocase -filter {name =~ "*microblaze*#0" && bscan=="USER2" }
con
----------------End of Script----------------

19:18:35 INFO  : Disconnected from the channel tcfchan#3.
