17:58:08 DEBUG : Logs will be stored at 'C:/385/project_6final/workspace6thursdayball/IDE.log'.
17:58:13 INFO  : Launching XSCT server: xsct.bat -n  -interactive C:\385\project_6final\workspace6thursdayball\temp_xsdb_launch_script.tcl
17:58:14 INFO  : Registering command handlers for Vitis TCF services
17:58:14 INFO  : Platform repository initialization has completed.
17:58:18 INFO  : XSCT server has started successfully.
17:58:18 INFO  : plnx-install-location is set to ''
17:58:18 INFO  : Successfully done setting XSCT server connection channel  
17:58:19 INFO  : Successfully done setting workspace for the tool. 
17:58:19 INFO  : Successfully done query RDI_DATADIR 
17:59:08 INFO  : Result from executing command 'getProjects': mb_usb_hdmi_topbitstreamthursday
17:59:08 INFO  : Result from executing command 'getPlatforms': 
17:59:08 WARN  : An unexpected exception occurred in the module 'platform project logging'
17:59:08 INFO  : Platform 'mb_usb_hdmi_topbitstreamthursday' is added to custom repositories.
17:59:12 INFO  : Platform 'mb_usb_hdmi_topbitstreamthursday' is added to custom repositories.
18:01:46 INFO  : Result from executing command 'removePlatformRepo': 
18:02:01 INFO  : Result from executing command 'getProjects': mb_usb_hdmi_topbitstreamthursday
18:02:01 INFO  : Result from executing command 'getPlatforms': 
18:02:02 INFO  : Checking for BSP changes to sync application flags for project 'mb62attempt2'...
18:03:12 INFO  : Connected to target on host '127.0.0.1' and port '3121'.
18:03:13 INFO  : Jtag cable 'RealDigital Boo 88742923028BA' is selected.
18:03:13 INFO  : 'jtag frequency' command is executed.
18:03:13 INFO  : 'targets -set -filter {jtag_cable_name =~ "RealDigital Boo 88742923028BA" && level==0 && jtag_device_ctx=="jsn1-0362f093-0"}' command is executed.
18:03:14 INFO  : Device configured successfully with "C:/385/project_6final/workspace6thursdayball/mb62attempt2/_ide/bitstream/mb_usb_hdmi_topbitstreamthursday.bit"
18:03:14 INFO  : Context for processor 'microblaze_0' is selected.
18:03:15 INFO  : Hardware design and registers information is loaded from 'C:/385/project_6final/workspace6thursdayball/mb_usb_hdmi_topbitstreamthursday/export/mb_usb_hdmi_topbitstreamthursday/hw/mb_usb_hdmi_topbitstreamthursday.xsa'.
18:03:15 INFO  : 'configparams mdm-detect-bscan-mask 2' command is executed.
18:03:15 INFO  : Context for processor 'microblaze_0' is selected.
18:03:15 INFO  : System reset is completed.
18:03:18 INFO  : 'after 3000' command is executed.
18:03:18 INFO  : Context for processor 'microblaze_0' is selected.
18:03:18 INFO  : The application 'C:/385/project_6final/workspace6thursdayball/mb62attempt2/Debug/mb62attempt2.elf' is downloaded to processor 'microblaze_0'.
18:03:18 INFO  : ----------------XSDB Script----------------
connect -url tcp:127.0.0.1:3121
targets -set -filter {jtag_cable_name =~ "RealDigital Boo 88742923028BA" && level==0 && jtag_device_ctx=="jsn1-0362f093-0"}
fpga -file C:/385/project_6final/workspace6thursdayball/mb62attempt2/_ide/bitstream/mb_usb_hdmi_topbitstreamthursday.bit
targets -set -nocase -filter {name =~ "*microblaze*#0" && bscan=="USER2" }
loadhw -hw C:/385/project_6final/workspace6thursdayball/mb_usb_hdmi_topbitstreamthursday/export/mb_usb_hdmi_topbitstreamthursday/hw/mb_usb_hdmi_topbitstreamthursday.xsa -regs
configparams mdm-detect-bscan-mask 2
targets -set -nocase -filter {name =~ "*microblaze*#0" && bscan=="USER2" }
rst -system
after 3000
targets -set -nocase -filter {name =~ "*microblaze*#0" && bscan=="USER2" }
dow C:/385/project_6final/workspace6thursdayball/mb62attempt2/Debug/mb62attempt2.elf
----------------End of Script----------------

18:03:18 INFO  : Context for processor 'microblaze_0' is selected.
18:03:18 INFO  : 'con' command is executed.
18:03:18 INFO  : ----------------XSDB Script (After Launch)----------------
targets -set -nocase -filter {name =~ "*microblaze*#0" && bscan=="USER2" }
con
----------------End of Script----------------

18:03:18 INFO  : Disconnected from the channel tcfchan#3.
18:12:00 INFO  : Result from executing command 'removePlatformRepo': 
18:12:13 INFO  : Result from executing command 'getProjects': mb_usb_hdmi_topbitstreamthursday
18:12:13 INFO  : Result from executing command 'getPlatforms': 
18:12:14 INFO  : Checking for BSP changes to sync application flags for project 'mb62attempt2'...
18:12:25 INFO  : Connected to target on host '127.0.0.1' and port '3121'.
18:12:25 INFO  : Jtag cable 'RealDigital Boo 88742923028BA' is selected.
18:12:25 INFO  : 'jtag frequency' command is executed.
18:12:25 INFO  : 'targets -set -filter {jtag_cable_name =~ "RealDigital Boo 88742923028BA" && level==0 && jtag_device_ctx=="jsn1-0362f093-0"}' command is executed.
18:12:26 INFO  : Device configured successfully with "C:/385/project_6final/workspace6thursdayball/mb62attempt2/_ide/bitstream/mb_usb_hdmi_topbitstreamthursday.bit"
18:12:27 INFO  : Context for processor 'microblaze_0' is selected.
18:12:27 INFO  : Hardware design and registers information is loaded from 'C:/385/project_6final/workspace6thursdayball/mb_usb_hdmi_topbitstreamthursday/export/mb_usb_hdmi_topbitstreamthursday/hw/mb_usb_hdmi_topbitstreamthursday.xsa'.
18:12:27 INFO  : 'configparams mdm-detect-bscan-mask 2' command is executed.
18:12:27 INFO  : Context for processor 'microblaze_0' is selected.
18:12:27 INFO  : System reset is completed.
18:12:30 INFO  : 'after 3000' command is executed.
18:12:30 INFO  : Context for processor 'microblaze_0' is selected.
18:12:30 INFO  : The application 'C:/385/project_6final/workspace6thursdayball/mb62attempt2/Debug/mb62attempt2.elf' is downloaded to processor 'microblaze_0'.
18:12:30 INFO  : ----------------XSDB Script----------------
connect -url tcp:127.0.0.1:3121
targets -set -filter {jtag_cable_name =~ "RealDigital Boo 88742923028BA" && level==0 && jtag_device_ctx=="jsn1-0362f093-0"}
fpga -file C:/385/project_6final/workspace6thursdayball/mb62attempt2/_ide/bitstream/mb_usb_hdmi_topbitstreamthursday.bit
targets -set -nocase -filter {name =~ "*microblaze*#0" && bscan=="USER2" }
loadhw -hw C:/385/project_6final/workspace6thursdayball/mb_usb_hdmi_topbitstreamthursday/export/mb_usb_hdmi_topbitstreamthursday/hw/mb_usb_hdmi_topbitstreamthursday.xsa -regs
configparams mdm-detect-bscan-mask 2
targets -set -nocase -filter {name =~ "*microblaze*#0" && bscan=="USER2" }
rst -system
after 3000
targets -set -nocase -filter {name =~ "*microblaze*#0" && bscan=="USER2" }
dow C:/385/project_6final/workspace6thursdayball/mb62attempt2/Debug/mb62attempt2.elf
----------------End of Script----------------

18:12:30 INFO  : Context for processor 'microblaze_0' is selected.
18:12:30 INFO  : 'con' command is executed.
18:12:30 INFO  : ----------------XSDB Script (After Launch)----------------
targets -set -nocase -filter {name =~ "*microblaze*#0" && bscan=="USER2" }
con
----------------End of Script----------------

18:12:30 INFO  : Disconnected from the channel tcfchan#6.
