11:20:13 DEBUG : Logs will be stored at 'C:/385/project_6final/hopefulbitstream62ready/IDE.log'.
11:20:17 INFO  : Platform repository initialization has completed.
11:20:17 INFO  : Launching XSCT server: xsct.bat -n  -interactive C:\385\project_6final\hopefulbitstream62ready\temp_xsdb_launch_script.tcl
11:20:18 INFO  : Registering command handlers for Vitis TCF services
11:20:25 INFO  : XSCT server has started successfully.
11:20:25 INFO  : Successfully done setting XSCT server connection channel  
11:20:25 INFO  : plnx-install-location is set to ''
11:20:36 INFO  : Successfully done setting workspace for the tool. 
11:20:36 INFO  : Successfully done query RDI_DATADIR 
11:21:06 INFO  : Result from executing command 'getProjects': 62bitstreamready
11:21:06 INFO  : Result from executing command 'getPlatforms': 
11:21:06 WARN  : An unexpected exception occurred in the module 'platform project logging'
11:21:07 INFO  : Platform '62bitstreamready' is added to custom repositories.
11:21:10 INFO  : Platform '62bitstreamready' is added to custom repositories.
11:22:32 INFO  : Result from executing command 'removePlatformRepo': 
11:22:47 INFO  : Result from executing command 'getProjects': 62bitstreamready
11:22:47 INFO  : Result from executing command 'getPlatforms': 
11:22:48 INFO  : Checking for BSP changes to sync application flags for project '62readysubmit'...
11:23:13 INFO  : Result from executing command 'removePlatformRepo': 
11:23:27 INFO  : Result from executing command 'getProjects': 62bitstreamready
11:23:27 INFO  : Result from executing command 'getPlatforms': 
11:23:27 INFO  : Checking for BSP changes to sync application flags for project '62readysubmit'...
11:23:58 INFO  : Connected to target on host '127.0.0.1' and port '3121'.
11:23:59 INFO  : Jtag cable 'RealDigital Boo 88742923028BA' is selected.
11:23:59 INFO  : 'jtag frequency' command is executed.
11:23:59 INFO  : 'targets -set -filter {jtag_cable_name =~ "RealDigital Boo 88742923028BA" && level==0 && jtag_device_ctx=="jsn1-0362f093-0"}' command is executed.
11:24:01 INFO  : Device configured successfully with "C:/385/project_6final/hopefulbitstream62ready/62readysubmit/_ide/bitstream/62bitstreamready.bit"
11:24:01 INFO  : Context for processor 'microblaze_0' is selected.
11:24:01 INFO  : Hardware design and registers information is loaded from 'C:/385/project_6final/hopefulbitstream62ready/62bitstreamready/export/62bitstreamready/hw/62bitstreamready.xsa'.
11:24:01 INFO  : 'configparams mdm-detect-bscan-mask 2' command is executed.
11:24:01 INFO  : Context for processor 'microblaze_0' is selected.
11:24:01 INFO  : System reset is completed.
11:24:04 INFO  : 'after 3000' command is executed.
11:24:04 INFO  : Context for processor 'microblaze_0' is selected.
11:24:04 INFO  : The application 'C:/385/project_6final/hopefulbitstream62ready/62readysubmit/Debug/62readysubmit.elf' is downloaded to processor 'microblaze_0'.
11:24:04 INFO  : ----------------XSDB Script----------------
connect -url tcp:127.0.0.1:3121
targets -set -filter {jtag_cable_name =~ "RealDigital Boo 88742923028BA" && level==0 && jtag_device_ctx=="jsn1-0362f093-0"}
fpga -file C:/385/project_6final/hopefulbitstream62ready/62readysubmit/_ide/bitstream/62bitstreamready.bit
targets -set -nocase -filter {name =~ "*microblaze*#0" && bscan=="USER2" }
loadhw -hw C:/385/project_6final/hopefulbitstream62ready/62bitstreamready/export/62bitstreamready/hw/62bitstreamready.xsa -regs
configparams mdm-detect-bscan-mask 2
targets -set -nocase -filter {name =~ "*microblaze*#0" && bscan=="USER2" }
rst -system
after 3000
targets -set -nocase -filter {name =~ "*microblaze*#0" && bscan=="USER2" }
dow C:/385/project_6final/hopefulbitstream62ready/62readysubmit/Debug/62readysubmit.elf
----------------End of Script----------------

11:24:04 INFO  : Context for processor 'microblaze_0' is selected.
11:24:04 INFO  : 'con' command is executed.
11:24:04 INFO  : ----------------XSDB Script (After Launch)----------------
targets -set -nocase -filter {name =~ "*microblaze*#0" && bscan=="USER2" }
con
----------------End of Script----------------

11:24:04 INFO  : Disconnected from the channel tcfchan#5.
11:34:26 DEBUG : Logs will be stored at 'C:/385/project_6final/hopefulbitstream62ready/IDE.log'.
11:34:27 INFO  : Launching XSCT server: xsct.bat -n  -interactive C:\385\project_6final\hopefulbitstream62ready\temp_xsdb_launch_script.tcl
11:34:32 INFO  : XSCT server has started successfully.
11:34:32 INFO  : Successfully done setting XSCT server connection channel  
11:34:32 INFO  : plnx-install-location is set to ''
11:34:32 INFO  : Successfully done setting workspace for the tool. 
11:34:33 INFO  : Platform repository initialization has completed.
11:34:33 INFO  : Registering command handlers for Vitis TCF services
11:34:33 INFO  : Successfully done query RDI_DATADIR 
11:34:48 INFO  : Result from executing command 'removePlatformRepo': 
11:35:03 INFO  : Result from executing command 'getProjects': 62bitstreamready
11:35:03 INFO  : Result from executing command 'getPlatforms': 
11:35:03 INFO  : Checking for BSP changes to sync application flags for project '62readysubmit'...
