15:11:50 DEBUG : Logs will be stored at 'C:/385/lab67redo/justvals/IDE.log'.
15:11:55 INFO  : Platform repository initialization has completed.
15:11:55 INFO  : Launching XSCT server: xsct.bat -n  -interactive C:\385\lab67redo\justvals\temp_xsdb_launch_script.tcl
15:11:55 INFO  : Registering command handlers for Vitis TCF services
15:11:59 INFO  : XSCT server has started successfully.
15:12:00 INFO  : Successfully done setting XSCT server connection channel  
15:12:00 INFO  : plnx-install-location is set to ''
15:12:00 INFO  : Successfully done query RDI_DATADIR 
15:12:00 INFO  : Successfully done setting workspace for the tool. 
15:12:53 ERROR : (XSDB Server)ERROR: [Hsi 55-1562] Source directory C:/385/lab67redo/justvals/whatodo/hw/drivers\hdmi_text_controller_v1_0/src does not exist or is not a directory.

15:12:55 INFO  : Result from executing command 'getProjects': whatodo
15:12:55 INFO  : Result from executing command 'getPlatforms': 
15:12:55 WARN  : An unexpected exception occurred in the module 'platform project logging'
15:12:56 INFO  : Platform 'whatodo' is added to custom repositories.
15:12:59 INFO  : Platform 'whatodo' is added to custom repositories.
15:15:13 INFO  : Result from executing command 'removePlatformRepo': 
15:15:24 INFO  : Result from executing command 'getProjects': whatodo
15:15:24 INFO  : Result from executing command 'getPlatforms': 
15:15:24 INFO  : Checking for BSP changes to sync application flags for project 'tikitaki'...
15:16:28 INFO  : Connected to target on host '127.0.0.1' and port '3121'.
15:16:28 INFO  : Jtag cable 'RealDigital Boo 8874292301EDA' is selected.
15:16:28 INFO  : 'jtag frequency' command is executed.
15:16:28 INFO  : 'targets -set -filter {jtag_cable_name =~ "RealDigital Boo 8874292301EDA" && level==0 && jtag_device_ctx=="jsn1-0362f093-0"}' command is executed.
15:16:30 INFO  : Device configured successfully with "C:/385/lab67redo/justvals/tikitaki/_ide/bitstream/whatodo.bit"
15:16:30 INFO  : Context for processor 'microblaze_0' is selected.
15:16:30 INFO  : Hardware design and registers information is loaded from 'C:/385/lab67redo/justvals/whatodo/export/whatodo/hw/whatodo.xsa'.
15:16:30 INFO  : 'configparams mdm-detect-bscan-mask 2' command is executed.
15:16:30 INFO  : Context for processor 'microblaze_0' is selected.
15:16:30 INFO  : System reset is completed.
15:16:33 INFO  : 'after 3000' command is executed.
15:16:33 INFO  : Context for processor 'microblaze_0' is selected.
15:16:34 INFO  : The application 'C:/385/lab67redo/justvals/tikitaki/Debug/tikitaki.elf' is downloaded to processor 'microblaze_0'.
15:16:34 INFO  : ----------------XSDB Script----------------
connect -url tcp:127.0.0.1:3121
targets -set -filter {jtag_cable_name =~ "RealDigital Boo 8874292301EDA" && level==0 && jtag_device_ctx=="jsn1-0362f093-0"}
fpga -file C:/385/lab67redo/justvals/tikitaki/_ide/bitstream/whatodo.bit
targets -set -nocase -filter {name =~ "*microblaze*#0" && bscan=="USER2" }
loadhw -hw C:/385/lab67redo/justvals/whatodo/export/whatodo/hw/whatodo.xsa -regs
configparams mdm-detect-bscan-mask 2
targets -set -nocase -filter {name =~ "*microblaze*#0" && bscan=="USER2" }
rst -system
after 3000
targets -set -nocase -filter {name =~ "*microblaze*#0" && bscan=="USER2" }
dow C:/385/lab67redo/justvals/tikitaki/Debug/tikitaki.elf
----------------End of Script----------------

15:16:34 INFO  : Context for processor 'microblaze_0' is selected.
15:16:34 INFO  : 'con' command is executed.
15:16:34 INFO  : ----------------XSDB Script (After Launch)----------------
targets -set -nocase -filter {name =~ "*microblaze*#0" && bscan=="USER2" }
con
----------------End of Script----------------

15:16:34 INFO  : Disconnected from the channel tcfchan#3.
15:36:15 INFO  : Checking for BSP changes to sync application flags for project 'tikitaki'...
15:36:47 INFO  : Connected to target on host '127.0.0.1' and port '3121'.
15:36:47 INFO  : Jtag cable 'RealDigital Boo 8874292301EDA' is selected.
15:36:47 INFO  : 'jtag frequency' command is executed.
15:36:47 INFO  : 'targets -set -filter {jtag_cable_name =~ "RealDigital Boo 8874292301EDA" && level==0 && jtag_device_ctx=="jsn1-0362f093-0"}' command is executed.
15:36:48 INFO  : Device configured successfully with "C:/385/lab67redo/justvals/tikitaki/_ide/bitstream/whatodo.bit"
15:36:48 INFO  : Context for processor 'microblaze_0' is selected.
15:36:48 INFO  : Hardware design and registers information is loaded from 'C:/385/lab67redo/justvals/whatodo/export/whatodo/hw/whatodo.xsa'.
15:36:48 INFO  : 'configparams mdm-detect-bscan-mask 2' command is executed.
15:36:48 INFO  : Context for processor 'microblaze_0' is selected.
15:36:48 INFO  : System reset is completed.
15:36:51 INFO  : 'after 3000' command is executed.
15:36:51 INFO  : Context for processor 'microblaze_0' is selected.
15:36:52 INFO  : The application 'C:/385/lab67redo/justvals/tikitaki/Debug/tikitaki.elf' is downloaded to processor 'microblaze_0'.
15:36:52 INFO  : ----------------XSDB Script----------------
connect -url tcp:127.0.0.1:3121
targets -set -filter {jtag_cable_name =~ "RealDigital Boo 8874292301EDA" && level==0 && jtag_device_ctx=="jsn1-0362f093-0"}
fpga -file C:/385/lab67redo/justvals/tikitaki/_ide/bitstream/whatodo.bit
targets -set -nocase -filter {name =~ "*microblaze*#0" && bscan=="USER2" }
loadhw -hw C:/385/lab67redo/justvals/whatodo/export/whatodo/hw/whatodo.xsa -regs
configparams mdm-detect-bscan-mask 2
targets -set -nocase -filter {name =~ "*microblaze*#0" && bscan=="USER2" }
rst -system
after 3000
targets -set -nocase -filter {name =~ "*microblaze*#0" && bscan=="USER2" }
dow C:/385/lab67redo/justvals/tikitaki/Debug/tikitaki.elf
----------------End of Script----------------

15:36:52 INFO  : Context for processor 'microblaze_0' is selected.
15:36:52 INFO  : 'con' command is executed.
15:36:52 INFO  : ----------------XSDB Script (After Launch)----------------
targets -set -nocase -filter {name =~ "*microblaze*#0" && bscan=="USER2" }
con
----------------End of Script----------------

15:36:52 INFO  : Disconnected from the channel tcfchan#4.
15:42:35 INFO  : Checking for BSP changes to sync application flags for project 'tikitaki'...
15:42:53 INFO  : Connected to target on host '127.0.0.1' and port '3121'.
15:42:53 INFO  : Jtag cable 'RealDigital Boo 8874292301EDA' is selected.
15:42:53 INFO  : 'jtag frequency' command is executed.
15:42:54 INFO  : 'targets -set -filter {jtag_cable_name =~ "RealDigital Boo 8874292301EDA" && level==0 && jtag_device_ctx=="jsn1-0362f093-0"}' command is executed.
15:42:55 INFO  : Device configured successfully with "C:/385/lab67redo/justvals/tikitaki/_ide/bitstream/whatodo.bit"
15:42:55 INFO  : Context for processor 'microblaze_0' is selected.
15:42:55 INFO  : Hardware design and registers information is loaded from 'C:/385/lab67redo/justvals/whatodo/export/whatodo/hw/whatodo.xsa'.
15:42:55 INFO  : 'configparams mdm-detect-bscan-mask 2' command is executed.
15:42:55 INFO  : Context for processor 'microblaze_0' is selected.
15:42:55 INFO  : System reset is completed.
15:42:58 INFO  : 'after 3000' command is executed.
15:42:58 INFO  : Context for processor 'microblaze_0' is selected.
15:42:58 INFO  : The application 'C:/385/lab67redo/justvals/tikitaki/Debug/tikitaki.elf' is downloaded to processor 'microblaze_0'.
15:42:58 INFO  : ----------------XSDB Script----------------
connect -url tcp:127.0.0.1:3121
targets -set -filter {jtag_cable_name =~ "RealDigital Boo 8874292301EDA" && level==0 && jtag_device_ctx=="jsn1-0362f093-0"}
fpga -file C:/385/lab67redo/justvals/tikitaki/_ide/bitstream/whatodo.bit
targets -set -nocase -filter {name =~ "*microblaze*#0" && bscan=="USER2" }
loadhw -hw C:/385/lab67redo/justvals/whatodo/export/whatodo/hw/whatodo.xsa -regs
configparams mdm-detect-bscan-mask 2
targets -set -nocase -filter {name =~ "*microblaze*#0" && bscan=="USER2" }
rst -system
after 3000
targets -set -nocase -filter {name =~ "*microblaze*#0" && bscan=="USER2" }
dow C:/385/lab67redo/justvals/tikitaki/Debug/tikitaki.elf
----------------End of Script----------------

15:42:58 INFO  : Context for processor 'microblaze_0' is selected.
15:42:58 INFO  : 'con' command is executed.
15:42:58 INFO  : ----------------XSDB Script (After Launch)----------------
targets -set -nocase -filter {name =~ "*microblaze*#0" && bscan=="USER2" }
con
----------------End of Script----------------

15:42:58 INFO  : Disconnected from the channel tcfchan#5.
15:43:52 INFO  : Checking for BSP changes to sync application flags for project 'tikitaki'...
15:43:57 INFO  : Connected to target on host '127.0.0.1' and port '3121'.
15:43:57 INFO  : Jtag cable 'RealDigital Boo 8874292301EDA' is selected.
15:43:57 INFO  : 'jtag frequency' command is executed.
15:43:57 INFO  : 'targets -set -filter {jtag_cable_name =~ "RealDigital Boo 8874292301EDA" && level==0 && jtag_device_ctx=="jsn1-0362f093-0"}' command is executed.
15:43:59 INFO  : Device configured successfully with "C:/385/lab67redo/justvals/tikitaki/_ide/bitstream/whatodo.bit"
15:43:59 INFO  : Context for processor 'microblaze_0' is selected.
15:43:59 INFO  : Hardware design and registers information is loaded from 'C:/385/lab67redo/justvals/whatodo/export/whatodo/hw/whatodo.xsa'.
15:43:59 INFO  : 'configparams mdm-detect-bscan-mask 2' command is executed.
15:43:59 INFO  : Context for processor 'microblaze_0' is selected.
15:43:59 INFO  : System reset is completed.
15:44:02 INFO  : 'after 3000' command is executed.
15:44:02 INFO  : Context for processor 'microblaze_0' is selected.
15:44:02 INFO  : The application 'C:/385/lab67redo/justvals/tikitaki/Debug/tikitaki.elf' is downloaded to processor 'microblaze_0'.
15:44:02 INFO  : ----------------XSDB Script----------------
connect -url tcp:127.0.0.1:3121
targets -set -filter {jtag_cable_name =~ "RealDigital Boo 8874292301EDA" && level==0 && jtag_device_ctx=="jsn1-0362f093-0"}
fpga -file C:/385/lab67redo/justvals/tikitaki/_ide/bitstream/whatodo.bit
targets -set -nocase -filter {name =~ "*microblaze*#0" && bscan=="USER2" }
loadhw -hw C:/385/lab67redo/justvals/whatodo/export/whatodo/hw/whatodo.xsa -regs
configparams mdm-detect-bscan-mask 2
targets -set -nocase -filter {name =~ "*microblaze*#0" && bscan=="USER2" }
rst -system
after 3000
targets -set -nocase -filter {name =~ "*microblaze*#0" && bscan=="USER2" }
dow C:/385/lab67redo/justvals/tikitaki/Debug/tikitaki.elf
----------------End of Script----------------

15:44:02 INFO  : Context for processor 'microblaze_0' is selected.
15:44:02 INFO  : 'con' command is executed.
15:44:02 INFO  : ----------------XSDB Script (After Launch)----------------
targets -set -nocase -filter {name =~ "*microblaze*#0" && bscan=="USER2" }
con
----------------End of Script----------------

15:44:02 INFO  : Disconnected from the channel tcfchan#6.
15:49:03 INFO  : Result from executing command 'removePlatformRepo': 
15:49:10 INFO  : Result from executing command 'getProjects': whatodo
15:49:10 INFO  : Result from executing command 'getPlatforms': 
15:49:11 INFO  : Checking for BSP changes to sync application flags for project 'tikitaki'...
15:49:18 INFO  : Connected to target on host '127.0.0.1' and port '3121'.
15:49:18 INFO  : Jtag cable 'RealDigital Boo 8874292301EDA' is selected.
15:49:18 INFO  : 'jtag frequency' command is executed.
15:49:19 INFO  : 'targets -set -filter {jtag_cable_name =~ "RealDigital Boo 8874292301EDA" && level==0 && jtag_device_ctx=="jsn1-0362f093-0"}' command is executed.
15:49:20 INFO  : Device configured successfully with "C:/385/lab67redo/justvals/tikitaki/_ide/bitstream/whatodo.bit"
15:49:20 INFO  : Context for processor 'microblaze_0' is selected.
15:49:20 INFO  : Hardware design and registers information is loaded from 'C:/385/lab67redo/justvals/whatodo/export/whatodo/hw/whatodo.xsa'.
15:49:20 INFO  : 'configparams mdm-detect-bscan-mask 2' command is executed.
15:49:20 INFO  : Context for processor 'microblaze_0' is selected.
15:49:20 INFO  : System reset is completed.
15:49:23 INFO  : 'after 3000' command is executed.
15:49:23 INFO  : Context for processor 'microblaze_0' is selected.
15:49:24 INFO  : The application 'C:/385/lab67redo/justvals/tikitaki/Debug/tikitaki.elf' is downloaded to processor 'microblaze_0'.
15:49:24 INFO  : ----------------XSDB Script----------------
connect -url tcp:127.0.0.1:3121
targets -set -filter {jtag_cable_name =~ "RealDigital Boo 8874292301EDA" && level==0 && jtag_device_ctx=="jsn1-0362f093-0"}
fpga -file C:/385/lab67redo/justvals/tikitaki/_ide/bitstream/whatodo.bit
targets -set -nocase -filter {name =~ "*microblaze*#0" && bscan=="USER2" }
loadhw -hw C:/385/lab67redo/justvals/whatodo/export/whatodo/hw/whatodo.xsa -regs
configparams mdm-detect-bscan-mask 2
targets -set -nocase -filter {name =~ "*microblaze*#0" && bscan=="USER2" }
rst -system
after 3000
targets -set -nocase -filter {name =~ "*microblaze*#0" && bscan=="USER2" }
dow C:/385/lab67redo/justvals/tikitaki/Debug/tikitaki.elf
----------------End of Script----------------

15:49:24 INFO  : Context for processor 'microblaze_0' is selected.
15:49:24 INFO  : 'con' command is executed.
15:49:24 INFO  : ----------------XSDB Script (After Launch)----------------
targets -set -nocase -filter {name =~ "*microblaze*#0" && bscan=="USER2" }
con
----------------End of Script----------------

15:49:24 INFO  : Disconnected from the channel tcfchan#9.
