05:14:11 DEBUG : Logs will be stored at 'C:/385/lab67redo/ryanturn/IDE.log'.
05:14:15 INFO  : Platform repository initialization has completed.
05:14:15 INFO  : Launching XSCT server: xsct.bat -n  -interactive C:\385\lab67redo\ryanturn\temp_xsdb_launch_script.tcl
05:14:15 INFO  : Registering command handlers for Vitis TCF services
05:14:20 INFO  : XSCT server has started successfully.
05:14:20 INFO  : Successfully done setting XSCT server connection channel  
05:14:20 INFO  : plnx-install-location is set to ''
05:14:20 INFO  : Successfully done query RDI_DATADIR 
05:14:20 INFO  : Successfully done setting workspace for the tool. 
05:15:15 ERROR : (XSDB Server)ERROR: [Hsi 55-1562] Source directory C:/385/lab67redo/ryanturn/mb_usb_hdmi_top3/hw/drivers\hdmi_text_controller_v1_0/src does not exist or is not a directory.

05:15:17 INFO  : Result from executing command 'getProjects': mb_usb_hdmi_top3
05:15:17 INFO  : Result from executing command 'getPlatforms': 
05:15:17 WARN  : An unexpected exception occurred in the module 'platform project logging'
05:15:18 INFO  : Platform 'mb_usb_hdmi_top3' is added to custom repositories.
05:15:21 INFO  : Platform 'mb_usb_hdmi_top3' is added to custom repositories.
05:18:26 INFO  : Result from executing command 'removePlatformRepo': 
05:18:37 INFO  : Result from executing command 'getProjects': mb_usb_hdmi_top3
05:18:37 INFO  : Result from executing command 'getPlatforms': 
05:18:38 INFO  : Checking for BSP changes to sync application flags for project 'ryanturn'...
05:19:04 INFO  : Connected to target on host '127.0.0.1' and port '3121'.
05:19:05 INFO  : Jtag cable 'RealDigital Boo 88742923028BA' is selected.
05:19:05 INFO  : 'jtag frequency' command is executed.
05:19:05 INFO  : 'targets -set -filter {jtag_cable_name =~ "RealDigital Boo 88742923028BA" && level==0 && jtag_device_ctx=="jsn1-0362f093-0"}' command is executed.
05:19:06 INFO  : Device configured successfully with "C:/385/lab67redo/ryanturn/ryanturn/_ide/bitstream/mb_usb_hdmi_top3.bit"
05:19:06 INFO  : Context for processor 'microblaze_0' is selected.
05:19:06 INFO  : Hardware design and registers information is loaded from 'C:/385/lab67redo/ryanturn/mb_usb_hdmi_top3/export/mb_usb_hdmi_top3/hw/mb_usb_hdmi_top3.xsa'.
05:19:06 INFO  : 'configparams mdm-detect-bscan-mask 2' command is executed.
05:19:07 INFO  : Context for processor 'microblaze_0' is selected.
05:19:07 INFO  : System reset is completed.
05:19:10 INFO  : 'after 3000' command is executed.
05:19:10 INFO  : Context for processor 'microblaze_0' is selected.
05:19:10 INFO  : The application 'C:/385/lab67redo/ryanturn/ryanturn/Debug/ryanturn.elf' is downloaded to processor 'microblaze_0'.
05:19:10 INFO  : ----------------XSDB Script----------------
connect -url tcp:127.0.0.1:3121
targets -set -filter {jtag_cable_name =~ "RealDigital Boo 88742923028BA" && level==0 && jtag_device_ctx=="jsn1-0362f093-0"}
fpga -file C:/385/lab67redo/ryanturn/ryanturn/_ide/bitstream/mb_usb_hdmi_top3.bit
targets -set -nocase -filter {name =~ "*microblaze*#0" && bscan=="USER2" }
loadhw -hw C:/385/lab67redo/ryanturn/mb_usb_hdmi_top3/export/mb_usb_hdmi_top3/hw/mb_usb_hdmi_top3.xsa -regs
configparams mdm-detect-bscan-mask 2
targets -set -nocase -filter {name =~ "*microblaze*#0" && bscan=="USER2" }
rst -system
after 3000
targets -set -nocase -filter {name =~ "*microblaze*#0" && bscan=="USER2" }
dow C:/385/lab67redo/ryanturn/ryanturn/Debug/ryanturn.elf
----------------End of Script----------------

05:19:10 INFO  : Context for processor 'microblaze_0' is selected.
05:19:10 INFO  : 'con' command is executed.
05:19:10 INFO  : ----------------XSDB Script (After Launch)----------------
targets -set -nocase -filter {name =~ "*microblaze*#0" && bscan=="USER2" }
con
----------------End of Script----------------

05:19:10 INFO  : Disconnected from the channel tcfchan#3.
